#                                                                            --- full sequence --- -------------- this domain -------------   hmm coord   ali coord   env coord
# target name        accession   tlen query name           accession   qlen   E-value  score  bias   #  of  c-Evalue  i-Evalue  score  bias  from    to  from    to  from    to  acc description of target
#------------------- ---------- ----- -------------------- ---------- ----- --------- ------ ----- --- --- --------- --------- ------ ----- ----- ----- ----- ----- ----- ----- ---- ---------------------
g1207.t1             -            257 129924at2157         -             26   0.00025   17.8   0.4   1   2      0.62   3.1e+02   -1.7   0.0    16    23   132   139   131   139 0.86 -
g1207.t1             -            257 129924at2157         -             26   0.00025   17.8   0.4   2   2   2.1e-06    0.0011   15.8   0.1    11    21   184   194   182   195 0.88 -
g353.t1              -            321 129924at2157         -             26     0.002   14.9   4.3   1   3      0.39     2e+02   -1.1   1.4    13    18    54    59    53    63 0.72 -
g353.t1              -            321 129924at2157         -             26     0.002   14.9   4.3   2   3     4e-06     0.002   14.9   4.3     3    18    76    91    75    93 0.95 -
g353.t1              -            321 129924at2157         -             26     0.002   14.9   4.3   3   3       2.3   1.2e+03   -3.5   0.1    14    16   143   145   142   148 0.80 -
g499.t1              -            326 129924at2157         -             26     0.022   11.6   3.1   1   2    0.0029       1.4    5.8   0.3    10    20    39    49    38    50 0.83 -
g499.t1              -            326 129924at2157         -             26     0.022   11.6   3.1   2   2    0.0029       1.5    5.8   0.2    12    24    78    90    75    91 0.76 -
g1737.t1             -            151 129924at2157         -             26      0.72    6.7  12.1   1   2      0.01         5    4.0   1.2     2    17    93   108    92   111 0.71 -
g1737.t1             -            151 129924at2157         -             26      0.72    6.7  12.1   2   2   0.00095      0.48    7.3   3.2     2    20   129   147   129   147 0.96 -
g493.t1              -            383 129924at2157         -             26      0.73    6.7  13.9   1   3       0.6     3e+02   -1.7   0.2    13    17   133   137   132   138 0.85 -
g493.t1              -            383 129924at2157         -             26      0.73    6.7  13.9   2   3   1.3e-05    0.0066   13.2   4.2     3    20   155   172   154   173 0.95 -
g493.t1              -            383 129924at2157         -             26      0.73    6.7  13.9   3   3       3.5   1.8e+03   -4.1   0.1    14    16   222   224   221   226 0.85 -
#
# Program:         hmmsearch
# Version:         3.2.1 (June 2018)
# Pipeline mode:   SEARCH
# Query file:      /labs/Wegrzyn/bikash/botany2021/braker/busco_downloads/lineages/archaea_odb10/hmms/129924at2157.hmm
# Target file:     /labs/Wegrzyn/bikash/botany2021/braker/braker/augustus.hints.aa
# Option settings: /isg/shared/apps/hmmer/3.2.1/bin/hmmsearch --domtblout /labs/Wegrzyn/bikash/botany2021/braker/busco_output/auto_lineage/run_archaea_odb10/hmmer_output/129924at2157.out --cpu 1 /labs/Wegrzyn/bikash/botany2021/braker/busco_downloads/lineages/archaea_odb10/hmms/129924at2157.hmm /labs/Wegrzyn/bikash/botany2021/braker/braker/augustus.hints.aa 
# Current dir:     /labs/Wegrzyn/bikash/botany2021/braker
# Date:            Thu Jul 15 15:21:13 2021
# [ok]
