#                                                                            --- full sequence --- -------------- this domain -------------   hmm coord   ali coord   env coord
# target name        accession   tlen query name           accession   qlen   E-value  score  bias   #  of  c-Evalue  i-Evalue  score  bias  from    to  from    to  from    to  acc description of target
#------------------- ---------- ----- -------------------- ---------- ----- --------- ------ ----- --- --- --------- --------- ------ ----- ----- ----- ----- ----- ----- ----- ---- ---------------------
g968.t1              -            632 13010at2157          -            494   5.1e-26   88.7   0.0   1   4     0.017       3.1    3.6   0.0   301   321   128   148   106   158 0.66 -
g968.t1              -            632 13010at2157          -            494   5.1e-26   88.7   0.0   2   4   8.7e-11   1.6e-08   31.0   0.0   353   429   239   314   226   334 0.83 -
g968.t1              -            632 13010at2157          -            494   5.1e-26   88.7   0.0   3   4   1.1e-06    0.0002   17.4   0.0    82   134   445   497   439   518 0.70 -
g968.t1              -            632 13010at2157          -            494   5.1e-26   88.7   0.0   4   4   1.1e-10     2e-08   30.7   0.0   359   436   531   607   524   614 0.91 -
g1779.t1             -           1248 13010at2157          -            494   1.9e-19   67.0   1.0   1   4     0.078        14    1.5   0.0    78   100   383   405   373   415 0.59 -
g1779.t1             -           1248 13010at2157          -            494   1.9e-19   67.0   1.0   2   4   1.1e-09     2e-07   27.4   0.1   362   452   494   585   479   595 0.82 -
g1779.t1             -           1248 13010at2157          -            494   1.9e-19   67.0   1.0   3   4     0.011         2    4.3   0.0    78   108  1029  1059  1020  1117 0.69 -
g1779.t1             -           1248 13010at2157          -            494   1.9e-19   67.0   1.0   4   4   3.7e-10   6.7e-08   28.9   0.0   362   443  1141  1223  1133  1232 0.88 -
g1600.t1             -           1456 13010at2157          -            494   6.4e-14   48.8   0.1   1   4     6e-05     0.011   11.8   0.0   297   340   194   237   175   262 0.84 -
g1600.t1             -           1456 13010at2157          -            494   6.4e-14   48.8   0.1   2   4   7.1e-05     0.013   11.5   0.0   174   411   344   394   303   408 0.67 -
g1600.t1             -           1456 13010at2157          -            494   6.4e-14   48.8   0.1   3   4    0.0051      0.92    5.4   0.0   298   327   886   915   873   933 0.75 -
g1600.t1             -           1456 13010at2157          -            494   6.4e-14   48.8   0.1   4   4   8.8e-06    0.0016   14.5   0.0   356   416   998  1058   966  1071 0.78 -
g1993.t1             -            307 13010at2157          -            494   1.1e-13   48.0   0.1   1   2   8.2e-09   1.5e-06   24.5   0.1   298   340    79   124    67   135 0.82 -
g1993.t1             -            307 13010at2157          -            494   1.1e-13   48.0   0.1   2   2   6.5e-08   1.2e-05   21.5   0.0   352   427   192   269   179   286 0.81 -
g284.t2              -            944 13010at2157          -            494   1.6e-13   47.4   0.0   1   2   3.4e-07   6.2e-05   19.1   0.0   299   336   652   689   640   724 0.79 -
g284.t2              -            944 13010at2157          -            494   1.6e-13   47.4   0.0   2   2   3.2e-09   5.8e-07   25.8   0.0   347   434   746   834   737   849 0.87 -
g284.t1              -            967 13010at2157          -            494   1.7e-13   47.4   0.0   1   2   3.5e-07   6.4e-05   19.1   0.0   299   336   675   712   663   747 0.79 -
g284.t1              -            967 13010at2157          -            494   1.7e-13   47.4   0.0   2   2   3.3e-09     6e-07   25.8   0.0   347   434   769   857   760   872 0.87 -
g762.t2              -            681 13010at2157          -            494   2.5e-13   46.9   0.0   1   2   1.9e-11   3.4e-09   33.2   0.0    77   221   102   262    93   264 0.77 -
g762.t2              -            681 13010at2157          -            494   2.5e-13   46.9   0.0   2   2   1.6e-07   2.9e-05   20.2   0.0   357   415   211   269   186   314 0.75 -
g762.t1              -            682 13010at2157          -            494   2.5e-13   46.8   0.0   1   2   1.9e-11   3.5e-09   33.2   0.0    77   221   102   262    93   264 0.77 -
g762.t1              -            682 13010at2157          -            494   2.5e-13   46.8   0.0   2   2   1.6e-07   2.9e-05   20.2   0.0   357   415   211   269   186   314 0.75 -
g740.t3              -            395 13010at2157          -            494   6.2e-11   38.9   0.0   1   2     0.015       2.8    3.8   0.0   306   331   131   156    94   172 0.78 -
g740.t3              -            395 13010at2157          -            494   6.2e-11   38.9   0.0   2   2   2.1e-11   3.8e-09   33.0   0.0   357   429   238   311   224   318 0.88 -
g740.t2              -            438 13010at2157          -            494   9.8e-11   38.3   0.0   1   2     0.022       3.9    3.3   0.0   307   331   175   199   160   215 0.76 -
g740.t2              -            438 13010at2157          -            494   9.8e-11   38.3   0.0   2   2   2.6e-11   4.7e-09   32.7   0.0   357   429   281   354   268   361 0.88 -
g740.t1              -            349 13010at2157          -            494   1.5e-10   37.6   0.0   1   2     0.016       2.9    3.7   0.0   307   331   175   199   160   215 0.76 -
g740.t1              -            349 13010at2157          -            494   1.5e-10   37.6   0.0   2   2   4.7e-11   8.5e-09   31.9   0.0   357   421   281   346   267   348 0.90 -
g695.t1              -            721 13010at2157          -            494   2.1e-10   37.2   0.0   1   2   0.00022     0.039    9.9   0.0   298   327   108   137   102   145 0.83 -
g695.t1              -            721 13010at2157          -            494   2.1e-10   37.2   0.0   2   2   5.6e-09     1e-06   25.0   0.0   361   417   225   281   208   312 0.85 -
g1182.t1             -            631 13010at2157          -            494   0.00053   16.1   0.0   1   2   0.00018     0.032   10.2   0.0    78   106    76   104    69   120 0.88 -
g1182.t1             -            631 13010at2157          -            494   0.00053   16.1   0.0   2   2     0.017         3    3.7   0.0   382   417   151   186   135   222 0.77 -
g1968.t1             -           1055 13010at2157          -            494    0.0027   13.7   0.1   1   1   2.4e-05    0.0043   13.1   0.1    77   109    69   101    62   115 0.87 -
#
# Program:         hmmsearch
# Version:         3.2.1 (June 2018)
# Pipeline mode:   SEARCH
# Query file:      /labs/Wegrzyn/bikash/botany2021/braker/busco_downloads/lineages/archaea_odb10/hmms/13010at2157.hmm
# Target file:     /labs/Wegrzyn/bikash/botany2021/braker/braker/augustus.hints.aa
# Option settings: /isg/shared/apps/hmmer/3.2.1/bin/hmmsearch --domtblout /labs/Wegrzyn/bikash/botany2021/braker/busco_output/auto_lineage/run_archaea_odb10/hmmer_output/13010at2157.out --cpu 1 /labs/Wegrzyn/bikash/botany2021/braker/busco_downloads/lineages/archaea_odb10/hmms/13010at2157.hmm /labs/Wegrzyn/bikash/botany2021/braker/braker/augustus.hints.aa 
# Current dir:     /labs/Wegrzyn/bikash/botany2021/braker
# Date:            Thu Jul 15 15:21:14 2021
# [ok]
