#                                                                            --- full sequence --- -------------- this domain -------------   hmm coord   ali coord   env coord
# target name        accession   tlen query name           accession   qlen   E-value  score  bias   #  of  c-Evalue  i-Evalue  score  bias  from    to  from    to  from    to  acc description of target
#------------------- ---------- ----- -------------------- ---------- ----- --------- ------ ----- --- --- --------- --------- ------ ----- ----- ----- ----- ----- ----- ----- ---- ---------------------
g422.t1              -            262 14889at2157          -            529    0.0064   12.1   2.8   1   1   1.7e-05    0.0083   11.7   2.8    63   113   120   172    89   177 0.62 -
g1223.t2             -            401 14889at2157          -            529      0.04    9.5   1.6   1   1   0.00016     0.081    8.4   1.6    51   113    83   143    52   169 0.59 -
g1223.t1             -            408 14889at2157          -            529     0.055    9.0   1.9   1   1   0.00022      0.11    8.0   1.9    51   113    83   143    52   168 0.59 -
g652.t1              -            339 14889at2157          -            529      0.64    5.5  10.6   1   2      0.13        67   -1.2   0.1   196   222   120   146   116   162 0.60 -
g652.t1              -            339 14889at2157          -            529      0.64    5.5  10.6   2   2     5e-05     0.025   10.1   2.3    50   139   174   263   152   277 0.81 -
g283.t1              -            317 14889at2157          -            529       1.3    4.4   8.3   1   2     0.016         8    1.9   0.6   172   213    28    69    18    76 0.57 -
g283.t1              -            317 14889at2157          -            529       1.3    4.4   8.3   2   2    0.0017      0.87    5.0   3.3   188   237    72   121    69   128 0.89 -
#
# Program:         hmmsearch
# Version:         3.2.1 (June 2018)
# Pipeline mode:   SEARCH
# Query file:      /labs/Wegrzyn/bikash/botany2021/braker/busco_downloads/lineages/archaea_odb10/hmms/14889at2157.hmm
# Target file:     /labs/Wegrzyn/bikash/botany2021/braker/braker/augustus.hints.aa
# Option settings: /isg/shared/apps/hmmer/3.2.1/bin/hmmsearch --domtblout /labs/Wegrzyn/bikash/botany2021/braker/busco_output/auto_lineage/run_archaea_odb10/hmmer_output/14889at2157.out --cpu 1 /labs/Wegrzyn/bikash/botany2021/braker/busco_downloads/lineages/archaea_odb10/hmms/14889at2157.hmm /labs/Wegrzyn/bikash/botany2021/braker/braker/augustus.hints.aa 
# Current dir:     /labs/Wegrzyn/bikash/botany2021/braker
# Date:            Thu Jul 15 15:21:14 2021
# [ok]
