#                                                                            --- full sequence --- -------------- this domain -------------   hmm coord   ali coord   env coord
# target name        accession   tlen query name           accession   qlen   E-value  score  bias   #  of  c-Evalue  i-Evalue  score  bias  from    to  from    to  from    to  acc description of target
#------------------- ---------- ----- -------------------- ---------- ----- --------- ------ ----- --- --- --------- --------- ------ ----- ----- ----- ----- ----- ----- ----- ---- ---------------------
g1109.t1             -            755 1642at2157           -            627   1.6e-77  258.0   0.1   1   3   6.7e-35   2.1e-32  109.0   0.0    13   145    64   199    52   237 0.90 -
g1109.t1             -            755 1642at2157           -            627   1.6e-77  258.0   0.1   2   3   1.6e-27     5e-25   84.6   0.0   215   418   328   544   312   550 0.83 -
g1109.t1             -            755 1642at2157           -            627   1.6e-77  258.0   0.1   3   3   2.5e-20   7.8e-18   60.8   0.0   474   623   598   753   584   754 0.87 -
g1573.t1             -            487 1642at2157           -            627   1.8e-23   79.4   0.8   1   2     2e-22   6.4e-20   67.7   0.1    16   149    90   222    81   237 0.88 -
g1573.t1             -            487 1642at2157           -            627   1.8e-23   79.4   0.8   2   2   5.2e-05     0.016   10.2   0.0   254   315   298   359   285   373 0.77 -
g1388.t1             -            450 1642at2157           -            627   3.6e-21   71.9   0.5   1   2   5.4e-20   1.7e-17   59.7   0.1    16   145    65   193    55   210 0.83 -
g1388.t1             -            450 1642at2157           -            627   3.6e-21   71.9   0.5   2   2   4.5e-05     0.014   10.4   0.0   255   303   266   315   256   351 0.72 -
g1355.t1             -            222 1642at2157           -            627   2.1e-10   36.3   0.1   1   1   1.1e-12   3.6e-10   35.5   0.1    16   115     8   120     1   181 0.77 -
g1358.t1             -            417 1642at2157           -            627     7e-10   34.6   0.6   1   2   4.7e-12   1.5e-09   33.5   0.1    16   115     8   120     1   183 0.76 -
g1358.t1             -            417 1642at2157           -            627     7e-10   34.6   0.6   2   2      0.29        92   -2.2   0.0   267   300   223   258   215   287 0.77 -
g1355.t2             -            426 1642at2157           -            627     8e-10   34.4   0.8   1   2   4.9e-12   1.6e-09   33.4   0.1    16   115     8   120     1   183 0.76 -
g1355.t2             -            426 1642at2157           -            627     8e-10   34.4   0.8   2   2      0.28        88   -2.1   0.1   267   301   223   259   215   291 0.77 -
g1357.t1             -            441 1642at2157           -            627   8.3e-10   34.3   0.6   1   2   5.7e-12   1.8e-09   33.2   0.1    16   115     8   120     1   181 0.78 -
g1357.t1             -            441 1642at2157           -            627   8.3e-10   34.3   0.6   2   2      0.33     1e+02   -2.3   0.0   268   300   248   282   240   311 0.78 -
g1353.t1             -            450 1642at2157           -            627   9.1e-10   34.2   0.6   1   2   5.9e-12   1.9e-09   33.2   0.1    16   115     8   120     1   181 0.78 -
g1353.t1             -            450 1642at2157           -            627   9.1e-10   34.2   0.6   2   2      0.32     1e+02   -2.3   0.0   268   301   248   283   240   314 0.77 -
#
# Program:         hmmsearch
# Version:         3.2.1 (June 2018)
# Pipeline mode:   SEARCH
# Query file:      /labs/Wegrzyn/bikash/botany2021/braker/busco_downloads/lineages/archaea_odb10/hmms/1642at2157.hmm
# Target file:     /labs/Wegrzyn/bikash/botany2021/braker/braker/augustus.hints.aa
# Option settings: /isg/shared/apps/hmmer/3.2.1/bin/hmmsearch --domtblout /labs/Wegrzyn/bikash/botany2021/braker/busco_output/auto_lineage/run_archaea_odb10/hmmer_output/1642at2157.out --cpu 1 /labs/Wegrzyn/bikash/botany2021/braker/busco_downloads/lineages/archaea_odb10/hmms/1642at2157.hmm /labs/Wegrzyn/bikash/botany2021/braker/braker/augustus.hints.aa 
# Current dir:     /labs/Wegrzyn/bikash/botany2021/braker
# Date:            Thu Jul 15 15:21:14 2021
# [ok]
