#                                                                            --- full sequence --- -------------- this domain -------------   hmm coord   ali coord   env coord
# target name        accession   tlen query name           accession   qlen   E-value  score  bias   #  of  c-Evalue  i-Evalue  score  bias  from    to  from    to  from    to  acc description of target
#------------------- ---------- ----- -------------------- ---------- ----- --------- ------ ----- --- --- --------- --------- ------ ----- ----- ----- ----- ----- ----- ----- ---- ---------------------
g1573.t1             -            487 17053at2157          -            474   1.8e-11   40.5   0.2   1   3    0.0014       0.4    6.4   0.1     8    19    94   105    86   122 0.88 -
g1573.t1             -            487 17053at2157          -            474   1.8e-11   40.5   0.2   2   3   4.6e-11   1.3e-08   31.1   0.0    42   120   140   219   125   236 0.91 -
g1573.t1             -            487 17053at2157          -            474   1.8e-11   40.5   0.2   3   3      0.42   1.2e+02   -1.8   0.0   252   274   340   362   276   391 0.69 -
g1388.t1             -            450 17053at2157          -            474   2.9e-11   39.8   0.6   1   1   4.6e-13   1.3e-10   37.7   0.6     7   120    68   194    62   212 0.79 -
g1109.t1             -            755 17053at2157          -            474   3.4e-09   33.0   0.1   1   3      0.36     1e+02   -1.6   0.0     9    22    72    85    69    87 0.82 -
g1109.t1             -            755 17053at2157          -            474   3.4e-09   33.0   0.1   2   3     7e-09     2e-06   23.9   0.0    55   119   135   199   119   204 0.91 -
g1109.t1             -            755 17053at2157          -            474   3.4e-09   33.0   0.1   3   3    0.0022      0.63    5.7   0.0   196   259   376   438   364   477 0.71 -
g240.t1              -            464 17053at2157          -            474   2.8e-07   26.7   0.6   1   2      0.16        45   -0.4   0.1     8    25    37    54    32    57 0.84 -
g240.t1              -            464 17053at2157          -            474   2.8e-07   26.7   0.6   2   2   4.4e-09   1.2e-06   24.5   0.0    42   126   108   194   104   233 0.79 -
g1355.t1             -            222 17053at2157          -            474   9.8e-06   21.6   0.3   1   2      0.03       8.5    2.0   0.3     6    18    10    22     8    26 0.88 -
g1355.t1             -            222 17053at2157          -            474   9.8e-06   21.6   0.3   2   2   6.6e-07   0.00018   17.4   0.0    55   166    86   203    69   212 0.77 -
g1357.t1             -            441 17053at2157          -            474   6.1e-05   19.0   1.5   1   3     0.067        19    0.9   0.3     6    18    10    22     8    26 0.88 -
g1357.t1             -            441 17053at2157          -            474   6.1e-05   19.0   1.5   2   3   3.4e-06   0.00096   15.0   0.0    56   166    87   203    71   209 0.76 -
g1357.t1             -            441 17053at2157          -            474   6.1e-05   19.0   1.5   3   3      0.17        49   -0.5   0.0   390   420   403   433   383   437 0.78 -
g1353.t1             -            450 17053at2157          -            474   6.5e-05   18.9   1.5   1   3     0.068        19    0.8   0.3     6    18    10    22     8    26 0.88 -
g1353.t1             -            450 17053at2157          -            474   6.5e-05   18.9   1.5   2   3   3.6e-06     0.001   15.0   0.0    56   166    87   203    71   209 0.76 -
g1353.t1             -            450 17053at2157          -            474   6.5e-05   18.9   1.5   3   3      0.18        50   -0.6   0.0   390   420   412   442   392   446 0.78 -
g1358.t1             -            417 17053at2157          -            474    0.0012   14.7   1.8   1   3     0.063        18    0.9   0.3     6    18    10    22     8    26 0.88 -
g1358.t1             -            417 17053at2157          -            474    0.0012   14.7   1.8   2   3   5.3e-05     0.015   11.1   0.0    56    90    87   121    71   175 0.80 -
g1358.t1             -            417 17053at2157          -            474    0.0012   14.7   1.8   3   3      0.16        46   -0.4   0.0   390   420   379   409   359   413 0.78 -
g1355.t2             -            426 17053at2157          -            474    0.0013   14.6   1.8   1   3     0.064        18    0.9   0.3     6    18    10    22     8    26 0.88 -
g1355.t2             -            426 17053at2157          -            474    0.0013   14.6   1.8   2   3   5.5e-05     0.015   11.0   0.0    56    90    87   121    71   175 0.80 -
g1355.t2             -            426 17053at2157          -            474    0.0013   14.6   1.8   3   3      0.17        47   -0.5   0.0   390   420   388   418   368   422 0.78 -
#
# Program:         hmmsearch
# Version:         3.2.1 (June 2018)
# Pipeline mode:   SEARCH
# Query file:      /labs/Wegrzyn/bikash/botany2021/braker/busco_downloads/lineages/archaea_odb10/hmms/17053at2157.hmm
# Target file:     /labs/Wegrzyn/bikash/botany2021/braker/braker/augustus.hints.aa
# Option settings: /isg/shared/apps/hmmer/3.2.1/bin/hmmsearch --domtblout /labs/Wegrzyn/bikash/botany2021/braker/busco_output/auto_lineage/run_archaea_odb10/hmmer_output/17053at2157.out --cpu 1 /labs/Wegrzyn/bikash/botany2021/braker/busco_downloads/lineages/archaea_odb10/hmms/17053at2157.hmm /labs/Wegrzyn/bikash/botany2021/braker/braker/augustus.hints.aa 
# Current dir:     /labs/Wegrzyn/bikash/botany2021/braker
# Date:            Thu Jul 15 15:21:15 2021
# [ok]
