#                                                                            --- full sequence --- -------------- this domain -------------   hmm coord   ali coord   env coord
# target name        accession   tlen query name           accession   qlen   E-value  score  bias   #  of  c-Evalue  i-Evalue  score  bias  from    to  from    to  from    to  acc description of target
#------------------- ---------- ----- -------------------- ---------- ----- --------- ------ ----- --- --- --------- --------- ------ ----- ----- ----- ----- ----- ----- ----- ---- ---------------------
g1276.t1             -            411 24257at2157          -            345     4e-13   46.1   0.1   1   1   1.1e-14   1.5e-12   44.2   0.1    26   214   184   400   179   408 0.79 -
g1944.t1             -            407 24257at2157          -            345   9.6e-12   41.5   0.0   1   1   3.2e-13   4.5e-11   39.3   0.0    28   108   119   207   116   295 0.68 -
g1224.t1             -            911 24257at2157          -            345   1.2e-11   41.2   0.0   1   2   4.9e-05    0.0068   12.4   0.0    30    59   357   386   354   407 0.88 -
g1224.t1             -            911 24257at2157          -            345   1.2e-11   41.2   0.0   2   2   4.2e-09   5.9e-07   25.8   0.0    28    94   663   737   659   750 0.70 -
g2027.t1             -            784 24257at2157          -            345   6.6e-10   35.5   0.0   1   1   8.5e-12   1.2e-09   34.7   0.0    19   102   358   448   335   462 0.81 -
g602.t1              -            416 24257at2157          -            345   1.3e-09   34.5   0.7   1   2       1.1   1.6e+02   -1.9   0.4   125   165    40    79    35    82 0.85 -
g602.t1              -            416 24257at2157          -            345   1.3e-09   34.5   0.7   2   2   3.1e-11   4.3e-09   32.8   0.0    29    94   197   270   195   294 0.76 -
g1747.t1             -            500 24257at2157          -            345   5.2e-08   29.2   0.0   1   1   5.9e-10   8.3e-08   28.6   0.0    28    89   237   298   223   304 0.92 -
g1274.t1             -            529 24257at2157          -            345   1.3e-07   28.0   0.0   1   2   4.7e-09   6.6e-07   25.6   0.0    29   104   263   346   261   355 0.76 -
g1274.t1             -            529 24257at2157          -            345   1.3e-07   28.0   0.0   2   2      0.63        88   -1.1   0.1   127   226   392   491   344   498 0.63 -
g1938.t1             -            791 24257at2157          -            345   5.5e-07   25.9   0.0   1   1   1.3e-08   1.8e-06   24.2   0.0    29    94   377   450   356   459 0.82 -
g1878.t1             -            561 24257at2157          -            345   3.5e-06   23.3   0.0   1   1   6.5e-08   9.1e-06   21.9   0.0    28    84   249   305   242   322 0.79 -
g1936.t1             -            628 24257at2157          -            345   5.4e-06   22.6   0.0   1   2       2.9   4.1e+02   -3.3   0.5   146   210   207   270   191   272 0.74 -
g1936.t1             -            628 24257at2157          -            345   5.4e-06   22.6   0.0   2   2   3.9e-08   5.4e-06   22.6   0.0    29    91   387   457   370   476 0.76 -
g613.t1              -           1207 24257at2157          -            345   7.2e-06   22.2   0.2   1   2   8.7e-06    0.0012   14.9   0.1    29    49   422   442   416   447 0.90 -
g613.t1              -           1207 24257at2157          -            345   7.2e-06   22.2   0.2   2   2     0.011       1.5    4.7   0.0    72    94   478   500   470   515 0.75 -
g1782.t1             -           2776 24257at2157          -            345   9.7e-06   21.8   0.0   1   1   1.4e-07     2e-05   20.7   0.0    29    91   388   458   378   531 0.82 -
g708.t1              -            362 24257at2157          -            345     1e-05   21.7   0.2   1   1   6.4e-07   8.9e-05   18.6   0.2    26    63   205   242   192   295 0.77 -
g708.t2              -            609 24257at2157          -            345   2.9e-05   20.2   0.2   1   1   1.4e-06    0.0002   17.5   0.2    26    63   205   242   192   295 0.78 -
g1204.t2             -            111 24257at2157          -            345    0.0002   17.5   0.0   1   1   1.8e-06   0.00026   17.1   0.0    27    58    27    58    26    62 0.94 -
g1204.t1             -            316 24257at2157          -            345   0.00083   15.4   0.0   1   1   9.1e-06    0.0013   14.8   0.0    27    58    27    58    26    63 0.94 -
g1600.t1             -           1456 24257at2157          -            345    0.0089   12.1   1.1   1   2   0.00079      0.11    8.4   0.0    31    52   203   224   192   228 0.87 -
g1600.t1             -           1456 24257at2157          -            345    0.0089   12.1   1.1   2   2       0.1        14    1.5   0.3    33    51   896   914   893   921 0.85 -
g1823.t1             -            427 24257at2157          -            345     0.026   10.5   0.1   1   1   0.00027     0.038   10.0   0.1    30    49    23    42    19    47 0.88 -
#
# Program:         hmmsearch
# Version:         3.2.1 (June 2018)
# Pipeline mode:   SEARCH
# Query file:      /labs/Wegrzyn/bikash/botany2021/braker/busco_downloads/lineages/archaea_odb10/hmms/24257at2157.hmm
# Target file:     /labs/Wegrzyn/bikash/botany2021/braker/braker/augustus.hints.aa
# Option settings: /isg/shared/apps/hmmer/3.2.1/bin/hmmsearch --domtblout /labs/Wegrzyn/bikash/botany2021/braker/busco_output/auto_lineage/run_archaea_odb10/hmmer_output/24257at2157.out --cpu 1 /labs/Wegrzyn/bikash/botany2021/braker/busco_downloads/lineages/archaea_odb10/hmms/24257at2157.hmm /labs/Wegrzyn/bikash/botany2021/braker/braker/augustus.hints.aa 
# Current dir:     /labs/Wegrzyn/bikash/botany2021/braker
# Date:            Thu Jul 15 15:21:15 2021
# [ok]
