#                                                                            --- full sequence --- -------------- this domain -------------   hmm coord   ali coord   env coord
# target name        accession   tlen query name           accession   qlen   E-value  score  bias   #  of  c-Evalue  i-Evalue  score  bias  from    to  from    to  from    to  acc description of target
#------------------- ---------- ----- -------------------- ---------- ----- --------- ------ ----- --- --- --------- --------- ------ ----- ----- ----- ----- ----- ----- ----- ---- ---------------------
g240.t1              -            464 25592at2157          -            354    4e-114  378.7   3.8   1   2   2.7e-23   6.1e-21   72.2   0.1     1    58    30    87    30   112 0.92 -
g240.t1              -            464 25592at2157          -            354    4e-114  378.7   3.8   2   2   1.4e-94   3.2e-92  306.7   0.5    58   354   113   450    99   450 0.86 -
g1388.t1             -            450 25592at2157          -            354   9.4e-30  101.2   1.4   1   1   3.2e-31   7.3e-29   98.3   1.4     1   281    62   356    62   373 0.77 -
g1573.t1             -            487 25592at2157          -            354   1.1e-28   97.6   7.8   1   2   3.2e-29   7.4e-27   91.7   4.2     1   139    87   225    87   253 0.84 -
g1573.t1             -            487 25592at2157          -            354   1.1e-28   97.6   7.8   2   2    0.0056       1.3    5.4   0.1   205   282   312   389   305   408 0.77 -
g1355.t1             -            222 25592at2157          -            354     7e-16   55.5   1.5   1   2   0.00013      0.03   10.7   2.0     3    22     7    26     5    34 0.85 -
g1355.t1             -            222 25592at2157          -            354     7e-16   55.5   1.5   2   2   2.8e-14   6.5e-12   42.5   0.0    67   151    87   177    59   207 0.80 -
g1357.t1             -            441 25592at2157          -            354   4.6e-15   52.8   1.2   1   2   0.00031     0.071    9.5   2.0     3    22     7    26     5    34 0.85 -
g1357.t1             -            441 25592at2157          -            354   4.6e-15   52.8   1.2   2   2   1.3e-13   3.1e-11   40.3   0.0    67   150    87   176    61   205 0.80 -
g1353.t1             -            450 25592at2157          -            354   4.9e-15   52.8   1.2   1   2   0.00032     0.073    9.4   2.0     3    22     7    26     5    34 0.85 -
g1353.t1             -            450 25592at2157          -            354   4.9e-15   52.8   1.2   2   2   1.4e-13   3.2e-11   40.2   0.0    67   150    87   176    61   205 0.80 -
g1358.t1             -            417 25592at2157          -            354   1.3e-14   51.4   2.1   1   2   0.00029     0.067    9.6   2.0     3    22     7    26     5    34 0.85 -
g1358.t1             -            417 25592at2157          -            354   1.3e-14   51.4   2.1   2   2   2.3e-13   5.3e-11   39.5   0.0    67   149    87   175    61   181 0.84 -
g1355.t2             -            426 25592at2157          -            354   1.4e-14   51.3   2.1   1   2    0.0003     0.069    9.5   2.0     3    22     7    26     5    34 0.85 -
g1355.t2             -            426 25592at2157          -            354   1.4e-14   51.3   2.1   2   2   2.4e-13   5.5e-11   39.5   0.0    67   149    87   175    61   181 0.84 -
g1109.t1             -            755 25592at2157          -            354   8.7e-06   22.3   0.2   1   1   6.9e-08   1.6e-05   21.5   0.2     5    98    68   167    65   177 0.82 -
g1264.t3             -           1229 25592at2157          -            354    0.0019   14.7   0.0   1   1   1.5e-05    0.0035   13.8   0.0    54   169   731   852   722   864 0.75 -
g1264.t2             -           1883 25592at2157          -            354    0.0023   14.4   0.0   1   2   2.6e-05     0.006   13.0   0.0    54   169   409   530   400   542 0.75 -
g1264.t2             -           1883 25592at2157          -            354    0.0023   14.4   0.0   2   2       3.2   7.4e+02   -3.7   0.0   267   292  1817  1842  1813  1852 0.84 -
#
# Program:         hmmsearch
# Version:         3.2.1 (June 2018)
# Pipeline mode:   SEARCH
# Query file:      /labs/Wegrzyn/bikash/botany2021/braker/busco_downloads/lineages/archaea_odb10/hmms/25592at2157.hmm
# Target file:     /labs/Wegrzyn/bikash/botany2021/braker/braker/augustus.hints.aa
# Option settings: /isg/shared/apps/hmmer/3.2.1/bin/hmmsearch --domtblout /labs/Wegrzyn/bikash/botany2021/braker/busco_output/auto_lineage/run_archaea_odb10/hmmer_output/25592at2157.out --cpu 1 /labs/Wegrzyn/bikash/botany2021/braker/busco_downloads/lineages/archaea_odb10/hmms/25592at2157.hmm /labs/Wegrzyn/bikash/botany2021/braker/braker/augustus.hints.aa 
# Current dir:     /labs/Wegrzyn/bikash/botany2021/braker
# Date:            Thu Jul 15 15:21:16 2021
# [ok]
