#                                                                            --- full sequence --- -------------- this domain -------------   hmm coord   ali coord   env coord
# target name        accession   tlen query name           accession   qlen   E-value  score  bias   #  of  c-Evalue  i-Evalue  score  bias  from    to  from    to  from    to  acc description of target
#------------------- ---------- ----- -------------------- ---------- ----- --------- ------ ----- --- --- --------- --------- ------ ----- ----- ----- ----- ----- ----- ----- ---- ---------------------
g1764.t1             -           1841 3905at2157           -            690  1.7e-221  734.7   7.6   1   4   1.1e-28   9.3e-26   87.7   0.8     1    93    23   120    23   144 0.89 -
g1764.t1             -           1841 3905at2157           -            690  1.7e-221  734.7   7.6   2   4  3.4e-127  2.9e-124  413.3   0.0   106   423   211   552   188   565 0.90 -
g1764.t1             -           1841 3905at2157           -            690  1.7e-221  734.7   7.6   3   4    0.0081       6.8    2.2   0.0   427   447   584   604   580   617 0.88 -
g1764.t1             -           1841 3905at2157           -            690  1.7e-221  734.7   7.6   4   4   1.9e-72   1.6e-69  232.4   0.1   444   688   624   893   602   895 0.88 -
g1056.t2             -           1982 3905at2157           -            690   1.3e-46  156.7   0.4   1   3   6.2e-10   5.2e-07   25.8   1.1    36   110   122   203   107   230 0.74 -
g1056.t2             -           1982 3905at2157           -            690   1.3e-46  156.7   0.4   2   3   1.3e-33   1.1e-30  104.0   0.0   250   418   414   596   336   619 0.89 -
g1056.t2             -           1982 3905at2157           -            690   1.3e-46  156.7   0.4   3   3   1.9e-08   1.6e-05   20.8   0.0   477   688   693   913   631   915 0.64 -
g1056.t1             -           1963 3905at2157           -            690   1.3e-45  153.3   0.1   1   3   4.6e-09   3.8e-06   22.9   0.3    36    90   122   183   107   192 0.79 -
g1056.t1             -           1963 3905at2157           -            690   1.3e-45  153.3   0.1   2   3   1.3e-33   1.1e-30  104.1   0.0   250   418   395   577   316   600 0.89 -
g1056.t1             -           1963 3905at2157           -            690   1.3e-45  153.3   0.1   3   3   1.9e-08   1.6e-05   20.9   0.0   477   688   674   894   610   896 0.64 -
#
# Program:         hmmsearch
# Version:         3.2.1 (June 2018)
# Pipeline mode:   SEARCH
# Query file:      /labs/Wegrzyn/bikash/botany2021/braker/busco_downloads/lineages/archaea_odb10/hmms/3905at2157.hmm
# Target file:     /labs/Wegrzyn/bikash/botany2021/braker/braker/augustus.hints.aa
# Option settings: /isg/shared/apps/hmmer/3.2.1/bin/hmmsearch --domtblout /labs/Wegrzyn/bikash/botany2021/braker/busco_output/auto_lineage/run_archaea_odb10/hmmer_output/3905at2157.out --cpu 1 /labs/Wegrzyn/bikash/botany2021/braker/busco_downloads/lineages/archaea_odb10/hmms/3905at2157.hmm /labs/Wegrzyn/bikash/botany2021/braker/braker/augustus.hints.aa 
# Current dir:     /labs/Wegrzyn/bikash/botany2021/braker
# Date:            Thu Jul 15 15:21:17 2021
# [ok]
