#                                                                            --- full sequence --- -------------- this domain -------------   hmm coord   ali coord   env coord
# target name        accession   tlen query name           accession   qlen   E-value  score  bias   #  of  c-Evalue  i-Evalue  score  bias  from    to  from    to  from    to  acc description of target
#------------------- ---------- ----- -------------------- ---------- ----- --------- ------ ----- --- --- --------- --------- ------ ----- ----- ----- ----- ----- ----- ----- ---- ---------------------
g1816.t1             -            312 1001705at2759        -            270   2.8e-20   70.1   1.8   1   4   4.4e-07     7e-05   19.6   0.0   145   224    20   115    13   117 0.77 -
g1816.t1             -            312 1001705at2759        -            270   2.8e-20   70.1   1.8   2   4   5.4e-08   8.5e-06   22.6   0.2    21    83   109   182   104   186 0.81 -
g1816.t1             -            312 1001705at2759        -            270   2.8e-20   70.1   1.8   3   4   2.8e-06   0.00043   17.0   0.0    20    84   152   226   143   237 0.76 -
g1816.t1             -            312 1001705at2759        -            270   2.8e-20   70.1   1.8   4   4   4.1e-07   6.5e-05   19.7   0.0   177   231   235   295   196   309 0.66 -
g1569.t1             -            327 1001705at2759        -            270   2.7e-12   43.9  11.6   1   5      0.33        51    0.4   0.1    60    82    28    51    14    68 0.81 -
g1569.t1             -            327 1001705at2759        -            270   2.7e-12   43.9  11.6   2   5   7.3e-07   0.00011   18.9   1.4    29    88    78   146    69   186 0.75 -
g1569.t1             -            327 1001705at2759        -            270   2.7e-12   43.9  11.6   3   5   5.2e-05    0.0082   12.8   0.1    20    83   153   229   145   235 0.74 -
g1569.t1             -            327 1001705at2759        -            270   2.7e-12   43.9  11.6   4   5   7.5e-07   0.00012   18.8   0.2    26    83   205   269   190   281 0.78 -
g1569.t1             -            327 1001705at2759        -            270   2.7e-12   43.9  11.6   5   5    0.0021      0.34    7.5   0.0    48    75   293   321   286   325 0.83 -
g1277.t1             -           1127 1001705at2759        -            270   4.2e-11   40.0   5.3   1   7      0.11        17    1.9   0.0   148   203   299   353   255   361 0.74 -
g1277.t1             -           1127 1001705at2759        -            270   4.2e-11   40.0   5.3   2   7      0.03       4.7    3.8   0.0    51    72   377   398   369   420 0.85 -
g1277.t1             -           1127 1001705at2759        -            270   4.2e-11   40.0   5.3   3   7     0.002      0.32    7.6   0.1    25    81   581   649   567   657 0.74 -
g1277.t1             -           1127 1001705at2759        -            270   4.2e-11   40.0   5.3   4   7   2.2e-05    0.0035   14.0   0.1    22    85   621   695   619   708 0.76 -
g1277.t1             -           1127 1001705at2759        -            270   4.2e-11   40.0   5.3   5   7      0.11        17    2.0   0.0   178   214   703   742   689   744 0.75 -
g1277.t1             -           1127 1001705at2759        -            270   4.2e-11   40.0   5.3   6   7   0.00013     0.021   11.5   0.2    39   169   726   872   705   875 0.60 -
g1277.t1             -           1127 1001705at2759        -            270   4.2e-11   40.0   5.3   7   7     0.095        15    2.1   0.0    53    81   852   881   846   894 0.78 -
g517.t1              -            894 1001705at2759        -            270   1.3e-07   28.6   8.1   1   3    0.0067       1.1    5.9   0.0    51    82   393   425   387   430 0.87 -
g517.t1              -            894 1001705at2759        -            270   1.3e-07   28.6   8.1   2   3   3.8e-05     0.006   13.3   1.4    51    96   502   550   498   552 0.68 -
g517.t1              -            894 1001705at2759        -            270   1.3e-07   28.6   8.1   3   3   7.4e-05     0.012   12.3   0.2    52   206   543   706   540   711 0.71 -
g1372.t1             -            496 1001705at2759        -            270   2.7e-07   27.5   6.9   1   5    0.0012      0.18    8.4   0.4    51    84   231   265   188   270 0.76 -
g1372.t1             -            496 1001705at2759        -            270   2.7e-07   27.5   6.9   2   5   8.3e-05     0.013   12.2   0.0    21    80   275   344   269   351 0.77 -
g1372.t1             -            496 1001705at2759        -            270   2.7e-07   27.5   6.9   3   5     0.073        11    2.5   0.0    46    70   351   375   347   395 0.73 -
g1372.t1             -            496 1001705at2759        -            270   2.7e-07   27.5   6.9   4   5     0.027       4.2    3.9   0.1    50    81   399   433   394   445 0.85 -
g1372.t1             -            496 1001705at2759        -            270   2.7e-07   27.5   6.9   5   5       0.6        95   -0.5   0.0    49    77   442   471   416   480 0.67 -
g517.t2              -            920 1001705at2759        -            270   9.4e-07   25.7   7.6   1   4    0.0069       1.1    5.9   0.0    51    82   393   425   387   430 0.87 -
g517.t2              -            920 1001705at2759        -            270   9.4e-07   25.7   7.6   2   4   4.1e-05    0.0064   13.2   1.5    51    96   502   550   498   552 0.68 -
g517.t2              -            920 1001705at2759        -            270   9.4e-07   25.7   7.6   3   4     0.066        10    2.6   0.0    20    80   543   614   538   631 0.70 -
g517.t2              -            920 1001705at2759        -            270   9.4e-07   25.7   7.6   4   4     0.014       2.2    4.8   0.0   178   206   704   732   696   740 0.80 -
g2012.t1             -           1036 1001705at2759        -            270   1.1e-06   25.5   0.4   1   4    0.0083       1.3    5.6   0.0    26    61    64    97    55   133 0.82 -
g2012.t1             -           1036 1001705at2759        -            270   1.1e-06   25.5   0.4   2   4     0.047       7.4    3.1   0.0    50    87   157   194   152   219 0.72 -
g2012.t1             -           1036 1001705at2759        -            270   1.1e-06   25.5   0.4   3   4   0.00033     0.052   10.2   0.0    12    45   222   257   211   267 0.79 -
g2012.t1             -           1036 1001705at2759        -            270   1.1e-06   25.5   0.4   4   4      0.24        38    0.8   0.0    32    55   476   498   466   532 0.73 -
g6.t1                -            762 1001705at2759        -            270   1.3e-05   22.0   0.6   1   4      0.22        34    0.9   0.0    17    43    41    69    31    74 0.77 -
g6.t1                -            762 1001705at2759        -            270   1.3e-05   22.0   0.6   2   4     0.044         7    3.2   0.0   140   173   113   148   109   163 0.73 -
g6.t1                -            762 1001705at2759        -            270   1.3e-05   22.0   0.6   3   4       0.1        17    2.0   0.0    67   102   268   303   237   333 0.59 -
g6.t1                -            762 1001705at2759        -            270   1.3e-05   22.0   0.6   4   4   0.00038      0.06   10.0   0.0    44    80   341   377   340   394 0.89 -
g1411.t1             -           2130 1001705at2759        -            270   1.9e-05   21.4   2.8   1   4     0.028       4.4    3.9   0.1    51    80  1363  1393  1358  1407 0.82 -
g1411.t1             -           2130 1001705at2759        -            270   1.9e-05   21.4   2.8   2   4      0.07        11    2.6   0.0    50    83  1408  1443  1391  1480 0.70 -
g1411.t1             -           2130 1001705at2759        -            270   1.9e-05   21.4   2.8   3   4      0.42        66    0.0   0.0   113   172  1452  1517  1441  1542 0.71 -
g1411.t1             -           2130 1001705at2759        -            270   1.9e-05   21.4   2.8   4   4   6.1e-05    0.0096   12.6   0.1    28    97  1545  1626  1520  1638 0.74 -
g2153.t1             -           1445 1001705at2759        -            270   3.2e-05   20.7   3.6   1   4   0.00054     0.085    9.5   0.2    51    84   642   676   633   723 0.73 -
g2153.t1             -           1445 1001705at2759        -            270   3.2e-05   20.7   3.6   2   4     0.034       5.3    3.6   0.0    36    83   718   767   704   787 0.77 -
g2153.t1             -           1445 1001705at2759        -            270   3.2e-05   20.7   3.6   3   4      0.25        39    0.8   0.0    52    84   826   859   778   867 0.65 -
g2153.t1             -           1445 1001705at2759        -            270   3.2e-05   20.7   3.6   4   4     0.022       3.5    4.2   0.0    33    78   841   900   827   910 0.65 -
g553.t1              -           1185 1001705at2759        -            270   3.3e-05   20.7   2.8   1   6       0.1        16    2.1   0.0    26    49   400   423   380   478 0.79 -
g553.t1              -           1185 1001705at2759        -            270   3.3e-05   20.7   2.8   2   6       7.2   1.1e+03   -4.0   0.0    59    80   507   529   490   538 0.53 -
g553.t1              -           1185 1001705at2759        -            270   3.3e-05   20.7   2.8   3   6       3.1     5e+02   -2.9   0.0   151   173   680   702   678   711 0.84 -
g553.t1              -           1185 1001705at2759        -            270   3.3e-05   20.7   2.8   4   6    0.0083       1.3    5.6   0.0    51    83   882   914   865   932 0.84 -
g553.t1              -           1185 1001705at2759        -            270   3.3e-05   20.7   2.8   5   6   0.00049     0.077    9.6   0.1    26    81   933   997   922  1049 0.77 -
g553.t1              -           1185 1001705at2759        -            270   3.3e-05   20.7   2.8   6   6       6.4     1e+03   -3.9   0.0    26    44  1068  1086  1055  1090 0.54 -
g1411.t2             -           2421 1001705at2759        -            270   3.8e-05   20.5   3.1   1   3     0.035       5.5    3.5   0.1    51    80  1654  1684  1649  1695 0.82 -
g1411.t2             -           2421 1001705at2759        -            270   3.8e-05   20.5   3.1   2   3     0.063        10    2.7   0.0    51    83  1700  1734  1683  1812 0.70 -
g1411.t2             -           2421 1001705at2759        -            270   3.8e-05   20.5   3.1   3   3   7.4e-05     0.012   12.3   0.1    28    97  1836  1917  1812  1928 0.74 -
g984.t1              -            592 1001705at2759        -            270   5.1e-05   20.1   8.9   1   5    0.0052      0.81    6.3   0.0    51    74    10    33     5    44 0.89 -
g984.t1              -            592 1001705at2759        -            270   5.1e-05   20.1   8.9   2   5   8.3e-05     0.013   12.1   0.4    47    84    65   103    57   113 0.86 -
g984.t1              -            592 1001705at2759        -            270   5.1e-05   20.1   8.9   3   5      0.17        27    1.3   0.2    52    78   112   139   105   160 0.71 -
g984.t1              -            592 1001705at2759        -            270   5.1e-05   20.1   8.9   4   5      0.14        22    1.6   0.0    50    72   214   236   207   246 0.85 -
g984.t1              -            592 1001705at2759        -            270   5.1e-05   20.1   8.9   5   5       1.3     2e+02   -1.6   0.0    26    39   427   440   421   442 0.84 -
g2173.t1             -            401 1001705at2759        -            270    0.0026   14.5   7.2   1   3     0.049       7.7    3.1   0.1    52    80   203   233   161   250 0.67 -
g2173.t1             -            401 1001705at2759        -            270    0.0026   14.5   7.2   2   3   0.00013      0.02   11.5   0.2    24    80   253   320   242   329 0.78 -
g2173.t1             -            401 1001705at2759        -            270    0.0026   14.5   7.2   3   3      0.89   1.4e+02   -1.1   0.1    50    79   345   376   338   380 0.75 -
g239.t1              -           1241 1001705at2759        -            270    0.0062   13.2   0.1   1   1   0.00032      0.05   10.2   0.1    22    80   966  1035   956  1102 0.78 -
g1351.t1             -            746 1001705at2759        -            270     0.027   11.1   4.8   1   5       2.1   3.3e+02   -2.3   0.2    63    83    93   114    74   125 0.61 -
g1351.t1             -            746 1001705at2759        -            270     0.027   11.1   4.8   2   5   0.00062     0.098    9.3   0.0    27    82   188   255   184   265 0.69 -
g1351.t1             -            746 1001705at2759        -            270     0.027   11.1   4.8   3   5      0.45        72   -0.1   0.0    30    70   280   328   264   354 0.60 -
g1351.t1             -            746 1001705at2759        -            270     0.027   11.1   4.8   4   5       1.8   2.8e+02   -2.0   0.0    56    85   482   512   478   519 0.60 -
g1351.t1             -            746 1001705at2759        -            270     0.027   11.1   4.8   5   5       1.1   1.8e+02   -1.4   0.0   181   209   531   560   528   603 0.71 -
#
# Program:         hmmsearch
# Version:         3.2.1 (June 2018)
# Pipeline mode:   SEARCH
# Query file:      /labs/Wegrzyn/bikash/botany2021/braker/busco_downloads/lineages/eukaryota_odb10/hmms/1001705at2759.hmm
# Target file:     /labs/Wegrzyn/bikash/botany2021/braker/braker/augustus.hints.aa
# Option settings: /isg/shared/apps/hmmer/3.2.1/bin/hmmsearch --domtblout /labs/Wegrzyn/bikash/botany2021/braker/busco_output/auto_lineage/run_eukaryota_odb10/hmmer_output/initial_run_results/1001705at2759.out --cpu 1 /labs/Wegrzyn/bikash/botany2021/braker/busco_downloads/lineages/eukaryota_odb10/hmms/1001705at2759.hmm /labs/Wegrzyn/bikash/botany2021/braker/braker/augustus.hints.aa 
# Current dir:     /labs/Wegrzyn/bikash/botany2021/braker
# Date:            Thu Jul 15 15:21:49 2021
# [ok]
