#                                                                            --- full sequence --- -------------- this domain -------------   hmm coord   ali coord   env coord
# target name        accession   tlen query name           accession   qlen   E-value  score  bias   #  of  c-Evalue  i-Evalue  score  bias  from    to  from    to  from    to  acc description of target
#------------------- ---------- ----- -------------------- ---------- ----- --------- ------ ----- --- --- --------- --------- ------ ----- ----- ----- ----- ----- ----- ----- ---- ---------------------
g1411.t1             -           2130 1014314at2759        -            222   3.7e-73  242.6   2.0   1   1   4.7e-74     5e-72  238.9   2.0     1   216  1363  1634  1363  1637 0.86 -
g1411.t2             -           2421 1014314at2759        -            222   4.4e-73  242.3   1.9   1   1   5.3e-74   5.5e-72  238.7   1.9     1   216  1654  1925  1654  1928 0.86 -
g1816.t1             -            312 1014314at2759        -            222   1.1e-36  123.4   4.1   1   6   2.8e-10   2.9e-08   30.4   0.1     2    64    23    94    22    96 0.72 -
g1816.t1             -            312 1014314at2759        -            222   1.1e-36  123.4   4.1   2   6   9.6e-16     1e-13   48.2   0.1   119   186    99   167    96   168 0.94 -
g1816.t1             -            312 1014314at2759        -            222   1.1e-36  123.4   4.1   3   6   1.6e-08   1.6e-06   24.6   0.0   139   202   162   228   160   238 0.84 -
g1816.t1             -            312 1014314at2759        -            222   1.1e-36  123.4   4.1   4   6   1.9e-06    0.0002   17.8   0.0   124   187   190   256   185   256 0.83 -
g1816.t1             -            312 1014314at2759        -            222   1.1e-36  123.4   4.1   5   6   1.5e-06   0.00015   18.2   0.1   127   184   237   295   224   300 0.81 -
g1816.t1             -            312 1014314at2759        -            222   1.1e-36  123.4   4.1   6   6   0.00073     0.077    9.4   0.0    25    61   269   307   265   311 0.67 -
g1277.t1             -           1127 1014314at2759        -            222   1.8e-27   93.2   3.5   1   4   9.2e-07   9.6e-05   18.9   0.0   116   189   321   398   255   414 0.74 -
g1277.t1             -           1127 1014314at2759        -            222   1.8e-27   93.2   3.5   2   4     0.019         2    4.8   0.0   136   187   543   594   533   600 0.89 -
g1277.t1             -           1127 1014314at2759        -            222   1.8e-27   93.2   3.5   3   4   2.4e-10   2.5e-08   30.6   0.1   125   187   617   679   608   687 0.91 -
g1277.t1             -           1127 1014314at2759        -            222   1.8e-27   93.2   3.5   4   4   1.2e-11   1.2e-09   34.9   0.1    21   163   732   887   703   895 0.72 -
g2173.t1             -            401 1014314at2759        -            222   1.5e-22   77.0   7.4   1   5   0.00049     0.052    9.9   0.0    30    65   147   183   144   193 0.80 -
g2173.t1             -            401 1014314at2759        -            222   1.5e-22   77.0   7.4   2   5   4.6e-08   4.8e-06   23.1   0.1    28    70   195   238   182   242 0.83 -
g2173.t1             -            401 1014314at2759        -            222   1.5e-22   77.0   7.4   3   5   1.7e-05    0.0018   14.7   0.0    32    66   242   277   238   284 0.89 -
g2173.t1             -            401 1014314at2759        -            222   1.5e-22   77.0   7.4   4   5   2.7e-07   2.8e-05   20.6   0.2    27    69   281   324   276   329 0.86 -
g2173.t1             -            401 1014314at2759        -            222   1.5e-22   77.0   7.4   5   5    0.0004     0.042   10.2   0.1    28    63   339   375   328   381 0.85 -
g1569.t1             -            327 1014314at2759        -            222   3.4e-20   69.4  16.1   1   6     0.066         7    3.0   0.2    30    64    13    48     3    55 0.77 -
g1569.t1             -            327 1014314at2759        -            222   3.4e-20   69.4  16.1   2   6   1.7e-08   1.8e-06   24.5   0.1   122   191    61   131    55   144 0.83 -
g1569.t1             -            327 1014314at2759        -            222   3.4e-20   69.4  16.1   3   6   1.7e-07   1.8e-05   21.2   0.7     2    66   109   185   108   189 0.81 -
g1569.t1             -            327 1014314at2759        -            222   3.4e-20   69.4  16.1   4   6   2.4e-09   2.5e-07   27.3   0.9   119   199   144   229   129   234 0.83 -
g1569.t1             -            327 1014314at2759        -            222   3.4e-20   69.4  16.1   5   6     3e-09   3.1e-07   27.0   0.3   120   207   189   277   185   285 0.81 -
g1569.t1             -            327 1014314at2759        -            222   3.4e-20   69.4  16.1   6   6   0.00084     0.088    9.2   0.1     3    28   298   323   296   325 0.91 -
g517.t1              -            894 1014314at2759        -            222   1.3e-17   60.9   4.6   1   6   5.7e-07     6e-05   19.5   0.0   116   156   382   423   375   444 0.87 -
g517.t1              -            894 1014314at2759        -            222   1.3e-17   60.9   4.6   2   6     8e-05    0.0084   12.5   0.1    30    65   497   531   493   537 0.86 -
g517.t1              -            894 1014314at2759        -            222   1.3e-17   60.9   4.6   3   6   2.8e-05     0.003   14.0   0.0   121   154   536   571   531   578 0.80 -
g517.t1              -            894 1014314at2759        -            222   1.3e-17   60.9   4.6   4   6      0.06       6.3    3.1   0.0   124   156   582   614   574   628 0.83 -
g517.t1              -            894 1014314at2759        -            222   1.3e-17   60.9   4.6   5   6      0.12        13    2.1   0.0    28    61   628   662   618   669 0.85 -
g517.t1              -            894 1014314at2759        -            222   1.3e-17   60.9   4.6   6   6    0.0082      0.87    5.9   0.1   117   153   669   705   660   710 0.81 -
g517.t2              -            920 1014314at2759        -            222   1.8e-17   60.5   4.1   1   6   5.9e-07   6.2e-05   19.5   0.0   116   156   382   423   375   444 0.87 -
g517.t2              -            920 1014314at2759        -            222   1.8e-17   60.5   4.1   2   6   7.5e-05    0.0079   12.6   0.1    30    66   497   532   493   539 0.85 -
g517.t2              -            920 1014314at2759        -            222   1.8e-17   60.5   4.1   3   6   2.9e-05    0.0031   13.9   0.0   121   154   536   571   531   578 0.80 -
g517.t2              -            920 1014314at2759        -            222   1.8e-17   60.5   4.1   4   6     0.063       6.6    3.0   0.0   124   156   582   614   574   627 0.83 -
g517.t2              -            920 1014314at2759        -            222   1.8e-17   60.5   4.1   5   6      0.13        14    2.0   0.0    28    61   628   662   618   668 0.85 -
g517.t2              -            920 1014314at2759        -            222   1.8e-17   60.5   4.1   6   6     0.018       1.9    4.8   0.0   125   153   703   731   693   737 0.83 -
g2153.t1             -           1445 1014314at2759        -            222   2.1e-17   60.2   5.5   1   6   0.00036     0.038   10.4   0.1    28   199   635   675   618   684 0.64 -
g2153.t1             -           1445 1014314at2759        -            222   2.1e-17   60.2   5.5   2   6   0.00012     0.012   12.0   0.3   122   154   679   712   673   715 0.82 -
g2153.t1             -           1445 1014314at2759        -            222   2.1e-17   60.2   5.5   3   6    0.0028       0.3    7.5   0.0    20    66   718   765   713   771 0.85 -
g2153.t1             -           1445 1014314at2759        -            222   2.1e-17   60.2   5.5   4   6    0.0058      0.61    6.4   0.0    29    66   775   813   773   819 0.84 -
g2153.t1             -           1445 1014314at2759        -            222   2.1e-17   60.2   5.5   5   6   5.5e-06   0.00058   16.3   0.0   119   187   817   891   811   906 0.78 -
g2153.t1             -           1445 1014314at2759        -            222   2.1e-17   60.2   5.5   6   6     0.028         3    4.2   0.1     2    27   919   944   918   950 0.83 -
g1372.t1             -            496 1014314at2759        -            222   1.3e-15   54.4   5.2   1   2   3.1e-06   0.00032   17.1   0.3   105   189   210   292   196   297 0.81 -
g1372.t1             -            496 1014314at2759        -            222   1.3e-15   54.4   5.2   2   2   2.6e-11   2.8e-09   33.7   0.7     2   153   315   471   314   476 0.79 -
g553.t1              -           1185 1014314at2759        -            222   1.6e-13   47.6   3.1   1   7       0.8        84   -0.6   0.0    32    64   387   420   370   433 0.71 -
g553.t1              -           1185 1014314at2759        -            222   1.6e-13   47.6   3.1   2   7       1.5   1.5e+02   -1.4   0.0    68    93   452   477   434   496 0.76 -
g553.t1              -           1185 1014314at2759        -            222   1.6e-13   47.6   3.1   3   7   0.00016     0.017   11.5   0.0    27    64   489   528   452   536 0.74 -
g553.t1              -           1185 1014314at2759        -            222   1.6e-13   47.6   3.1   4   7   0.00063     0.066    9.6   0.0    31   201   537   711   531   715 0.62 -
g553.t1              -           1185 1014314at2759        -            222   1.6e-13   47.6   3.1   5   7   3.8e-05     0.004   13.6   0.0   125   220   881   978   871   979 0.86 -
g553.t1              -           1185 1014314at2759        -            222   1.6e-13   47.6   3.1   6   7    0.0071      0.74    6.1   0.0   120   156   959   996   950  1003 0.64 -
g553.t1              -           1185 1014314at2759        -            222   1.6e-13   47.6   3.1   7   7      0.38        40    0.5   0.0   143   184  1032  1075  1018  1091 0.62 -
g2103.t1             -            429 1014314at2759        -            222   1.6e-12   44.3   1.6   1   3   2.4e-10   2.5e-08   30.6   0.3   105   186    39   118    26   140 0.80 -
g2103.t1             -            429 1014314at2759        -            222   1.6e-12   44.3   1.6   2   3       0.1        11    2.4   0.0   162   190   145   173   141   180 0.78 -
g2103.t1             -            429 1014314at2759        -            222   1.6e-12   44.3   1.6   3   3    0.0012      0.12    8.7   0.0    27   108   191   276   183   294 0.68 -
g984.t1              -            592 1014314at2759        -            222   2.8e-10   37.0   4.5   1   3    0.0026      0.27    7.6   0.1     2    32    11    41     4    46 0.83 -
g984.t1              -            592 1014314at2759        -            222   2.8e-10   37.0   4.5   2   3   8.5e-09     9e-07   25.5   0.9   124   195    66   138    54   156 0.76 -
g984.t1              -            592 1014314at2759        -            222   2.8e-10   37.0   4.5   3   3     0.072       7.6    2.8   0.0     4    28   218   242   208   255 0.70 -
g1850.t1             -            551 1014314at2759        -            222   5.1e-10   36.1   0.0   1   4   0.00025     0.026   10.9   0.0    30    71   164   206   159   237 0.77 -
g1850.t1             -            551 1014314at2759        -            222   5.1e-10   36.1   0.0   2   4   0.00012     0.013   11.9   0.0    33    66   308   342   302   348 0.86 -
g1850.t1             -            551 1014314at2759        -            222   5.1e-10   36.1   0.0   3   4    0.0022      0.23    7.8   0.0    29    62   349   383   345   389 0.81 -
g1850.t1             -            551 1014314at2759        -            222   5.1e-10   36.1   0.0   4   4       3.4   3.5e+02   -2.6   0.0    46    60   472   486   463   494 0.62 -
g367.t1              -            336 1014314at2759        -            222   2.3e-09   34.0   0.9   1   4       2.9     3e+02   -2.4   0.0    17    43    32    59    28    63 0.66 -
g367.t1              -            336 1014314at2759        -            222   2.3e-09   34.0   0.9   2   4      0.12        13    2.1   0.0    38    71    80   115    74   124 0.81 -
g367.t1              -            336 1014314at2759        -            222   2.3e-09   34.0   0.9   3   4     5e-08   5.3e-06   23.0   0.6     4   153   131   288   128   292 0.76 -
g367.t1              -            336 1014314at2759        -            222   2.3e-09   34.0   0.9   4   4      0.22        23    1.3   0.0    33    60   306   333   301   335 0.85 -
g1233.t1             -            386 1014314at2759        -            222   4.5e-09   33.0   0.1   1   4   4.1e-05    0.0044   13.4   0.0    30    66    75   113    67   120 0.87 -
g1233.t1             -            386 1014314at2759        -            222   4.5e-09   33.0   0.1   2   4     0.043       4.5    3.6   0.0    31    67   121   157   114   161 0.78 -
g1233.t1             -            386 1014314at2759        -            222   4.5e-09   33.0   0.1   3   4   8.4e-05    0.0088   12.4   0.0    25    63   158   197   154   217 0.86 -
g1233.t1             -            386 1014314at2759        -            222   4.5e-09   33.0   0.1   4   4       2.3   2.4e+02   -2.0   0.0    47    68   227   249   206   252 0.62 -
g1616.t1             -           2095 1014314at2759        -            222   7.4e-08   29.0   0.1   1   3       7.1   7.4e+02   -3.7   0.1    75   129  1778  1809  1761  1813 0.52 -
g1616.t1             -           2095 1014314at2759        -            222   7.4e-08   29.0   0.1   2   3      0.14        15    1.9   0.0   162   187  1920  1945  1880  1963 0.74 -
g1616.t1             -           2095 1014314at2759        -            222   7.4e-08   29.0   0.1   3   3     2e-08   2.1e-06   24.3   0.0   128   196  1970  2041  1949  2051 0.76 -
g1616.t2             -           2140 1014314at2759        -            222   7.7e-08   29.0   0.1   1   3       7.2   7.6e+02   -3.7   0.1    75   129  1823  1854  1806  1858 0.52 -
g1616.t2             -           2140 1014314at2759        -            222   7.7e-08   29.0   0.1   2   3      0.15        16    1.8   0.0   163   187  1966  1990  1926  2008 0.75 -
g1616.t2             -           2140 1014314at2759        -            222   7.7e-08   29.0   0.1   3   3     2e-08   2.1e-06   24.3   0.0   128   196  2015  2086  1994  2096 0.76 -
g6.t1                -            762 1014314at2759        -            222   9.8e-07   25.4   0.6   1   6      0.15        16    1.8   0.0   127   155    44    72    37    87 0.85 -
g6.t1                -            762 1014314at2759        -            222   9.8e-07   25.4   0.6   2   6     0.007      0.73    6.2   0.0    35    70   120   157   114   172 0.66 -
g6.t1                -            762 1014314at2759        -            222   9.8e-07   25.4   0.6   3   6     0.051       5.3    3.4   0.1    30    72   235   276   220   286 0.72 -
g6.t1                -            762 1014314at2759        -            222   9.8e-07   25.4   0.6   4   6      0.33        35    0.7   0.0    35    65   289   320   282   326 0.84 -
g6.t1                -            762 1014314at2759        -            222   9.8e-07   25.4   0.6   5   6      0.34        36    0.6   0.0   148   182   327   362   323   375 0.73 -
g6.t1                -            762 1014314at2759        -            222   9.8e-07   25.4   0.6   6   6     0.049       5.2    3.4   0.0     8    35   412   439   407   454 0.89 -
g1351.t1             -            746 1014314at2759        -            222   1.7e-06   24.6   2.6   1   6     0.026       2.8    4.3   0.0     3    32    25    54     7    61 0.85 -
g1351.t1             -            746 1014314at2759        -            222   1.7e-06   24.6   2.6   2   6       1.1   1.2e+02   -1.0   0.1   139   163    94   118    75   128 0.68 -
g1351.t1             -            746 1014314at2759        -            222   1.7e-06   24.6   2.6   3   6    0.0071      0.74    6.1   0.0     2    33   224   255   223   261 0.91 -
g1351.t1             -            746 1014314at2759        -            222   1.7e-06   24.6   2.6   4   6    0.0031      0.33    7.3   0.0    28    76   302   350   273   354 0.81 -
g1351.t1             -            746 1014314at2759        -            222   1.7e-06   24.6   2.6   5   6       1.2   1.3e+02   -1.2   0.0    40    71   482   513   479   523 0.79 -
g1351.t1             -            746 1014314at2759        -            222   1.7e-06   24.6   2.6   6   6       2.4   2.6e+02   -2.2   0.0    75    95   580   600   561   606 0.79 -
g495.t1              -           1007 1014314at2759        -            222   1.7e-05   21.3   1.0   1   4   0.00052     0.054    9.9   0.1   116   172   716   771   709   790 0.80 -
g495.t1              -           1007 1014314at2759        -            222   1.7e-05   21.3   1.0   2   4    0.0056      0.59    6.5   0.1   129   174   817   861   804   881 0.80 -
g495.t1              -           1007 1014314at2759        -            222   1.7e-05   21.3   1.0   3   4      0.64        67   -0.3   0.0    11    32   863   884   857   919 0.64 -
g495.t1              -           1007 1014314at2759        -            222   1.7e-05   21.3   1.0   4   4      0.48        50    0.2   0.0   134   192   938   995   932  1001 0.58 -
g1055.t1             -            390 1014314at2759        -            222   0.00023   17.6   9.0   1   4     0.054       5.7    3.3   0.0    10    39   117   146   111   168 0.71 -
g1055.t1             -            390 1014314at2759        -            222   0.00023   17.6   9.0   2   4    0.0047       0.5    6.7   0.3   126   173   182   227   176   256 0.78 -
g1055.t1             -            390 1014314at2759        -            222   0.00023   17.6   9.0   3   4    0.0045      0.47    6.8   0.4    10    28   320   338   258   348 0.59 -
g1055.t1             -            390 1014314at2759        -            222   0.00023   17.6   9.0   4   4      0.11        12    2.2   0.0    11    27   367   383   355   387 0.87 -
g155.t1              -            393 1014314at2759        -            222   0.00087   15.7   0.1   1   2      0.89        93   -0.7   0.0   127   194    30    56    21    79 0.60 -
g155.t1              -            393 1014314at2759        -            222   0.00087   15.7   0.1   2   2   6.6e-05    0.0069   12.8   0.0   129   194   160   227   147   247 0.82 -
g239.t1              -           1241 1014314at2759        -            222     0.002   14.5   0.0   1   1   3.8e-05     0.004   13.6   0.0    26    72   996  1042   977  1080 0.73 -
#
# Program:         hmmsearch
# Version:         3.2.1 (June 2018)
# Pipeline mode:   SEARCH
# Query file:      /labs/Wegrzyn/bikash/botany2021/braker/busco_downloads/lineages/eukaryota_odb10/hmms/1014314at2759.hmm
# Target file:     /labs/Wegrzyn/bikash/botany2021/braker/braker/augustus.hints.aa
# Option settings: /isg/shared/apps/hmmer/3.2.1/bin/hmmsearch --domtblout /labs/Wegrzyn/bikash/botany2021/braker/busco_output/auto_lineage/run_eukaryota_odb10/hmmer_output/initial_run_results/1014314at2759.out --cpu 1 /labs/Wegrzyn/bikash/botany2021/braker/busco_downloads/lineages/eukaryota_odb10/hmms/1014314at2759.hmm /labs/Wegrzyn/bikash/botany2021/braker/braker/augustus.hints.aa 
# Current dir:     /labs/Wegrzyn/bikash/botany2021/braker
# Date:            Thu Jul 15 15:21:50 2021
# [ok]
