#                                                                            --- full sequence --- -------------- this domain -------------   hmm coord   ali coord   env coord
# target name        accession   tlen query name           accession   qlen   E-value  score  bias   #  of  c-Evalue  i-Evalue  score  bias  from    to  from    to  from    to  acc description of target
#------------------- ---------- ----- -------------------- ---------- ----- --------- ------ ----- --- --- --------- --------- ------ ----- ----- ----- ----- ----- ----- ----- ---- ---------------------
g1816.t1             -            312 1025450at2759        -            307   7.6e-48  160.4  15.3   1   5   2.8e-07   2.7e-05   20.7   0.1    56   100    12    55     6    57 0.91 -
g1816.t1             -            312 1025450at2759        -            307   7.6e-48  160.4  15.3   2   5   1.5e-09   1.4e-07   28.1   0.2    37    95    35    94    34    99 0.77 -
g1816.t1             -            312 1025450at2759        -            307   7.6e-48  160.4  15.3   3   5   8.8e-14   8.3e-12   42.0   0.3    29    95    70   136    67   138 0.94 -
g1816.t1             -            312 1025450at2759        -            307   7.6e-48  160.4  15.3   4   5   2.6e-21   2.4e-19   66.8   0.2    21   143   100   235    96   239 0.87 -
g1816.t1             -            312 1025450at2759        -            307   7.6e-48  160.4  15.3   5   5   7.7e-13   7.2e-11   39.0   0.1    29    94   241   309   225   311 0.81 -
g1277.t1             -           1127 1025450at2759        -            307   1.5e-26   90.4   7.9   1   5     0.018       1.6    4.9   0.0    54    82   317   345   259   361 0.66 -
g1277.t1             -           1127 1025450at2759        -            307   1.5e-26   90.4   7.9   2   5      0.07       6.5    3.0   0.0    98   172   376   459   366   469 0.58 -
g1277.t1             -           1127 1025450at2759        -            307   1.5e-26   90.4   7.9   3   5     0.024       2.2    4.5   0.1   109   180   543   615   531   623 0.84 -
g1277.t1             -           1127 1025450at2759        -            307   1.5e-26   90.4   7.9   4   5   1.7e-21   1.6e-19   67.3   0.6    30   172   624   776   622   782 0.89 -
g1277.t1             -           1127 1025450at2759        -            307   1.5e-26   90.4   7.9   5   5   0.00081     0.076    9.3   0.0    61    95   783   817   776   827 0.62 -
g1569.t1             -            327 1025450at2759        -            307   6.6e-26   88.3  11.9   1   4     5e-08   4.7e-06   23.1   0.1    22    95    12    95     3    98 0.80 -
g1569.t1             -            327 1025450at2759        -            307   6.6e-26   88.3  11.9   2   4   3.5e-19   3.2e-17   59.8   4.2    27   173    69   227    67   229 0.83 -
g1569.t1             -            327 1025450at2759        -            307   6.6e-26   88.3  11.9   3   4    0.0038      0.35    7.1   0.0   138   177   232   271   225   295 0.75 -
g1569.t1             -            327 1025450at2759        -            307   6.6e-26   88.3  11.9   4   4   4.4e-05    0.0041   13.5   0.1   143   169   297   323   285   325 0.90 -
g1372.t1             -            496 1025450at2759        -            307   6.2e-25   85.1   7.0   1   2   5.8e-11   5.5e-09   32.8   0.8    46   155   210   327   197   328 0.87 -
g1372.t1             -            496 1025450at2759        -            307   6.2e-25   85.1   7.0   2   2   6.7e-18   6.3e-16   55.6   0.5    37   172   327   474   325   490 0.83 -
g2153.t1             -           1445 1025450at2759        -            307   7.7e-25   84.8   8.6   1   3   4.2e-10   3.9e-08   30.0   0.3    21    96   635   714   631   718 0.84 -
g2153.t1             -           1445 1025450at2759        -            307   7.7e-25   84.8   8.6   2   3    0.0049      0.46    6.7   0.0   135   172   726   764   718   772 0.87 -
g2153.t1             -           1445 1025450at2759        -            307   7.7e-25   84.8   8.6   3   3   4.4e-10   4.1e-08   29.9   0.0   110   175   793   858   780   867 0.85 -
g517.t2              -            920 1025450at2759        -            307   2.2e-21   73.5   2.4   1   4   1.4e-07   1.3e-05   21.7   0.0    58    95   385   422   375   429 0.89 -
g517.t2              -            920 1025450at2759        -            307   2.2e-21   73.5   2.4   2   4   2.5e-10   2.4e-08   30.7   0.2    37   106   514   582   496   585 0.90 -
g517.t2              -            920 1025450at2759        -            307   2.2e-21   73.5   2.4   3   4   0.00023     0.021   11.1   0.0   124   180   568   622   568   632 0.83 -
g517.t2              -            920 1025450at2759        -            307   2.2e-21   73.5   2.4   4   4    0.0012      0.11    8.8   0.0   136   174   698   736   681   747 0.79 -
g517.t1              -            894 1025450at2759        -            307   3.4e-21   72.8   2.2   1   5   1.4e-07   1.3e-05   21.7   0.0    58    95   385   422   375   429 0.89 -
g517.t1              -            894 1025450at2759        -            307   3.4e-21   72.8   2.2   2   5    0.0056      0.52    6.6   0.0   254   279   503   530   493   535 0.76 -
g517.t1              -            894 1025450at2759        -            307   3.4e-21   72.8   2.2   3   5   2.7e-10   2.5e-08   30.6   0.1    38   106   515   582   508   585 0.89 -
g517.t1              -            894 1025450at2759        -            307   3.4e-21   72.8   2.2   4   5    0.0013      0.12    8.6   0.0   141   180   583   622   579   632 0.85 -
g517.t1              -            894 1025450at2759        -            307   3.4e-21   72.8   2.2   5   5    0.0023      0.21    7.8   0.0   138   174   674   710   649   721 0.82 -
g1411.t1             -           2130 1025450at2759        -            307   6.7e-17   58.8   1.8   1   2     1e-09   9.7e-08   28.7   0.6    19    94  1354  1438  1338  1440 0.80 -
g1411.t1             -           2130 1025450at2759        -            307   6.7e-17   58.8   1.8   2   2   6.7e-08   6.3e-06   22.7   0.0    98   231  1491  1630  1484  1640 0.75 -
g1411.t2             -           2421 1025450at2759        -            307   1.2e-16   57.9   1.9   1   2   1.1e-09   9.8e-08   28.7   0.6    19    95  1645  1730  1629  1732 0.80 -
g1411.t2             -           2421 1025450at2759        -            307   1.2e-16   57.9   1.9   2   2   8.4e-08   7.9e-06   22.4   0.0    98   226  1782  1916  1775  1929 0.76 -
g553.t1              -           1185 1025450at2759        -            307   3.9e-16   56.2   9.0   1   4    0.0058      0.54    6.5   0.0    93   130   385   422   344   438 0.84 -
g553.t1              -           1185 1025450at2759        -            307   3.9e-16   56.2   9.0   2   4   1.7e-05    0.0016   14.8   0.7    36   101   511   578   472   670 0.72 -
g553.t1              -           1185 1025450at2759        -            307   3.9e-16   56.2   9.0   3   4   9.9e-11   9.2e-09   32.0   0.1    59   170   875   994   853  1003 0.84 -
g553.t1              -           1185 1025450at2759        -            307   3.9e-16   56.2   9.0   4   4      0.23        21    1.3   0.0    99    99  1112  1112  1057  1165 0.56 -
g1055.t1             -            390 1025450at2759        -            307   2.2e-15   53.7  13.0   1   3     2e-06   0.00018   17.9   0.1    21   100    63   142    53   153 0.87 -
g1055.t1             -            390 1025450at2759        -            307   2.2e-15   53.7  13.0   2   3   1.1e-07   1.1e-05   22.0   1.7    24   138   178   283   165   291 0.80 -
g1055.t1             -            390 1025450at2759        -            307   2.2e-15   53.7  13.0   3   3   4.6e-07   4.3e-05   20.0   3.9    52   168   252   383   250   388 0.76 -
g495.t1              -           1007 1025450at2759        -            307   4.1e-15   52.9   2.9   1   3   1.1e-05     0.001   15.5   0.0   156   259   703   806   687   819 0.79 -
g495.t1              -           1007 1025450at2759        -            307   4.1e-15   52.9   2.9   2   3   8.9e-08   8.3e-06   22.3   0.6    35   100   824   886   817   900 0.89 -
g495.t1              -           1007 1025450at2759        -            307   4.1e-15   52.9   2.9   3   3   3.3e-05    0.0031   13.9   0.1   147   259   897  1004   887  1006 0.80 -
g2012.t1             -           1036 1025450at2759        -            307   2.7e-10   37.1   2.9   1   4     0.022         2    4.6   0.0   144   265    57    99     8   129 0.59 -
g2012.t1             -           1036 1025450at2759        -            307   2.7e-10   37.1   2.9   2   4   2.5e-08   2.4e-06   24.1   0.2   149   249   164   260   155   278 0.78 -
g2012.t1             -           1036 1025450at2759        -            307   2.7e-10   37.1   2.9   3   4     0.026       2.4    4.4   0.0   157   170   476   489   470   563 0.67 -
g2012.t1             -           1036 1025450at2759        -            307   2.7e-10   37.1   2.9   4   4         3   2.8e+02   -2.4   0.0    36   217   657   683   636   701 0.46 -
g984.t1              -            592 1025450at2759        -            307   7.1e-10   35.7   5.9   1   3    0.0018      0.17    8.2   0.1    58    89     2    32     1    47 0.78 -
g984.t1              -            592 1025450at2759        -            307   7.1e-10   35.7   5.9   2   3   1.6e-08   1.5e-06   24.8   2.6    96   283    66   248    53   256 0.79 -
g984.t1              -            592 1025450at2759        -            307   7.1e-10   35.7   5.9   3   3       4.1   3.9e+02   -2.9   0.0   177   194   427   444   407   481 0.54 -
g239.t1              -           1241 1025450at2759        -            307     2e-09   34.2   0.2   1   1   4.8e-11   4.5e-09   33.0   0.2   111   240   973  1105   965  1118 0.82 -
g1850.t1             -            551 1025450at2759        -            307   3.9e-09   33.3   0.0   1   3   6.9e-05    0.0065   12.8   0.0    99   172   169   244   157   252 0.79 -
g1850.t1             -            551 1025450at2759        -            307   3.9e-09   33.3   0.0   2   3   3.5e-06   0.00033   17.1   0.0    35    92   322   382   313   389 0.91 -
g1850.t1             -            551 1025450at2759        -            307   3.9e-09   33.3   0.0   3   3       2.1     2e+02   -1.9   0.0   105   125   468   487   466   514 0.76 -
g2103.t1             -            429 1025450at2759        -            307   3.8e-08   30.0   1.6   1   4   3.6e-06   0.00034   17.0   0.1    56    95    49    88    36    95 0.84 -
g2103.t1             -            429 1025450at2759        -            307   3.8e-08   30.0   1.6   2   4     0.047       4.4    3.5   0.1   123   175    83   133    79   143 0.57 -
g2103.t1             -            429 1025450at2759        -            307   3.8e-08   30.0   1.6   3   4      0.12        11    2.2   0.0    67    90   152   175   134   210 0.73 -
g2103.t1             -            429 1025450at2759        -            307   3.8e-08   30.0   1.6   4   4    0.0051      0.48    6.7   0.1   152   173   213   234   176   251 0.59 -
g2173.t1             -            401 1025450at2759        -            307     5e-08   29.6   0.7   1   2   1.6e-09   1.5e-07   28.1   0.2   103   248   156   320   148   327 0.80 -
g2173.t1             -            401 1025450at2759        -            307     5e-08   29.6   0.7   2   2       1.4   1.3e+02   -1.3   0.0   155   171   360   376   334   386 0.67 -
g1351.t1             -            746 1025450at2759        -            307   6.9e-07   25.9   1.9   1   5      0.32        30    0.8   0.0   144   174    25    55    14    64 0.82 -
g1351.t1             -            746 1025450at2759        -            307   6.9e-07   25.9   1.9   2   5      0.32        30    0.8   0.0   263   277    94   108    89   119 0.85 -
g1351.t1             -            746 1025450at2759        -            307   6.9e-07   25.9   1.9   3   5   1.1e-05     0.001   15.5   0.1    98   257   175   346   169   355 0.72 -
g1351.t1             -            746 1025450at2759        -            307   6.9e-07   25.9   1.9   4   5       4.7   4.4e+02   -3.0   0.0   150   172   485   507   481   515 0.45 -
g1351.t1             -            746 1025450at2759        -            307   6.9e-07   25.9   1.9   5   5      0.16        15    1.7   0.1   117   173   547   604   529   612 0.62 -
g1233.t1             -            386 1025450at2759        -            307   1.2e-05   21.8   8.2   1   5      0.31        29    0.8   0.0    49    72    63    86    56    91 0.86 -
g1233.t1             -            386 1025450at2759        -            307   1.2e-05   21.8   8.2   2   5     7e-05    0.0065   12.8   0.1   261   288    93   120    90   130 0.85 -
g1233.t1             -            386 1025450at2759        -            307   1.2e-05   21.8   8.2   3   5   0.00083     0.078    9.3   0.3    47    98   148   201   131   209 0.69 -
g1233.t1             -            386 1025450at2759        -            307   1.2e-05   21.8   8.2   4   5      0.25        23    1.1   0.0   126   175   200   249   199   263 0.71 -
g1233.t1             -            386 1025450at2759        -            307   1.2e-05   21.8   8.2   5   5       6.9   6.5e+02   -3.6   0.1    39    52   339   352   338   356 0.59 -
g367.t1              -            336 1025450at2759        -            307   6.9e-05   19.3   0.2   1   2   0.00045     0.042   10.2   0.3   234   286   145   206   142   212 0.68 -
g367.t1              -            336 1025450at2759        -            307   6.9e-05   19.3   0.2   2   2    0.0092      0.86    5.9   0.0    21    52   253   289   228   297 0.63 -
g1616.t2             -           2140 1025450at2759        -            307   0.00021   17.7   0.1   1   2   0.00013     0.012   12.0   0.0    36    96  1983  2043  1977  2053 0.74 -
g1616.t2             -           2140 1025450at2759        -            307   0.00021   17.7   0.1   2   2   3.1e-05    0.0029   14.0   0.0   105   174  2019  2088  2015  2095 0.75 -
g1616.t1             -           2095 1025450at2759        -            307   0.00022   17.7   0.1   1   3      0.69        64   -0.3   0.0   147   178  1931  1961  1919  1971 0.62 -
g1616.t1             -           2095 1025450at2759        -            307   0.00022   17.7   0.1   2   3   0.00014     0.013   11.9   0.0    36    95  1938  1997  1930  2006 0.73 -
g1616.t1             -           2095 1025450at2759        -            307   0.00022   17.7   0.1   3   3     3e-05    0.0028   14.0   0.0   105   174  1974  2043  1970  2050 0.75 -
g155.t1              -            393 1025450at2759        -            307   0.00025   17.5   0.0   1   3     0.086         8    2.7   0.0   140   247    27   142    14   169 0.58 -
g155.t1              -            393 1025450at2759        -            307   0.00025   17.5   0.0   2   3   0.00015     0.014   11.8   0.0    47    94   182   230   176   240 0.87 -
g155.t1              -            393 1025450at2759        -            307   0.00025   17.5   0.0   3   3       7.3   6.9e+02   -3.7   0.0   112   127   262   277   256   284 0.49 -
g6.t1                -            762 1025450at2759        -            307    0.0027   14.1   0.8   1   5     0.022       2.1    4.6   0.0    65    97    42    73    36    76 0.89 -
g6.t1                -            762 1025450at2759        -            307    0.0027   14.1   0.8   2   5     0.023       2.1    4.6   0.0    95   133   119   156   112   176 0.74 -
g6.t1                -            762 1025450at2759        -            307    0.0027   14.1   0.8   3   5       1.3   1.2e+02   -1.2   0.0   165   207   274   319   239   331 0.57 -
g6.t1                -            762 1025450at2759        -            307    0.0027   14.1   0.8   4   5       1.3   1.2e+02   -1.2   0.0    66    95   348   376   341   389 0.67 -
g6.t1                -            762 1025450at2759        -            307    0.0027   14.1   0.8   5   5       6.2   5.8e+02   -3.4   0.0   148   170   411   433   406   443 0.56 -
g1693.t1             -            949 1025450at2759        -            307     0.003   13.9   1.0   1   3       7.3   6.9e+02   -3.7   0.0   253   279   245   271   225   279 0.52 -
g1693.t1             -            949 1025450at2759        -            307     0.003   13.9   1.0   2   3   6.5e-05    0.0061   12.9   0.0    54    92   380   419   367   424 0.89 -
g1693.t1             -            949 1025450at2759        -            307     0.003   13.9   1.0   3   3       4.1   3.9e+02   -2.9   0.1    63    95   448   481   434   492 0.61 -
g1218.t1             -            881 1025450at2759        -            307     0.017   11.5   0.1   1   2      0.09       8.4    2.6   0.0   175   249    17    90    10   104 0.78 -
g1218.t1             -            881 1025450at2759        -            307     0.017   11.5   0.1   2   2    0.0088      0.82    5.9   0.0    51    93   343   386   335   393 0.85 -
#
# Program:         hmmsearch
# Version:         3.2.1 (June 2018)
# Pipeline mode:   SEARCH
# Query file:      /labs/Wegrzyn/bikash/botany2021/braker/busco_downloads/lineages/eukaryota_odb10/hmms/1025450at2759.hmm
# Target file:     /labs/Wegrzyn/bikash/botany2021/braker/braker/augustus.hints.aa
# Option settings: /isg/shared/apps/hmmer/3.2.1/bin/hmmsearch --domtblout /labs/Wegrzyn/bikash/botany2021/braker/busco_output/auto_lineage/run_eukaryota_odb10/hmmer_output/initial_run_results/1025450at2759.out --cpu 1 /labs/Wegrzyn/bikash/botany2021/braker/busco_downloads/lineages/eukaryota_odb10/hmms/1025450at2759.hmm /labs/Wegrzyn/bikash/botany2021/braker/braker/augustus.hints.aa 
# Current dir:     /labs/Wegrzyn/bikash/botany2021/braker
# Date:            Thu Jul 15 15:21:50 2021
# [ok]
