#                                                                            --- full sequence --- -------------- this domain -------------   hmm coord   ali coord   env coord
# target name        accession   tlen query name           accession   qlen   E-value  score  bias   #  of  c-Evalue  i-Evalue  score  bias  from    to  from    to  from    to  acc description of target
#------------------- ---------- ----- -------------------- ---------- ----- --------- ------ ----- --- --- --------- --------- ------ ----- ----- ----- ----- ----- ----- ----- ---- ---------------------
g1816.t1             -            312 1049599at2759        -            340   2.6e-19   66.8   0.2   1   4     2e-06   0.00031   17.2   0.0   233   290    21    91     4    92 0.65 -
g1816.t1             -            312 1049599at2759        -            340   2.6e-19   66.8   0.2   2   4   3.6e-09   5.7e-07   26.2   0.0   200   265    67   138    64   143 0.87 -
g1816.t1             -            312 1049599at2759        -            340   2.6e-19   66.8   0.2   3   4   4.6e-06   0.00073   16.0   0.0   198   264   149   222   146   233 0.80 -
g1816.t1             -            312 1049599at2759        -            340   2.6e-19   66.8   0.2   4   4   0.00024     0.038   10.3   0.0   207   260   246   307   237   311 0.81 -
g1569.t1             -            327 1049599at2759        -            340   2.5e-16   57.0   0.9   1   4      0.01       1.6    5.0   0.0   208   265    29    97    12   100 0.66 -
g1569.t1             -            327 1049599at2759        -            340   2.5e-16   57.0   0.9   2   4    0.0001     0.016   11.6   0.0   199   261    67   135    61   144 0.87 -
g1569.t1             -            327 1049599at2759        -            340   2.5e-16   57.0   0.9   3   4    0.0089       1.4    5.2   0.0   223   265   141   185   137   190 0.85 -
g1569.t1             -            327 1049599at2759        -            340   2.5e-16   57.0   0.9   4   4   8.1e-11   1.3e-08   31.6   0.0   235   339   197   319   186   320 0.69 -
g1277.t1             -           1127 1049599at2759        -            340   6.1e-15   52.4   3.8   1   7    0.0005     0.079    9.3   0.0   184   259   272   353   246   357 0.70 -
g1277.t1             -           1127 1049599at2759        -            340   6.1e-15   52.4   3.8   2   7       2.7   4.2e+02   -3.0   0.0   199   314   378   397   372   408 0.57 -
g1277.t1             -           1127 1049599at2759        -            340   6.1e-15   52.4   3.8   3   7       1.8   2.9e+02   -2.4   0.1   132   155   482   505   476   509 0.84 -
g1277.t1             -           1127 1049599at2759        -            340   6.1e-15   52.4   3.8   4   7   4.2e-06   0.00067   16.1   0.1   234   291   618   687   592   693 0.71 -
g1277.t1             -           1127 1049599at2759        -            340   6.1e-15   52.4   3.8   5   7     0.096        15    1.8   0.0   197   264   659   734   652   737 0.73 -
g1277.t1             -           1127 1049599at2759        -            340   6.1e-15   52.4   3.8   6   7   2.2e-06   0.00035   17.0   0.0   197   261   745   815   742   822 0.83 -
g1277.t1             -           1127 1049599at2759        -            340   6.1e-15   52.4   3.8   7   7     0.009       1.4    5.2   0.0   200   246   852   898   844   907 0.89 -
g1616.t1             -           2095 1049599at2759        -            340     8e-10   35.6   0.0   1   2   6.6e-11     1e-08   31.9   0.0   157   272  1886  2006  1873  2028 0.80 -
g1616.t1             -           2095 1049599at2759        -            340     8e-10   35.6   0.0   2   2      0.13        21    1.3   0.0   235   273  2012  2050  2007  2072 0.87 -
g1616.t2             -           2140 1049599at2759        -            340   8.4e-10   35.5   0.0   1   2   6.7e-11   1.1e-08   31.9   0.0   157   272  1931  2051  1918  2073 0.80 -
g1616.t2             -           2140 1049599at2759        -            340   8.4e-10   35.5   0.0   2   2      0.14        22    1.3   0.0   235   273  2057  2095  2052  2117 0.87 -
g1411.t1             -           2130 1049599at2759        -            340   1.9e-09   34.3   0.1   1   3      0.14        22    1.3   0.1   229   270  1358  1400  1264  1406 0.82 -
g1411.t1             -           2130 1049599at2759        -            340   1.9e-09   34.3   0.1   2   3     2e-06   0.00031   17.2   0.0   208   274  1420  1490  1407  1499 0.81 -
g1411.t1             -           2130 1049599at2759        -            340   1.9e-09   34.3   0.1   3   3   0.00014     0.022   11.1   0.0   226   291  1526  1596  1491  1638 0.74 -
g1411.t2             -           2421 1049599at2759        -            340   2.9e-09   33.7   0.1   1   3      0.15        24    1.1   0.1   229   270  1649  1691  1554  1697 0.81 -
g1411.t2             -           2421 1049599at2759        -            340   2.9e-09   33.7   0.1   2   3   2.2e-06   0.00035   17.0   0.0   208   274  1711  1781  1697  1791 0.81 -
g1411.t2             -           2421 1049599at2759        -            340   2.9e-09   33.7   0.1   3   3   0.00016     0.026   10.9   0.0   226   291  1817  1887  1782  1929 0.74 -
g553.t1              -           1185 1049599at2759        -            340   5.7e-08   29.5   0.1   1   5     0.071        11    2.2   0.0   234   265   390   422   371   429 0.81 -
g553.t1              -           1185 1049599at2759        -            340   5.7e-08   29.5   0.1   2   5     0.051       8.1    2.7   0.0   235   263   453   481   435   490 0.82 -
g553.t1              -           1185 1049599at2759        -            340   5.7e-08   29.5   0.1   3   5     0.049       7.8    2.7   0.0   202   259   636   701   614   712 0.80 -
g553.t1              -           1185 1049599at2759        -            340   5.7e-08   29.5   0.1   4   5   2.9e-05    0.0046   13.3   0.0   198   265   882   955   870   989 0.73 -
g553.t1              -           1185 1049599at2759        -            340   5.7e-08   29.5   0.1   5   5      0.36        58   -0.1   0.0   164   260   982  1085   953  1090 0.54 -
g2153.t1             -           1445 1049599at2759        -            340   4.2e-07   26.6   5.8   1   5         5   7.9e+02   -3.9   0.1   179   215   183   219   177   223 0.73 -
g2153.t1             -           1445 1049599at2759        -            340   4.2e-07   26.6   5.8   2   5       2.5   3.9e+02   -2.9   0.2   108   202   312   403   308   408 0.60 -
g2153.t1             -           1445 1049599at2759        -            340   4.2e-07   26.6   5.8   3   5    0.0001     0.016   11.6   0.0   197   266   641   716   626   738 0.83 -
g2153.t1             -           1445 1049599at2759        -            340   4.2e-07   26.6   5.8   4   5   2.8e-05    0.0044   13.4   0.0   209   265   793   856   780   860 0.74 -
g2153.t1             -           1445 1049599at2759        -            340   4.2e-07   26.6   5.8   5   5      0.18        29    0.8   0.0   234   261   918   945   872   955 0.84 -
g517.t1              -            894 1049599at2759        -            340   1.3e-05   21.7   0.6   1   4    0.0055      0.86    5.9   0.0   222   264   381   423   363   428 0.74 -
g517.t1              -            894 1049599at2759        -            340   1.3e-05   21.7   0.6   2   4   7.3e-05     0.012   12.0   0.0   208   263   511   572   502   576 0.84 -
g517.t1              -            894 1049599at2759        -            340   1.3e-05   21.7   0.6   3   4       1.8   2.9e+02   -2.4   0.0   231   264   581   614   574   617 0.87 -
g517.t1              -            894 1049599at2759        -            340   1.3e-05   21.7   0.6   4   4      0.64     1e+02   -0.9   0.1   136   223   617   703   608   712 0.52 -
g517.t2              -            920 1049599at2759        -            340   1.9e-05   21.1   0.2   1   4    0.0057      0.89    5.8   0.0   222   264   381   423   363   428 0.74 -
g517.t2              -            920 1049599at2759        -            340   1.9e-05   21.1   0.2   2   4   7.6e-05     0.012   12.0   0.0   208   263   511   572   502   576 0.84 -
g517.t2              -            920 1049599at2759        -            340   1.9e-05   21.1   0.2   3   4       2.1   3.3e+02   -2.6   0.0   231   264   581   614   575   616 0.87 -
g517.t2              -            920 1049599at2759        -            340   1.9e-05   21.1   0.2   4   4       4.5   7.1e+02   -3.7   0.0   204   259   710   729   704   737 0.54 -
g1372.t1             -            496 1049599at2759        -            340   4.4e-05   20.0   0.1   1   4    0.0031      0.49    6.7   0.0   211   264   212   261   197   266 0.78 -
g1372.t1             -            496 1049599at2759        -            340   4.4e-05   20.0   0.1   2   4     0.033       5.2    3.3   0.0   208   265   281   345   276   369 0.71 -
g1372.t1             -            496 1049599at2759        -            340   4.4e-05   20.0   0.1   3   4     0.034       5.3    3.3   0.0   210   265   326   390   313   413 0.64 -
g1372.t1             -            496 1049599at2759        -            340   4.4e-05   20.0   0.1   4   4     0.038         6    3.1   0.0   227   264   437   474   406   486 0.75 -
g2173.t1             -            401 1049599at2759        -            340   9.5e-05   18.9   0.1   1   3       1.1   1.7e+02   -1.7   0.0   210   233   165   188   155   202 0.75 -
g2173.t1             -            401 1049599at2759        -            340   9.5e-05   18.9   0.1   2   3   5.6e-06   0.00088   15.7   0.1   199   271   203   283   186   290 0.82 -
g2173.t1             -            401 1049599at2759        -            340   9.5e-05   18.9   0.1   3   3      0.47        74   -0.5   0.0   198   226   289   318   282   322 0.67 -
g2012.t1             -           1036 1049599at2759        -            340    0.0022   14.4   0.1   1   2     0.063        10    2.4   0.0   268   303    56    96    33   109 0.68 -
g2012.t1             -           1036 1049599at2759        -            340    0.0022   14.4   0.1   2   2   0.00069      0.11    8.8   0.0   207   263   201   258   172   264 0.88 -
g239.t1              -           1241 1049599at2759        -            340     0.012   12.0   0.5   1   3      0.76   1.2e+02   -1.2   0.0   244   267   972   994   937  1000 0.77 -
g239.t1              -           1241 1049599at2759        -            340     0.012   12.0   0.5   2   3    0.0012      0.19    8.0   0.0   226   264   997  1035   989  1043 0.85 -
g239.t1              -           1241 1049599at2759        -            340     0.012   12.0   0.5   3   3      0.33        53   -0.0   0.1   138   217  1067  1149  1049  1210 0.67 -
g984.t1              -            592 1049599at2759        -            340     0.027   10.8   0.4   1   3      0.69   1.1e+02   -1.0   0.0   267   312    10    28     3    44 0.48 -
g984.t1              -            592 1049599at2759        -            340     0.027   10.8   0.4   2   3    0.0011      0.17    8.2   0.1   197   262    68   139    56   158 0.82 -
g984.t1              -            592 1049599at2759        -            340     0.027   10.8   0.4   3   3       2.3   3.6e+02   -2.7   0.0   234   258   215   239   196   248 0.58 -
#
# Program:         hmmsearch
# Version:         3.2.1 (June 2018)
# Pipeline mode:   SEARCH
# Query file:      /labs/Wegrzyn/bikash/botany2021/braker/busco_downloads/lineages/eukaryota_odb10/hmms/1049599at2759.hmm
# Target file:     /labs/Wegrzyn/bikash/botany2021/braker/braker/augustus.hints.aa
# Option settings: /isg/shared/apps/hmmer/3.2.1/bin/hmmsearch --domtblout /labs/Wegrzyn/bikash/botany2021/braker/busco_output/auto_lineage/run_eukaryota_odb10/hmmer_output/initial_run_results/1049599at2759.out --cpu 1 /labs/Wegrzyn/bikash/botany2021/braker/busco_downloads/lineages/eukaryota_odb10/hmms/1049599at2759.hmm /labs/Wegrzyn/bikash/botany2021/braker/braker/augustus.hints.aa 
# Current dir:     /labs/Wegrzyn/bikash/botany2021/braker
# Date:            Thu Jul 15 15:21:51 2021
# [ok]
