#                                                                            --- full sequence --- -------------- this domain -------------   hmm coord   ali coord   env coord
# target name        accession   tlen query name           accession   qlen   E-value  score  bias   #  of  c-Evalue  i-Evalue  score  bias  from    to  from    to  from    to  acc description of target
#------------------- ---------- ----- -------------------- ---------- ----- --------- ------ ----- --- --- --------- --------- ------ ----- ----- ----- ----- ----- ----- ----- ---- ---------------------
g1816.t1             -            312 1112002at2759        -            550     4e-52  174.6   8.6   1   4     2e-10   2.2e-08   30.3   0.1   323   362    12    51    10    64 0.82 -
g1816.t1             -            312 1112002at2759        -            550     4e-52  174.6   8.6   2   4   1.3e-31   1.4e-29  100.2   0.3   289   411    59   186    55   192 0.91 -
g1816.t1             -            312 1112002at2759        -            550     4e-52  174.6   8.6   3   4   7.8e-15   8.6e-13   44.8   0.1   334   422   193   285   190   288 0.90 -
g1816.t1             -            312 1112002at2759        -            550     4e-52  174.6   8.6   4   4    0.0021      0.23    7.1   0.0   296   322   280   308   279   310 0.86 -
g1569.t1             -            327 1112002at2759        -            550     1e-36  123.7  11.3   1   3   2.1e-19   2.3e-17   59.9   3.0   287   415    10   151     2   153 0.82 -
g1569.t1             -            327 1112002at2759        -            550     1e-36  123.7  11.3   2   3   2.1e-24   2.3e-22   76.4   1.3   290   412   103   234   101   240 0.88 -
g1569.t1             -            327 1112002at2759        -            550     1e-36  123.7  11.3   3   3     0.052       5.7    2.5   0.5   378   399   300   321   237   325 0.51 -
g1277.t1             -           1127 1112002at2759        -            550   1.4e-27   93.6   2.4   1   3    0.0035      0.38    6.4   0.0   293   414   327   471   313   473 0.74 -
g1277.t1             -           1127 1112002at2759        -            550   1.4e-27   93.6   2.4   2   3   3.4e-15   3.8e-13   46.0   0.1   327   401   612   687   599   698 0.71 -
g1277.t1             -           1127 1112002at2759        -            550   1.4e-27   93.6   2.4   3   3   3.2e-13   3.5e-11   39.5   0.1   295   409   703   823   697   830 0.82 -
g2153.t1             -           1445 1112002at2759        -            550   2.9e-23   79.4   7.6   1   4   1.3e-08   1.5e-06   24.2   0.3   363   426   631   694   625   706 0.89 -
g2153.t1             -           1445 1112002at2759        -            550   2.9e-23   79.4   7.6   2   4   5.4e-06    0.0006   15.6   0.3   288   362   677   763   674   776 0.56 -
g2153.t1             -           1445 1112002at2759        -            550   2.9e-23   79.4   7.6   3   4   3.4e-12   3.8e-10   36.1   0.1   291   363   777   855   774   910 0.72 -
g2153.t1             -           1445 1112002at2759        -            550   2.9e-23   79.4   7.6   4   4     0.003      0.32    6.6   0.0   291   321   914   944   911   951 0.93 -
g553.t1              -           1185 1112002at2759        -            550   6.9e-21   71.5   6.8   1   6      0.19        21    0.6   0.0    49    88   380   421   376   453 0.82 -
g553.t1              -           1185 1112002at2759        -            550   6.9e-21   71.5   6.8   2   6   1.4e-10   1.5e-08   30.8   0.0   328   425   492   592   485   616 0.76 -
g553.t1              -           1185 1112002at2759        -            550   6.9e-21   71.5   6.8   3   6     0.058       6.4    2.3   0.0   331   398   630   700   614   712 0.74 -
g553.t1              -           1185 1112002at2759        -            550   6.9e-21   71.5   6.8   4   6     0.035       3.9    3.0   0.0   373   406   813   846   810   861 0.90 -
g553.t1              -           1185 1112002at2759        -            550   6.9e-21   71.5   6.8   5   6     5e-11   5.5e-09   32.2   0.1   288   403   875   995   870  1002 0.82 -
g553.t1              -           1185 1112002at2759        -            550   6.9e-21   71.5   6.8   6   6       1.6   1.8e+02   -2.5   0.0   339   400  1022  1085  1018  1097 0.54 -
g517.t1              -            894 1112002at2759        -            550   7.5e-21   71.4   3.1   1   3   2.9e-06   0.00032   16.5   0.0   327   377   387   443   376   457 0.76 -
g517.t1              -            894 1112002at2759        -            550   7.5e-21   71.4   3.1   2   3   1.1e-13   1.2e-11   41.0   0.3   288   408   495   618   473   627 0.87 -
g517.t1              -            894 1112002at2759        -            550   7.5e-21   71.4   3.1   3   3   4.4e-05    0.0048   12.6   0.2   328   404   630   708   624   714 0.82 -
g495.t1              -           1007 1112002at2759        -            550   3.8e-20   69.1   1.1   1   2   9.2e-10     1e-07   28.1   0.2   343   404   735   795   718   810 0.86 -
g495.t1              -           1007 1112002at2759        -            550   3.8e-20   69.1   1.1   2   2   3.6e-13     4e-11   39.3   0.0   296   449   815   969   807   988 0.82 -
g1411.t1             -           2130 1112002at2759        -            550   1.5e-19   67.1   3.4   1   2   2.3e-12   2.5e-10   36.7   1.9   327   411  1357  1447  1349  1478 0.68 -
g1411.t1             -           2130 1112002at2759        -            550   1.5e-19   67.1   3.4   2   2   3.8e-10   4.2e-08   29.3   0.0   324   408  1525  1610  1490  1614 0.92 -
g1411.t2             -           2421 1112002at2759        -            550     2e-19   66.7   3.3   1   2   2.6e-12   2.9e-10   36.5   1.9   327   411  1648  1738  1640  1769 0.68 -
g1411.t2             -           2421 1112002at2759        -            550     2e-19   66.7   3.3   2   2   4.4e-10   4.8e-08   29.1   0.0   324   408  1816  1901  1781  1905 0.92 -
g517.t2              -            920 1112002at2759        -            550   8.6e-19   64.6   3.2   1   3     3e-06   0.00033   16.4   0.0   327   377   387   443   376   457 0.76 -
g517.t2              -            920 1112002at2759        -            550   8.6e-19   64.6   3.2   2   3   1.2e-13   1.3e-11   40.9   0.4   288   408   495   618   473   630 0.87 -
g517.t2              -            920 1112002at2759        -            550   8.6e-19   64.6   3.2   3   3    0.0049      0.54    5.9   0.2    56   152   632   737   620   746 0.62 -
g1372.t1             -            496 1112002at2759        -            550   7.2e-18   61.5   6.2   1   2   7.7e-09   8.4e-07   25.0   0.6   353   437   208   298   196   304 0.86 -
g1372.t1             -            496 1112002at2759        -            550   7.2e-18   61.5   6.2   2   2   3.4e-06   0.00038   16.3   0.1   316   361   423   472   399   486 0.76 -
g1055.t1             -            390 1112002at2759        -            550     7e-16   55.0  12.8   1   2   1.7e-10   1.9e-08   30.5   8.0   244   400   120   293   109   298 0.70 -
g1055.t1             -            390 1112002at2759        -            550     7e-16   55.0  12.8   2   2   2.6e-07   2.9e-05   20.0   0.1   281   359   299   383   294   387 0.79 -
g2173.t1             -            401 1112002at2759        -            550   2.4e-13   46.6   1.5   1   3     2e-06   0.00022   17.1   0.1   328   420   147   249   144   251 0.78 -
g2173.t1             -            401 1112002at2759        -            550   2.4e-13   46.6   1.5   2   3   7.1e-12   7.8e-10   35.0   0.3   291   403   198   319   194   331 0.82 -
g2173.t1             -            401 1112002at2759        -            550   2.4e-13   46.6   1.5   3   3     0.023       2.5    3.7   0.0   259   290   340   375   333   383 0.63 -
g984.t1              -            592 1112002at2759        -            550   4.2e-11   39.2   4.3   1   2     0.012       1.3    4.6   0.0   289   320     4    35     1    45 0.48 -
g984.t1              -            592 1112002at2759        -            550   4.2e-11   39.2   4.3   2   2   1.1e-11   1.2e-09   34.5   2.3   323   413    59   150    54   165 0.84 -
g2103.t1             -            429 1112002at2759        -            550   1.2e-09   34.4   1.2   1   2   8.1e-08   8.9e-06   21.6   0.1   347   422    28   106    19   114 0.82 -
g2103.t1             -            429 1112002at2759        -            550   1.2e-09   34.4   1.2   2   2   0.00013     0.014   11.1   0.1   323   405   189   234   138   250 0.53 -
g1233.t1             -            386 1112002at2759        -            550   2.7e-07   26.6   1.5   1   2   6.4e-08     7e-06   22.0   0.1   321   420    68   172    50   181 0.79 -
g1233.t1             -            386 1112002at2759        -            550   2.7e-07   26.6   1.5   2   2    0.0033      0.36    6.4   0.2   329   412   164   254   157   258 0.69 -
g1850.t1             -            551 1112002at2759        -            550   4.3e-07   26.0   0.1   1   2    0.0041      0.45    6.1   0.0   324   397   160   237   156   255 0.64 -
g1850.t1             -            551 1112002at2759        -            550   4.3e-07   26.0   0.1   2   2   1.6e-06   0.00017   17.4   0.0   305   359   321   382   294   390 0.76 -
g1351.t1             -            746 1112002at2759        -            550   1.1e-06   24.7   1.7   1   3      0.45        50   -0.6   0.2   386   419    93   126    24   130 0.68 -
g1351.t1             -            746 1112002at2759        -            550   1.1e-06   24.7   1.7   2   3   8.9e-06   0.00098   14.9   0.0   346   424   191   276   183   280 0.82 -
g1351.t1             -            746 1112002at2759        -            550   1.1e-06   24.7   1.7   3   3    0.0018       0.2    7.3   0.0   386   448   279   347   276   359 0.80 -
g367.t1              -            336 1112002at2759        -            550   1.7e-06   24.0   0.0   1   3      0.42        46   -0.5   0.0   346   366    93   112    86   123 0.76 -
g367.t1              -            336 1112002at2759        -            550   1.7e-06   24.0   0.0   2   3   6.7e-06   0.00074   15.3   0.0   346   407   142   203   133   213 0.71 -
g367.t1              -            336 1112002at2759        -            550   1.7e-06   24.0   0.0   3   3    0.0079      0.86    5.2   0.0   365   401   251   288   216   298 0.80 -
g239.t1              -           1241 1112002at2759        -            550   5.3e-06   22.4   0.1   1   1   1.4e-07   1.6e-05   20.8   0.1   309   366   975  1038   966  1105 0.76 -
g1683.t1             -            858 1112002at2759        -            550    0.0075   12.0   0.0   1   1    0.0001     0.011   11.4   0.0   304   361   676   740   670   745 0.81 -
g1683.t2             -            877 1112002at2759        -            550    0.0076   12.0   0.0   1   1   0.00011     0.012   11.3   0.0   304   361   695   759   689   764 0.81 -
g6.t1                -            762 1112002at2759        -            550     0.068    8.8   2.2   1   2     0.065       7.1    2.2   0.1   277   303   137   164   120   173 0.66 -
g6.t1                -            762 1112002at2759        -            550     0.068    8.8   2.2   2   2     0.017       1.9    4.0   0.4   259   305   237   282   217   389 0.81 -
#
# Program:         hmmsearch
# Version:         3.2.1 (June 2018)
# Pipeline mode:   SEARCH
# Query file:      /labs/Wegrzyn/bikash/botany2021/braker/busco_downloads/lineages/eukaryota_odb10/hmms/1112002at2759.hmm
# Target file:     /labs/Wegrzyn/bikash/botany2021/braker/braker/augustus.hints.aa
# Option settings: /isg/shared/apps/hmmer/3.2.1/bin/hmmsearch --domtblout /labs/Wegrzyn/bikash/botany2021/braker/busco_output/auto_lineage/run_eukaryota_odb10/hmmer_output/initial_run_results/1112002at2759.out --cpu 1 /labs/Wegrzyn/bikash/botany2021/braker/busco_downloads/lineages/eukaryota_odb10/hmms/1112002at2759.hmm /labs/Wegrzyn/bikash/botany2021/braker/braker/augustus.hints.aa 
# Current dir:     /labs/Wegrzyn/bikash/botany2021/braker
# Date:            Thu Jul 15 15:21:52 2021
# [ok]
