#                                                                            --- full sequence --- -------------- this domain -------------   hmm coord   ali coord   env coord
# target name        accession   tlen query name           accession   qlen   E-value  score  bias   #  of  c-Evalue  i-Evalue  score  bias  from    to  from    to  from    to  acc description of target
#------------------- ---------- ----- -------------------- ---------- ----- --------- ------ ----- --- --- --------- --------- ------ ----- ----- ----- ----- ----- ----- ----- ---- ---------------------
g517.t2              -            920 1173229at2759        -            211   5.1e-05   20.1   0.8   1   3    0.0019      0.93    6.1   0.0    25    55   386   417   376   441 0.90 -
g517.t2              -            920 1173229at2759        -            211   5.1e-05   20.1   0.8   2   3    0.0028       1.4    5.5   0.1   123   183   513   577   508   589 0.75 -
g517.t2              -            920 1173229at2759        -            211   5.1e-05   20.1   0.8   3   3     0.024        12    2.5   0.0    96   151   689   744   678   752 0.81 -
g517.t1              -            894 1173229at2759        -            211   0.00022   18.0   0.9   1   4    0.0018       0.9    6.2   0.0    25    55   386   417   376   441 0.90 -
g517.t1              -            894 1173229at2759        -            211   0.00022   18.0   0.9   2   4    0.0027       1.4    5.6   0.1   123   183   513   577   508   589 0.75 -
g517.t1              -            894 1173229at2759        -            211   0.00022   18.0   0.9   3   4      0.72   3.6e+02   -2.3   0.0   121   139   594   612   581   625 0.73 -
g517.t1              -            894 1173229at2759        -            211   0.00022   18.0   0.9   4   4      0.14        69    0.0   0.0   115   147   682   714   671   724 0.63 -
g553.t1              -           1185 1173229at2759        -            211   0.00054   16.7   1.2   1   5      0.11        55    0.3   0.0    59    79   399   419   383   425 0.61 -
g553.t1              -           1185 1173229at2759        -            211   0.00054   16.7   1.2   2   5     0.011       5.5    3.6   0.0   188   206   509   527   498   530 0.85 -
g553.t1              -           1185 1173229at2759        -            211   0.00054   16.7   1.2   3   5      0.14        73   -0.1   0.0    60    81   641   662   625   667 0.72 -
g553.t1              -           1185 1173229at2759        -            211   0.00054   16.7   1.2   4   5    0.0041       2.1    5.0   0.1   108   178   877   953   837   998 0.59 -
g553.t1              -           1185 1173229at2759        -            211   0.00054   16.7   1.2   5   5      0.51   2.6e+02   -1.8   0.0     9    28  1117  1138  1114  1147 0.68 -
g495.t1              -           1007 1173229at2759        -            211    0.0085   12.8   1.4   1   4     0.019       9.7    2.8   0.0   191   209   738   756   728   758 0.91 -
g495.t1              -           1007 1173229at2759        -            211    0.0085   12.8   1.4   2   4     0.031        16    2.1   0.0   143   205   807   880   761   886 0.60 -
g495.t1              -           1007 1173229at2759        -            211    0.0085   12.8   1.4   3   4    0.0074       3.7    4.2   0.1   120   200   901   981   861   991 0.74 -
g495.t1              -           1007 1173229at2759        -            211    0.0085   12.8   1.4   4   4      0.21   1.1e+02   -0.6   0.0   111   135   978  1002   974  1006 0.82 -
g1850.t1             -            551 1173229at2759        -            211     0.039   10.6   0.9   1   4    0.0048       2.4    4.8   0.4    61    83   180   202   175   252 0.84 -
g1850.t1             -            551 1173229at2759        -            211     0.039   10.6   0.9   2   4      0.29   1.5e+02   -1.0   0.0    61    81   275   295   268   298 0.76 -
g1850.t1             -            551 1173229at2759        -            211     0.039   10.6   0.9   3   4      0.65   3.3e+02   -2.2   0.0   191   207   324   340   320   343 0.70 -
g1850.t1             -            551 1173229at2759        -            211     0.039   10.6   0.9   4   4      0.19        98   -0.5   0.0   190   204   368   382   345   393 0.66 -
#
# Program:         hmmsearch
# Version:         3.2.1 (June 2018)
# Pipeline mode:   SEARCH
# Query file:      /labs/Wegrzyn/bikash/botany2021/braker/busco_downloads/lineages/eukaryota_odb10/hmms/1173229at2759.hmm
# Target file:     /labs/Wegrzyn/bikash/botany2021/braker/braker/augustus.hints.aa
# Option settings: /isg/shared/apps/hmmer/3.2.1/bin/hmmsearch --domtblout /labs/Wegrzyn/bikash/botany2021/braker/busco_output/auto_lineage/run_eukaryota_odb10/hmmer_output/initial_run_results/1173229at2759.out --cpu 1 /labs/Wegrzyn/bikash/botany2021/braker/busco_downloads/lineages/eukaryota_odb10/hmms/1173229at2759.hmm /labs/Wegrzyn/bikash/botany2021/braker/braker/augustus.hints.aa 
# Current dir:     /labs/Wegrzyn/bikash/botany2021/braker
# Date:            Thu Jul 15 15:21:53 2021
# [ok]
