#                                                                            --- full sequence --- -------------- this domain -------------   hmm coord   ali coord   env coord
# target name        accession   tlen query name           accession   qlen   E-value  score  bias   #  of  c-Evalue  i-Evalue  score  bias  from    to  from    to  from    to  acc description of target
#------------------- ---------- ----- -------------------- ---------- ----- --------- ------ ----- --- --- --------- --------- ------ ----- ----- ----- ----- ----- ----- ----- ---- ---------------------
g911.t1              -            717 1194797at2759        -            454  1.8e-139  462.4  11.4   1   2   8.7e-39   4.4e-36  121.6   4.2     2   155    59   273    58   275 0.79 -
g911.t1              -            717 1194797at2759        -            454  1.8e-139  462.4  11.4   2   2  6.6e-104  3.3e-101  336.3   0.7   164   440   321   653   318   667 0.81 -
g1105.t1             -            956 1194797at2759        -            454   2.7e-98  326.7  11.3   1   2   4.1e-28   2.1e-25   86.5   4.6     2   140   373   572   372   603 0.76 -
g1105.t1             -            956 1194797at2759        -            454   2.7e-98  326.7  11.3   2   2   6.4e-71   3.3e-68  227.6   0.5   164   440   618   892   615   905 0.83 -
g1816.t1             -            312 1194797at2759        -            454   4.6e-08   29.3   0.2   1   4     0.042        21    0.7   0.0   345   383    13    51     4    60 0.77 -
g1816.t1             -            312 1194797at2759        -            454   4.6e-08   29.3   0.2   2   4   7.6e-06    0.0038   13.1   0.0   103   167    68   140    62   158 0.79 -
g1816.t1             -            312 1194797at2759        -            454   4.6e-08   29.3   0.2   3   4   7.4e-05     0.037    9.8   0.0   104   170   153   228   147   245 0.59 -
g1816.t1             -            312 1194797at2759        -            454   4.6e-08   29.3   0.2   4   4   2.6e-05     0.013   11.3   0.1   321   388   196   268   183   274 0.71 -
g1277.t1             -           1127 1194797at2759        -            454   3.6e-07   26.3   0.1   1   4   0.00037      0.19    7.5   0.0   100   151   329   390   291   397 0.71 -
g1277.t1             -           1127 1194797at2759        -            454   3.6e-07   26.3   0.1   2   4   0.00011     0.055    9.2   0.1   121   185   600   668   570   679 0.79 -
g1277.t1             -           1127 1194797at2759        -            454   3.6e-07   26.3   0.1   3   4    0.0058       2.9    3.6   0.0   319   345   790   816   711   830 0.85 -
g1277.t1             -           1127 1194797at2759        -            454   3.6e-07   26.3   0.1   4   4      0.12        58   -0.7   0.0   319   355   852   888   844   891 0.80 -
g984.t1              -            592 1194797at2759        -            454   0.00078   15.3   0.6   1   3     0.082        41   -0.2   0.0   354   371    10    27     2    34 0.70 -
g984.t1              -            592 1194797at2759        -            454   0.00078   15.3   0.6   2   3   2.3e-05     0.011   11.5   0.3   316   385    68   139    55   163 0.71 -
g984.t1              -            592 1194797at2759        -            454   0.00078   15.3   0.6   3   3      0.11        54   -0.6   0.0   350   370   211   231   193   251 0.65 -
#
# Program:         hmmsearch
# Version:         3.2.1 (June 2018)
# Pipeline mode:   SEARCH
# Query file:      /labs/Wegrzyn/bikash/botany2021/braker/busco_downloads/lineages/eukaryota_odb10/hmms/1194797at2759.hmm
# Target file:     /labs/Wegrzyn/bikash/botany2021/braker/braker/augustus.hints.aa
# Option settings: /isg/shared/apps/hmmer/3.2.1/bin/hmmsearch --domtblout /labs/Wegrzyn/bikash/botany2021/braker/busco_output/auto_lineage/run_eukaryota_odb10/hmmer_output/initial_run_results/1194797at2759.out --cpu 1 /labs/Wegrzyn/bikash/botany2021/braker/busco_downloads/lineages/eukaryota_odb10/hmms/1194797at2759.hmm /labs/Wegrzyn/bikash/botany2021/braker/braker/augustus.hints.aa 
# Current dir:     /labs/Wegrzyn/bikash/botany2021/braker
# Date:            Thu Jul 15 15:21:53 2021
# [ok]
