#                                                                            --- full sequence --- -------------- this domain -------------   hmm coord   ali coord   env coord
# target name        accession   tlen query name           accession   qlen   E-value  score  bias   #  of  c-Evalue  i-Evalue  score  bias  from    to  from    to  from    to  acc description of target
#------------------- ---------- ----- -------------------- ---------- ----- --------- ------ ----- --- --- --------- --------- ------ ----- ----- ----- ----- ----- ----- ----- ---- ---------------------
g1157.t1             -           2103 1312453at2759        -            678   7.3e-15   51.5   0.2   1   2   5.5e-07   2.1e-05   20.3   0.0    56   182   815   947   792   952 0.75 -
g1157.t1             -           2103 1312453at2759        -            678   7.3e-15   51.5   0.2   2   2   1.3e-09   4.8e-08   29.0   0.0    57   182  1888  2021  1859  2027 0.74 -
g1294.t1             -            441 1312453at2759        -            678   4.8e-14   48.8   0.0   1   1   3.4e-15   1.3e-13   47.4   0.0    40   237    70   275    14   291 0.81 -
g2051.t1             -            427 1312453at2759        -            678   4.6e-13   45.6   0.0   1   1   1.7e-14   6.4e-13   45.1   0.0    49   233    78   269    51   279 0.83 -
g1268.t1             -            625 1312453at2759        -            678   1.1e-11   41.0   0.0   1   1   6.7e-13   2.6e-11   39.8   0.0    82   242   146   308   139   316 0.79 -
g1268.t2             -            632 1312453at2759        -            678   1.1e-11   41.0   0.0   1   1   6.9e-13   2.6e-11   39.8   0.0    82   242   153   315   146   323 0.79 -
g464.t1              -            519 1312453at2759        -            678   8.2e-11   38.1   0.1   1   2   1.1e-10   4.3e-09   32.5   0.1    68   184   125   243   106   250 0.80 -
g464.t1              -            519 1312453at2759        -            678   8.2e-11   38.1   0.1   2   2     0.071       2.7    3.4   0.0   208   233   302   327   296   330 0.90 -
g464.t2              -            535 1312453at2759        -            678   9.1e-11   38.0   0.1   1   2   1.2e-10   4.5e-09   32.4   0.1    68   184   141   259   122   266 0.80 -
g464.t2              -            535 1312453at2759        -            678   9.1e-11   38.0   0.1   2   2     0.073       2.8    3.3   0.0   208   233   318   343   312   346 0.90 -
g1569.t1             -            327 1312453at2759        -            678   1.1e-10   37.7   5.8   1   4      0.11       4.3    2.7   0.1   553   595     8    51     1    77 0.79 -
g1569.t1             -            327 1312453at2759        -            678   1.1e-10   37.7   5.8   2   4   0.00012    0.0045   12.5   0.1   574   628    77   134    56   144 0.74 -
g1569.t1             -            327 1312453at2759        -            678   1.1e-10   37.7   5.8   3   4     0.025      0.95    4.9   0.2   573   594   164   185   149   191 0.86 -
g1569.t1             -            327 1312453at2759        -            678   1.1e-10   37.7   5.8   4   4   1.9e-06   7.1e-05   18.5   0.0   559   636   192   270   182   277 0.81 -
g1609.t1             -            517 1312453at2759        -            678   3.8e-10   35.9   0.0   1   1   1.5e-11   5.7e-10   35.3   0.0    44   230   126   323   116   383 0.79 -
g128.t1              -            447 1312453at2759        -            678   6.7e-10   35.1   0.0   1   1   2.8e-11   1.1e-09   34.5   0.0    48   230    72   261    10   269 0.80 -
g1854.t1             -            402 1312453at2759        -            678   1.5e-09   34.0   0.0   1   1   5.3e-11     2e-09   33.5   0.0    39   233    79   281    25   306 0.80 -
g2137.t1             -            658 1312453at2759        -            678   2.9e-09   33.0   0.0   1   1   1.1e-10   4.3e-09   32.5   0.0    41   205   364   539   314   543 0.82 -
g1877.t1             -            525 1312453at2759        -            678   3.6e-09   32.7   0.0   1   1   1.5e-10   5.9e-09   32.0   0.0    67   230   146   316   104   355 0.76 -
g1277.t1             -           1127 1312453at2759        -            678   6.7e-09   31.8   0.1   1   3   5.1e-05     0.002   13.8   0.1   515   628   567   686   558   688 0.83 -
g1277.t1             -           1127 1312453at2759        -            678   6.7e-09   31.8   0.1   2   3   0.00057     0.022   10.3   0.0   558   612   652   709   645   732 0.76 -
g1277.t1             -           1127 1312453at2759        -            678   6.7e-09   31.8   0.1   3   3    0.0001     0.004   12.7   0.0   563   637   743   823   722   829 0.77 -
g1836.t1             -            885 1312453at2759        -            678   9.5e-09   31.3   0.0   1   1   5.8e-10   2.2e-08   30.1   0.0    68   230   495   661   459   701 0.76 -
g948.t1              -            375 1312453at2759        -            678   1.8e-08   30.4   0.2   1   2   2.2e-08   8.5e-07   24.9   0.0    68   184   129   243   119   248 0.84 -
g948.t1              -            375 1312453at2759        -            678   1.8e-08   30.4   0.2   2   2     0.072       2.8    3.3   0.0   208   230   303   325   277   331 0.80 -
g1445.t2             -            413 1312453at2759        -            678   2.8e-08   29.8   0.0   1   1   1.2e-09   4.5e-08   29.1   0.0    38   227   164   368   153   373 0.76 -
g1445.t1             -            430 1312453at2759        -            678   3.1e-08   29.6   0.0   1   1   1.3e-09   4.9e-08   29.0   0.0    38   227   181   385   170   390 0.76 -
g66.t1               -            373 1312453at2759        -            678   3.7e-08   29.4   0.0   1   2   5.6e-07   2.2e-05   20.2   0.0    80   184   129   231   117   235 0.73 -
g66.t1               -            373 1312453at2759        -            678   3.7e-08   29.4   0.0   2   2    0.0081      0.31    6.5   0.0   208   239   290   321   286   338 0.84 -
g1439.t1             -            976 1312453at2759        -            678   5.1e-08   28.9   0.0   1   1   2.2e-09   8.3e-08   28.2   0.0    44   230    79   276    55   337 0.70 -
g1043.t1             -           1282 1312453at2759        -            678   9.2e-08   28.1   0.0   1   2   1.4e-07   5.2e-06   22.2   0.0    81   185  1075  1175  1068  1178 0.79 -
g1043.t1             -           1282 1312453at2759        -            678   9.2e-08   28.1   0.0   2   2      0.11         4    2.8   0.0   207   230  1246  1269  1235  1275 0.90 -
g1816.t1             -            312 1312453at2759        -            678   1.1e-07   27.8   5.2   1   5      0.56        22    0.4   0.0   563   597    19    56    14    63 0.80 -
g1816.t1             -            312 1312453at2759        -            678   1.1e-07   27.8   5.2   2   5   1.1e-05   0.00042   16.0   0.1   567   631    66   136    54   141 0.79 -
g1816.t1             -            312 1312453at2759        -            678   1.1e-07   27.8   5.2   3   5   0.00099     0.038    9.5   0.1   571   636   115   183    95   195 0.69 -
g1816.t1             -            312 1312453at2759        -            678   1.1e-07   27.8   5.2   4   5     0.059       2.2    3.6   0.0   562   592   148   178   138   228 0.80 -
g1816.t1             -            312 1312453at2759        -            678   1.1e-07   27.8   5.2   5   5     0.016      0.62    5.5   0.1   570   619   244   295   230   310 0.66 -
g1674.t1             -           1090 1312453at2759        -            678   5.5e-07   25.5   0.0   1   1   2.1e-08     8e-07   24.9   0.0    75   182   891  1000   821  1003 0.75 -
g726.t1              -            613 1312453at2759        -            678   1.1e-06   24.5   0.1   1   1   8.1e-08   3.1e-06   23.0   0.1    55   183   385   517   365   553 0.76 -
g701.t1              -            455 1312453at2759        -            678   1.3e-06   24.2   0.0   1   2     0.021       0.8    5.1   0.0    77   115   296   335   252   346 0.83 -
g701.t1              -            455 1312453at2759        -            678   1.3e-06   24.2   0.0   2   2   5.1e-06    0.0002   17.0   0.0   162   234   376   449   370   452 0.91 -
g1252.t1             -            947 1312453at2759        -            678   1.8e-06   23.8   0.0   1   1   7.4e-08   2.8e-06   23.1   0.0    96   184   728   820   706   836 0.84 -
g1959.t1             -            529 1312453at2759        -            678   3.1e-06   23.0   0.0   1   1   2.7e-07     1e-05   21.3   0.0    46   229   130   324   119   328 0.72 -
g433.t1              -            547 1312453at2759        -            678   3.6e-06   22.8   0.0   1   1   2.4e-07     9e-06   21.5   0.0    67   228   168   336   133   342 0.73 -
g120.t1              -            654 1312453at2759        -            678   7.5e-06   21.7   0.0   1   1   2.8e-07   1.1e-05   21.2   0.0    95   183   411   497   403   505 0.83 -
g438.t1              -            637 1312453at2759        -            678   8.1e-06   21.6   0.2   1   1     1e-06   3.9e-05   19.4   0.2    38   185   403   551   375   602 0.76 -
g1562.t1             -            564 1312453at2759        -            678   9.7e-06   21.4   0.0   1   1   9.7e-07   3.7e-05   19.4   0.0    39   228   332   529   307   533 0.69 -
g411.t1              -            379 1312453at2759        -            678   9.9e-06   21.3   0.1   1   1   4.1e-07   1.6e-05   20.7   0.1    18   178    95   260    79   284 0.72 -
g623.t1              -            866 1312453at2759        -            678   1.9e-05   20.4   0.0   1   1   9.9e-07   3.8e-05   19.4   0.0    81   246   559   743   548   757 0.71 -
g2103.t1             -            429 1312453at2759        -            678   2.1e-05   20.3   0.7   1   2   1.3e-05   0.00049   15.7   0.2   563   631    56   129    45   149 0.77 -
g2103.t1             -            429 1312453at2759        -            678   2.1e-05   20.3   0.7   2   2       0.1       3.9    2.8   0.0   573   590   213   230   196   237 0.89 -
g1518.t1             -            649 1312453at2759        -            678   2.3e-05   20.1   0.0   1   1   8.4e-07   3.2e-05   19.7   0.0    59   201   378   528   354   573 0.74 -
g1431.t1             -            994 1312453at2759        -            678   2.4e-05   20.1   0.1   1   1   1.1e-06   4.3e-05   19.2   0.1    77   182   798   904   747   915 0.81 -
g495.t1              -           1007 1312453at2759        -            678   5.2e-05   18.9   0.4   1   2     0.018       0.7    5.3   0.0   574   631   736   794   723   805 0.75 -
g495.t1              -           1007 1312453at2759        -            678   5.2e-05   18.9   0.4   2   2   0.00043     0.017   10.7   0.1   562   638   851   928   836   948 0.83 -
g553.t1              -           1185 1312453at2759        -            678   8.9e-05   18.2   0.0   1   2   4.2e-05    0.0016   14.0   0.0   539   630   467   571   441   588 0.76 -
g553.t1              -           1185 1312453at2759        -            678   8.9e-05   18.2   0.0   2   2      0.34        13    1.1   0.0   562   598   962  1001   902  1045 0.76 -
g1976.t2             -            883 1312453at2759        -            678   0.00011   17.9   0.0   1   1   4.2e-06   0.00016   17.4   0.0    98   180   656   737   647   744 0.87 -
g1921.t1             -            668 1312453at2759        -            678   0.00015   17.5   0.0   1   1   9.1e-06   0.00035   16.2   0.0   100   184   504   581   496   585 0.80 -
g881.t1              -            948 1312453at2759        -            678   0.00021   16.9   0.0   1   1   1.3e-05    0.0005   15.7   0.0    88   179   243   332   216   340 0.69 -
g1371.t1             -            893 1312453at2759        -            678   0.00023   16.8   0.0   1   1   9.4e-06   0.00036   16.2   0.0    98   179   602   682   526   691 0.77 -
g2097.t1             -           1229 1312453at2759        -            678   0.00024   16.8   0.1   1   2   0.00015    0.0059   12.2   0.0    84   113   832   862   827   866 0.89 -
g2097.t1             -           1229 1312453at2759        -            678   0.00024   16.8   0.1   2   2      0.18       6.9    2.0   0.0   163   188   940   965   936   996 0.87 -
g517.t1              -            894 1312453at2759        -            678   0.00034   16.3   1.7   1   4       1.2        48   -0.7   0.0   573   596   403   426   388   428 0.77 -
g517.t1              -            894 1312453at2759        -            678   0.00034   16.3   1.7   2   4      0.03       1.1    4.6   0.0   537   591   472   529   465   535 0.76 -
g517.t1              -            894 1312453at2759        -            678   0.00034   16.3   1.7   3   4     0.013      0.49    5.8   0.0   561   629   537   611   529   627 0.65 -
g517.t1              -            894 1312453at2759        -            678   0.00034   16.3   1.7   4   4      0.18         7    2.0   0.0   573   600   688   716   664   734 0.70 -
g647.t2              -            625 1312453at2759        -            678    0.0004   16.0   0.0   1   1     5e-05    0.0019   13.8   0.0    38   182   400   545   378   581 0.80 -
g1217.t1             -            885 1312453at2759        -            678   0.00043   15.9   0.0   1   1   1.7e-05   0.00064   15.3   0.0    90   194   198   302   194   321 0.76 -
g517.t2              -            920 1312453at2759        -            678   0.00045   15.8   1.8   1   4       1.3        49   -0.8   0.0   573   596   403   426   388   428 0.77 -
g517.t2              -            920 1312453at2759        -            678   0.00045   15.8   1.8   2   4     0.031       1.2    4.6   0.0   537   591   472   529   465   535 0.76 -
g517.t2              -            920 1312453at2759        -            678   0.00045   15.8   1.8   3   4     0.013      0.51    5.8   0.0   561   629   537   611   529   627 0.65 -
g517.t2              -            920 1312453at2759        -            678   0.00045   15.8   1.8   4   4      0.22       8.3    1.8   0.1   574   600   715   742   697   760 0.70 -
g647.t1              -            654 1312453at2759        -            678   0.00045   15.8   0.0   1   1   5.4e-05    0.0021   13.7   0.0    38   182   429   574   407   610 0.80 -
g2100.t1             -            223 1312453at2759        -            678   0.00048   15.8   0.0   1   1   1.7e-05   0.00067   15.3   0.0    86   136   113   165   106   171 0.83 -
g277.t1              -            812 1312453at2759        -            678   0.00055   15.6   0.0   1   1   2.4e-05    0.0009   14.9   0.0    91   181   586   675   569   681 0.85 -
g1055.t1             -            390 1312453at2759        -            678   0.00065   15.3   4.7   1   4      0.24         9    1.6   0.0   562   630    66   136    41   152 0.75 -
g1055.t1             -            390 1312453at2759        -            678   0.00065   15.3   4.7   2   4   0.00031     0.012   11.2   1.1   561   628   177   246   165   274 0.83 -
g1055.t1             -            390 1312453at2759        -            678   0.00065   15.3   4.7   3   4    0.0065      0.25    6.8   0.6   563   657   219   328   213   346 0.54 -
g1055.t1             -            390 1312453at2759        -            678   0.00065   15.3   4.7   4   4       3.1   1.2e+02   -2.1   0.0   575   588   369   382   345   384 0.84 -
g965.t1              -            714 1312453at2759        -            678   0.00076   15.1   0.0   1   1     4e-05    0.0015   14.1   0.0    98   183   464   552   447   558 0.82 -
g2097.t2             -           2562 1312453at2759        -            678     0.001   14.7   0.0   1   2   0.00033     0.013   11.1   0.0    84   113  2165  2195  2160  2199 0.89 -
g2097.t2             -           2562 1312453at2759        -            678     0.001   14.7   0.0   2   2       0.4        15    0.9   0.0   163   188  2273  2298  2269  2328 0.87 -
g1399.t1             -            288 1312453at2759        -            678    0.0012   14.5   0.4   1   2     0.029       1.1    4.7   0.1    82   114   122   156    95   167 0.82 -
g1399.t1             -            288 1312453at2759        -            678    0.0012   14.5   0.4   2   2    0.0028      0.11    8.0   0.0   158   234   196   278   187   282 0.72 -
g1411.t1             -           2130 1312453at2759        -            678    0.0012   14.5   0.1   1   2     0.045       1.7    4.0   0.0   572   597  1419  1444  1401  1483 0.62 -
g1411.t1             -           2130 1312453at2759        -            678    0.0012   14.5   0.1   2   2    0.0038      0.14    7.6   0.0   573   630  1544  1604  1515  1612 0.76 -
g1411.t2             -           2421 1312453at2759        -            678    0.0016   14.1   0.1   1   2      0.05       1.9    3.9   0.0   572   597  1710  1735  1692  1775 0.62 -
g1411.t2             -           2421 1312453at2759        -            678    0.0016   14.1   0.1   2   2    0.0045      0.17    7.3   0.0   573   630  1835  1895  1807  1903 0.77 -
g983.t1              -            435 1312453at2759        -            678    0.0018   13.9   0.0   1   2   0.00012    0.0045   12.6   0.0    83   125   167   210   155   217 0.87 -
g983.t1              -            435 1312453at2759        -            678    0.0018   13.9   0.0   2   2       3.5   1.3e+02   -2.2   0.0   163   222   315   380   301   384 0.56 -
g1156.t1             -            820 1312453at2759        -            678    0.0043   12.6   0.0   1   1   0.00019    0.0074   11.8   0.0    45   128   520   611   508   631 0.81 -
g1922.t1             -           1301 1312453at2759        -            678    0.0062   12.1   0.0   1   1   0.00045     0.017   10.6   0.0    54   133   931  1014   923  1150 0.87 -
g896.t1              -            914 1312453at2759        -            678    0.0068   12.0   0.0   1   1    0.0003     0.011   11.2   0.0    57   127   242   319   233   327 0.76 -
g179.t1              -            575 1312453at2759        -            678     0.014   10.9   0.0   1   1   0.00061     0.023   10.2   0.0    79   117   215   254   166   372 0.78 -
g1365.t1             -           1116 1312453at2759        -            678     0.019   10.5   0.0   1   2    0.0011     0.041    9.4   0.0    78   125   839   887   805   902 0.82 -
g1365.t1             -           1116 1312453at2759        -            678     0.019   10.5   0.0   2   2       6.6   2.5e+02   -3.1   0.0   206   225  1001  1020   938  1032 0.61 -
g1994.t1             -            619 1312453at2759        -            678     0.019   10.4   0.0   1   1    0.0017     0.066    8.7   0.0   102   179   453   523   450   533 0.71 -
g705.t1              -            537 1312453at2759        -            678     0.022   10.3   0.0   1   1   0.00086     0.033    9.7   0.0    83   125   246   289   208   299 0.86 -
g1233.t1             -            386 1312453at2759        -            678     0.037    9.5   0.0   1   1    0.0013     0.049    9.1   0.0   573   604    92   123    60   174 0.81 -
g1850.t1             -            551 1312453at2759        -            678     0.037    9.5   0.1   1   2      0.51        20    0.5   0.0   572   625   179   228   156   251 0.66 -
g1850.t1             -            551 1312453at2759        -            678     0.037    9.5   0.1   2   2      0.02      0.76    5.2   0.0   574   601   322   349   296   385 0.59 -
#
# Program:         hmmsearch
# Version:         3.2.1 (June 2018)
# Pipeline mode:   SEARCH
# Query file:      /labs/Wegrzyn/bikash/botany2021/braker/busco_downloads/lineages/eukaryota_odb10/hmms/1312453at2759.hmm
# Target file:     /labs/Wegrzyn/bikash/botany2021/braker/braker/augustus.hints.aa
# Option settings: /isg/shared/apps/hmmer/3.2.1/bin/hmmsearch --domtblout /labs/Wegrzyn/bikash/botany2021/braker/busco_output/auto_lineage/run_eukaryota_odb10/hmmer_output/initial_run_results/1312453at2759.out --cpu 1 /labs/Wegrzyn/bikash/botany2021/braker/busco_downloads/lineages/eukaryota_odb10/hmms/1312453at2759.hmm /labs/Wegrzyn/bikash/botany2021/braker/braker/augustus.hints.aa 
# Current dir:     /labs/Wegrzyn/bikash/botany2021/braker
# Date:            Thu Jul 15 15:21:55 2021
# [ok]
