#                                                                            --- full sequence --- -------------- this domain -------------   hmm coord   ali coord   env coord
# target name        accession   tlen query name           accession   qlen   E-value  score  bias   #  of  c-Evalue  i-Evalue  score  bias  from    to  from    to  from    to  acc description of target
#------------------- ---------- ----- -------------------- ---------- ----- --------- ------ ----- --- --- --------- --------- ------ ----- ----- ----- ----- ----- ----- ----- ---- ---------------------
g235.t1              -           1104 1405073at2759        -            159   6.6e-06   23.4   0.0   1   2   3.2e-08     2e-05   21.8   0.0   111   157   889   939   880   941 0.82 -
g235.t1              -           1104 1405073at2759        -            159   6.6e-06   23.4   0.0   2   2       1.3     8e+02   -2.9   0.0    47    73  1066  1092  1060  1095 0.82 -
g235.t2              -           1103 1405073at2759        -            159   6.7e-06   23.3   0.0   1   2   3.2e-08     2e-05   21.8   0.0   111   157   863   913   854   915 0.82 -
g235.t2              -           1103 1405073at2759        -            159   6.7e-06   23.3   0.0   2   2       1.3     8e+02   -2.9   0.0    47    73  1065  1091  1059  1094 0.82 -
g235.t4              -           1129 1405073at2759        -            159   6.9e-06   23.3   0.0   1   2   3.3e-08   2.1e-05   21.8   0.0   111   157   889   939   880   941 0.82 -
g235.t4              -           1129 1405073at2759        -            159   6.9e-06   23.3   0.0   2   2       1.3   8.2e+02   -2.9   0.0    47    73  1091  1117  1085  1120 0.82 -
g235.t3              -           1141 1405073at2759        -            159     7e-06   23.3   0.0   1   2   3.3e-08   2.1e-05   21.7   0.0   111   157   901   951   892   953 0.82 -
g235.t3              -           1141 1405073at2759        -            159     7e-06   23.3   0.0   2   2       1.3   8.3e+02   -3.0   0.0    47    73  1103  1129  1097  1132 0.82 -
#
# Program:         hmmsearch
# Version:         3.2.1 (June 2018)
# Pipeline mode:   SEARCH
# Query file:      /labs/Wegrzyn/bikash/botany2021/braker/busco_downloads/lineages/eukaryota_odb10/hmms/1405073at2759.hmm
# Target file:     /labs/Wegrzyn/bikash/botany2021/braker/braker/augustus.hints.aa
# Option settings: /isg/shared/apps/hmmer/3.2.1/bin/hmmsearch --domtblout /labs/Wegrzyn/bikash/botany2021/braker/busco_output/auto_lineage/run_eukaryota_odb10/hmmer_output/initial_run_results/1405073at2759.out --cpu 1 /labs/Wegrzyn/bikash/botany2021/braker/busco_downloads/lineages/eukaryota_odb10/hmms/1405073at2759.hmm /labs/Wegrzyn/bikash/botany2021/braker/braker/augustus.hints.aa 
# Current dir:     /labs/Wegrzyn/bikash/botany2021/braker
# Date:            Thu Jul 15 15:21:57 2021
# [ok]
