#                                                                            --- full sequence --- -------------- this domain -------------   hmm coord   ali coord   env coord
# target name        accession   tlen query name           accession   qlen   E-value  score  bias   #  of  c-Evalue  i-Evalue  score  bias  from    to  from    to  from    to  acc description of target
#------------------- ---------- ----- -------------------- ---------- ----- --------- ------ ----- --- --- --------- --------- ------ ----- ----- ----- ----- ----- ----- ----- ---- ---------------------
g1951.t1             -            466 1421503at2759        -            114   1.3e-08   32.3   0.1   1   2     0.049        11    3.5   0.0    14    66   171   224   162   238 0.80 -
g1951.t1             -            466 1421503at2759        -            114   1.3e-08   32.3   0.1   2   2   3.5e-09   7.9e-07   26.5   0.0     4   112   264   373   261   375 0.84 -
g1037.t1             -            304 1421503at2759        -            114   1.7e-08   31.9   0.0   1   2    0.0011      0.25    8.8   0.0     8    65    70   128    65   140 0.85 -
g1037.t1             -            304 1421503at2759        -            114   1.7e-08   31.9   0.0   2   2     2e-07   4.5e-05   20.9   0.0     3    78   159   238   157   241 0.86 -
g2176.t1             -           1040 1421503at2759        -            114   4.2e-08   30.6   0.0   1   3   1.1e-05    0.0025   15.2   0.0     4    57   200   254   198   265 0.91 -
g2176.t1             -           1040 1421503at2759        -            114   4.2e-08   30.6   0.0   2   3   0.00016     0.036   11.5   0.0     7    61   300   355   296   364 0.89 -
g2176.t1             -           1040 1421503at2759        -            114   4.2e-08   30.6   0.0   3   3       1.8   4.1e+02   -1.5   0.0     6    41   868   904   864   927 0.77 -
g1391.t1             -            426 1421503at2759        -            114   1.2e-06   26.0   0.1   1   3   0.00047      0.11   10.0   0.0     8    65     8    66     4    73 0.86 -
g1391.t1             -            426 1421503at2759        -            114   1.2e-06   26.0   0.1   2   3    0.0004     0.093   10.2   0.0     8    65    96   153    91   161 0.89 -
g1391.t1             -            426 1421503at2759        -            114   1.2e-06   26.0   0.1   3   3      0.16        38    1.8   0.0    37    76   373   415   352   423 0.69 -
g506.t1              -            444 1421503at2759        -            114   1.6e-06   25.6   0.1   1   2   5.1e-06    0.0012   16.3   0.1     9    95    71   161    65   167 0.86 -
g506.t1              -            444 1421503at2759        -            114   1.6e-06   25.6   0.1   2   2     0.004      0.93    7.0   0.0     8    61   171   225   164   245 0.86 -
g302.t1              -            220 1421503at2759        -            114   4.8e-06   24.0   0.0   1   1   3.4e-08   7.8e-06   23.3   0.0     5    77    91   165    88   182 0.80 -
g81.t1               -            966 1421503at2759        -            114   6.7e-06   23.6   0.0   1   1   7.3e-08   1.7e-05   22.3   0.0     7    77   325   399   321   403 0.88 -
g81.t2               -            974 1421503at2759        -            114   6.9e-06   23.5   0.0   1   1   7.4e-08   1.7e-05   22.2   0.0     7    77   333   407   329   411 0.88 -
g81.t3               -            989 1421503at2759        -            114     7e-06   23.5   0.0   1   1   7.5e-08   1.7e-05   22.2   0.0     7    77   325   399   321   402 0.88 -
g594.t1              -            269 1421503at2759        -            114    0.0019   15.6   0.0   1   3       4.2   9.6e+02   -2.7   0.8    89    96    24    31     8    41 0.72 -
g594.t1              -            269 1421503at2759        -            114    0.0019   15.6   0.0   2   3   8.3e-06    0.0019   15.6   0.0     6    75    76   148    71   153 0.77 -
g594.t1              -            269 1421503at2759        -            114    0.0019   15.6   0.0   3   3      0.15        34    1.9   2.3    84   101   191   208   180   219 0.77 -
g848.t1              -            279 1421503at2759        -            114    0.0086   13.5   0.0   1   2   3.7e-05    0.0086   13.5   0.0     8    77    89   161    84   165 0.85 -
g848.t1              -            279 1421503at2759        -            114    0.0086   13.5   0.0   2   2       4.2   9.7e+02   -2.7  10.5    83   113   222   252   218   253 0.88 -
#
# Program:         hmmsearch
# Version:         3.2.1 (June 2018)
# Pipeline mode:   SEARCH
# Query file:      /labs/Wegrzyn/bikash/botany2021/braker/busco_downloads/lineages/eukaryota_odb10/hmms/1421503at2759.hmm
# Target file:     /labs/Wegrzyn/bikash/botany2021/braker/braker/augustus.hints.aa
# Option settings: /isg/shared/apps/hmmer/3.2.1/bin/hmmsearch --domtblout /labs/Wegrzyn/bikash/botany2021/braker/busco_output/auto_lineage/run_eukaryota_odb10/hmmer_output/initial_run_results/1421503at2759.out --cpu 1 /labs/Wegrzyn/bikash/botany2021/braker/busco_downloads/lineages/eukaryota_odb10/hmms/1421503at2759.hmm /labs/Wegrzyn/bikash/botany2021/braker/braker/augustus.hints.aa 
# Current dir:     /labs/Wegrzyn/bikash/botany2021/braker
# Date:            Thu Jul 15 15:21:57 2021
# [ok]
