#                                                                            --- full sequence --- -------------- this domain -------------   hmm coord   ali coord   env coord
# target name        accession   tlen query name           accession   qlen   E-value  score  bias   #  of  c-Evalue  i-Evalue  score  bias  from    to  from    to  from    to  acc description of target
#------------------- ---------- ----- -------------------- ---------- ----- --------- ------ ----- --- --- --------- --------- ------ ----- ----- ----- ----- ----- ----- ----- ---- ---------------------
g1666.t1             -            621 1428854at2759        -            355   2.5e-27   93.0   0.0   1   4   3.1e-05    0.0029   13.8   0.0    18    92    13    89     7    95 0.91 -
g1666.t1             -            621 1428854at2759        -            355   2.5e-27   93.0   0.0   2   4   1.7e-08   1.5e-06   24.6   0.0    16    83    99   167    93   173 0.86 -
g1666.t1             -            621 1428854at2759        -            355   2.5e-27   93.0   0.0   3   4   7.1e-09   6.6e-07   25.8   0.0    16    94   191   270   178   280 0.66 -
g1666.t1             -            621 1428854at2759        -            355   2.5e-27   93.0   0.0   4   4   3.3e-08     3e-06   23.6   0.0   279   343   288   354   280   359 0.84 -
g1037.t1             -            304 1428854at2759        -            355   3.5e-24   82.6   0.0   1   2   3.1e-12   2.9e-10   36.9   0.0     7    92    59   146    53   152 0.89 -
g1037.t1             -            304 1428854at2759        -            355   3.5e-24   82.6   0.0   2   2   2.2e-14     2e-12   44.0   0.0    14    93   160   241   148   250 0.88 -
g2176.t1             -           1040 1428854at2759        -            355     2e-19   67.0   0.0   1   3   8.9e-08   8.3e-06   22.2   0.0    15    81   201   268   190   283 0.78 -
g2176.t1             -           1040 1428854at2759        -            355     2e-19   67.0   0.0   2   3     1e-11   9.8e-10   35.1   0.0    15    85   298   369   291   384 0.88 -
g2176.t1             -           1040 1428854at2759        -            355     2e-19   67.0   0.0   3   3      0.01      0.95    5.6   0.0    30    86   467   520   463   528 0.82 -
g1391.t1             -            426 1428854at2759        -            355   7.8e-18   61.8   0.2   1   3   0.00098     0.092    8.9   0.0    16    74     6    66     2    77 0.78 -
g1391.t1             -            426 1428854at2759        -            355   7.8e-18   61.8   0.2   2   3   3.6e-09   3.4e-07   26.8   0.0   285   348    93   159    77   165 0.84 -
g1391.t1             -            426 1428854at2759        -            355   7.8e-18   61.8   0.2   3   3   7.1e-08   6.6e-06   22.5   0.0    18    88   343   415   340   423 0.90 -
g506.t1              -            444 1428854at2759        -            355   1.2e-17   61.1   0.0   1   2   9.9e-12   9.3e-10   35.2   0.0    10    85    62   138    55   146 0.80 -
g506.t1              -            444 1428854at2759        -            355   1.2e-17   61.1   0.0   2   2   2.9e-08   2.7e-06   23.8   0.0    17    72   170   226   163   244 0.86 -
g1951.t1             -            466 1428854at2759        -            355   7.9e-15   51.9   0.0   1   2   2.1e-09   1.9e-07   27.6   0.0    17    85   164   233   160   241 0.86 -
g1951.t1             -            466 1428854at2759        -            355   7.9e-15   51.9   0.0   2   2   9.7e-08   9.1e-06   22.1   0.0    16    91   265   341   257   350 0.84 -
g302.t1              -            220 1428854at2759        -            355   2.2e-11   40.6   0.0   1   1   3.2e-13     3e-11   40.1   0.0     5    93    81   169    77   173 0.87 -
g405.t1              -           1634 1428854at2759        -            355   3.5e-11   39.9   0.0   1   3   4.4e-08   4.1e-06   23.2   0.0   286   354   754   820   752   821 0.93 -
g405.t1              -           1634 1428854at2759        -            355   3.5e-11   39.9   0.0   2   3    0.0017      0.16    8.1   0.0   299   345   844   888   828   895 0.82 -
g405.t1              -           1634 1428854at2759        -            355   3.5e-11   39.9   0.0   3   3     0.023       2.1    4.4   0.0   307   345   947   983   921   992 0.69 -
g405.t2              -           1633 1428854at2759        -            355   3.6e-11   39.9   0.0   1   3   4.4e-08   4.1e-06   23.2   0.0   286   354   754   820   752   821 0.93 -
g405.t2              -           1633 1428854at2759        -            355   3.6e-11   39.9   0.0   2   3    0.0017      0.16    8.1   0.0   299   345   844   888   828   895 0.82 -
g405.t2              -           1633 1428854at2759        -            355   3.6e-11   39.9   0.0   3   3     0.023       2.1    4.4   0.0   307   345   947   983   921   992 0.69 -
g1902.t1             -            304 1428854at2759        -            355   7.4e-11   38.8   0.0   1   1     1e-12   9.7e-11   38.4   0.0    17    94    85   164    77   173 0.91 -
g1672.t1             -            241 1428854at2759        -            355   7.9e-11   38.7   0.7   1   2   1.9e-05    0.0018   14.5   0.2   282   352    10    85     2    96 0.64 -
g1672.t1             -            241 1428854at2759        -            355   7.9e-11   38.7   0.7   2   2   5.9e-08   5.6e-06   22.8   0.0   288   346   167   224   164   231 0.90 -
g1140.t1             -            314 1428854at2759        -            355   1.3e-10   38.0   0.5   1   2   2.2e-06   0.00021   17.6   0.0    19    81    66   122    55   161 0.66 -
g1140.t1             -            314 1428854at2759        -            355   1.3e-10   38.0   0.5   2   2   9.8e-07   9.2e-05   18.8   0.2   285   351   159   222   152   226 0.86 -
g81.t1               -            966 1428854at2759        -            355     1e-07   28.5   0.0   1   1   1.8e-09   1.6e-07   27.8   0.0    17    92   325   402   317   408 0.89 -
g81.t2               -            974 1428854at2759        -            355     1e-07   28.5   0.0   1   1   1.8e-09   1.7e-07   27.8   0.0    17    92   333   410   325   416 0.89 -
g212.t1              -            377 1428854at2759        -            355   1.2e-07   28.2   0.0   1   2     5e-06   0.00046   16.5   0.0   289   342   193   248   187   257 0.86 -
g212.t1              -            377 1428854at2759        -            355   1.2e-07   28.2   0.0   2   2   0.00065     0.061    9.5   0.0   290   342   291   346   284   353 0.84 -
g594.t1              -            269 1428854at2759        -            355   1.6e-07   27.8   0.0   1   1   2.4e-09   2.2e-07   27.4   0.0    12    84    72   145    61   157 0.59 -
g702.t1              -            478 1428854at2759        -            355   1.8e-07   27.7   0.0   1   2     1e-05   0.00097   15.4   0.0   289   342   294   349   288   357 0.86 -
g702.t1              -            478 1428854at2759        -            355   1.8e-07   27.7   0.0   2   2   0.00046     0.043   10.0   0.0   288   342   390   447   384   454 0.82 -
g81.t3               -            989 1428854at2759        -            355   2.4e-07   27.3   0.0   1   1   4.3e-09     4e-07   26.5   0.0    17    88   325   398   317   404 0.90 -
g1523.t1             -            232 1428854at2759        -            355   4.8e-07   26.3   0.0   1   2       1.5   1.4e+02   -1.6   0.0    30   321    56    78    40    90 0.56 -
g1523.t1             -            232 1428854at2759        -            355   4.8e-07   26.3   0.0   2   2   1.5e-08   1.4e-06   24.8   0.0   287   345   113   169   109   177 0.89 -
g848.t1              -            279 1428854at2759        -            355   5.7e-06   22.7   0.0   1   1   7.6e-08   7.1e-06   22.4   0.0    17    88    88   160    39   167 0.73 -
g806.t1              -            516 1428854at2759        -            355   2.4e-05   20.7   0.0   1   1   3.7e-07   3.5e-05   20.2   0.0   288   343   360   419   349   424 0.79 -
g806.t2              -            600 1428854at2759        -            355   2.8e-05   20.5   0.0   1   1   4.6e-07   4.3e-05   19.9   0.0   288   343   444   503   433   508 0.79 -
g808.t1              -            410 1428854at2759        -            355   0.00031   17.0   0.1   1   3      0.02       1.9    4.6   0.0   299   338    58    97    49   107 0.88 -
g808.t1              -            410 1428854at2759        -            355   0.00031   17.0   0.1   2   3     0.053         5    3.2   0.0   305   345   125   165   121   170 0.87 -
g808.t1              -            410 1428854at2759        -            355   0.00031   17.0   0.1   3   3     0.012       1.1    5.4   0.0    21    53   242   273   234   315 0.72 -
g974.t1              -            280 1428854at2759        -            355    0.0012   15.1   0.0   1   1   1.7e-05    0.0016   14.7   0.0    30    84    82   137    74   143 0.90 -
g527.t1              -            679 1428854at2759        -            355    0.0013   15.0   0.0   1   1   2.4e-05    0.0022   14.2   0.0   288   343   336   395   328   406 0.85 -
g895.t1              -           1016 1428854at2759        -            355    0.0014   14.9   0.1   1   2   5.4e-05     0.005   13.1   0.1   287   342   443   497   423   503 0.84 -
g895.t1              -           1016 1428854at2759        -            355    0.0014   14.9   0.1   2   2       1.3   1.3e+02   -1.4   0.0   191   209   767   785   732   805 0.61 -
g1939.t1             -            312 1428854at2759        -            355    0.0039   13.4   0.0   1   1   5.9e-05    0.0055   12.9   0.0   285   324   143   182   138   185 0.94 -
#
# Program:         hmmsearch
# Version:         3.2.1 (June 2018)
# Pipeline mode:   SEARCH
# Query file:      /labs/Wegrzyn/bikash/botany2021/braker/busco_downloads/lineages/eukaryota_odb10/hmms/1428854at2759.hmm
# Target file:     /labs/Wegrzyn/bikash/botany2021/braker/braker/augustus.hints.aa
# Option settings: /isg/shared/apps/hmmer/3.2.1/bin/hmmsearch --domtblout /labs/Wegrzyn/bikash/botany2021/braker/busco_output/auto_lineage/run_eukaryota_odb10/hmmer_output/initial_run_results/1428854at2759.out --cpu 1 /labs/Wegrzyn/bikash/botany2021/braker/busco_downloads/lineages/eukaryota_odb10/hmms/1428854at2759.hmm /labs/Wegrzyn/bikash/botany2021/braker/braker/augustus.hints.aa 
# Current dir:     /labs/Wegrzyn/bikash/botany2021/braker
# Date:            Thu Jul 15 15:21:58 2021
# [ok]
