#                                                                            --- full sequence --- -------------- this domain -------------   hmm coord   ali coord   env coord
# target name        accession   tlen query name           accession   qlen   E-value  score  bias   #  of  c-Evalue  i-Evalue  score  bias  from    to  from    to  from    to  acc description of target
#------------------- ---------- ----- -------------------- ---------- ----- --------- ------ ----- --- --- --------- --------- ------ ----- ----- ----- ----- ----- ----- ----- ---- ---------------------
g1666.t1             -            621 1479417at2759        -            177   7.8e-72  237.7   4.0   1   3   1.2e-39     1e-37  126.5   0.1     2   163    12   181    11   185 0.91 -
g1666.t1             -            621 1479417at2759        -            177   7.8e-72  237.7   4.0   2   3   1.6e-20   1.4e-18   64.2   0.4    82   166   190   275   169   284 0.88 -
g1666.t1             -            621 1479417at2759        -            177   7.8e-72  237.7   4.0   3   3   2.6e-15   2.2e-13   47.3   0.1    81   147   292   359   282   362 0.89 -
g1391.t1             -            426 1479417at2759        -            177   2.4e-36  122.1   0.1   1   2   5.7e-23     5e-21   72.2   0.0     4   172     9   186     6   191 0.83 -
g1391.t1             -            426 1479417at2759        -            177   2.4e-36  122.1   0.1   2   2   1.5e-15   1.3e-13   48.0   0.0    82   163   340   423   335   425 0.91 -
g2176.t1             -           1040 1479417at2759        -            177   3.1e-25   85.9   0.0   1   3   7.5e-09   6.5e-07   26.2   0.0     2    79   203   279   202   284 0.89 -
g2176.t1             -           1040 1479417at2759        -            177   3.1e-25   85.9   0.0   2   3   3.4e-13     3e-11   40.3   0.0     3    94   301   392   299   412 0.92 -
g2176.t1             -           1040 1479417at2759        -            177   3.1e-25   85.9   0.0   3   3   1.6e-05    0.0014   15.3   0.0   101   166   471   533   449   543 0.80 -
g1037.t1             -            304 1479417at2759        -            177     4e-25   85.5   0.0   1   1   7.8e-26   6.8e-24   81.5   0.0     3   165    70   246    68   251 0.88 -
g405.t2              -           1633 1479417at2759        -            177   1.5e-19   67.3   0.0   1   2   1.8e-18   1.6e-16   57.5   0.0     3   163   756   907   754   910 0.92 -
g405.t2              -           1633 1479417at2759        -            177   1.5e-19   67.3   0.0   2   2    0.0044      0.39    7.4   0.0    13    64   938   983   928  1002 0.72 -
g405.t1              -           1634 1479417at2759        -            177   1.5e-19   67.3   0.0   1   2   1.8e-18   1.6e-16   57.5   0.0     3   163   756   907   754   910 0.92 -
g405.t1              -           1634 1479417at2759        -            177   1.5e-19   67.3   0.0   2   2    0.0044      0.39    7.4   0.0    13    64   938   983   928  1002 0.72 -
g1672.t1             -            241 1479417at2759        -            177   5.9e-18   62.2   0.5   1   2     1e-12   9.1e-11   38.8   0.3    78   164     9    98     5   105 0.86 -
g1672.t1             -            241 1479417at2759        -            177   5.9e-18   62.2   0.5   2   2   1.8e-07   1.6e-05   21.7   0.0    85   160   167   240   159   240 0.86 -
g1951.t1             -            466 1479417at2759        -            177   1.4e-16   57.6   0.0   1   2   7.5e-09   6.5e-07   26.2   0.0    85   142   165   224   152   242 0.64 -
g1951.t1             -            466 1479417at2759        -            177   1.4e-16   57.6   0.0   2   2   9.1e-10   7.9e-08   29.2   0.0    82   143   264   327   258   347 0.81 -
g1140.t1             -            314 1479417at2759        -            177     5e-16   55.9   0.0   1   2   4.4e-08   3.8e-06   23.7   0.0     4    87    66   143    64   145 0.86 -
g1140.t1             -            314 1479417at2759        -            177     5e-16   55.9   0.0   2   2   1.8e-09   1.6e-07   28.2   0.0    78   163   155   235   149   240 0.87 -
g1523.t1             -            232 1479417at2759        -            177   1.1e-15   54.8   0.0   1   2   9.6e-05    0.0083   12.8   0.0    84   119    43    78    33    87 0.80 -
g1523.t1             -            232 1479417at2759        -            177   1.1e-15   54.8   0.0   2   2   4.9e-13   4.3e-11   39.8   0.0    82   167   111   192   102   197 0.88 -
g702.t1              -            478 1479417at2759        -            177   7.8e-15   52.0   0.0   1   2   6.3e-12   5.5e-10   36.2   0.0     2    76   292   363   291   373 0.87 -
g702.t1              -            478 1479417at2759        -            177   7.8e-15   52.0   0.0   2   2   5.8e-05     0.005   13.5   0.0     2    76   389   461   388   467 0.83 -
g212.t1              -            377 1479417at2759        -            177   9.6e-15   51.7   0.0   1   2   5.7e-11     5e-09   33.1   0.0     2    61   191   248   163   269 0.67 -
g212.t1              -            377 1479417at2759        -            177   9.6e-15   51.7   0.0   2   2   7.6e-06   0.00066   16.4   0.0     2    75   288   359   287   367 0.82 -
g81.t1               -            966 1479417at2759        -            177   5.3e-13   46.0   0.0   1   1   1.1e-14   9.6e-13   45.2   0.0    80   164   321   407   314   413 0.90 -
g81.t2               -            974 1479417at2759        -            177   5.3e-13   46.0   0.0   1   1   1.1e-14   9.7e-13   45.2   0.0    80   164   329   415   322   421 0.90 -
g506.t1              -            444 1479417at2759        -            177   8.5e-13   45.4   0.0   1   2   3.2e-09   2.8e-07   27.4   0.0    84   141    69   128    60   142 0.88 -
g506.t1              -            444 1479417at2759        -            177   8.5e-13   45.4   0.0   2   2   1.2e-05     0.001   15.8   0.0    84   139   170   227   161   246 0.83 -
g81.t3               -            989 1479417at2759        -            177   3.7e-12   43.3   0.0   1   1   7.7e-14   6.7e-12   42.4   0.0    80   157   321   400   314   404 0.90 -
g302.t1              -            220 1479417at2759        -            177   5.3e-11   39.5   0.0   1   1   9.8e-13   8.5e-11   38.8   0.0     2    81    93   170    92   175 0.92 -
g51.t1               -           1519 1479417at2759        -            177   8.9e-11   38.8   0.0   1   1   2.2e-12   1.9e-10   37.7   0.0    83   158   247   327   243   331 0.83 -
g51.t2               -           1537 1479417at2759        -            177   9.1e-11   38.8   0.0   1   1   2.3e-12     2e-10   37.7   0.0    83   158   265   345   261   349 0.83 -
g51.t3               -           1548 1479417at2759        -            177   9.2e-11   38.7   0.0   1   1   2.3e-12     2e-10   37.7   0.0    83   158   276   356   272   360 0.83 -
g1902.t1             -            304 1479417at2759        -            177   3.5e-10   36.9   0.0   1   1   5.8e-12   5.1e-10   36.3   0.0    84   165    85   168    79   176 0.81 -
g594.t1              -            269 1479417at2759        -            177   2.1e-09   34.3   0.0   1   1   3.4e-11   2.9e-09   33.8   0.0     3    81    78   155    76   168 0.94 -
g848.t1              -            279 1479417at2759        -            177   7.9e-08   29.2   0.0   1   1   1.5e-09   1.3e-07   28.4   0.0     4    78    90   163    79   171 0.92 -
g808.t1              -            410 1479417at2759        -            177   1.2e-07   28.6   0.2   1   3     0.038       3.3    4.3   0.0    99   139    61    99    54   106 0.73 -
g808.t1              -            410 1479417at2759        -            177   1.2e-07   28.6   0.2   2   3    0.0076      0.66    6.6   0.0    99   148   122   169   119   174 0.85 -
g808.t1              -            410 1479417at2759        -            177   1.2e-07   28.6   0.2   3   3   4.2e-05    0.0036   14.0   0.0    88   150   242   302   230   322 0.82 -
g895.t1              -           1016 1479417at2759        -            177   2.7e-05   20.9   0.0   1   1     7e-07   6.1e-05   19.8   0.0    66   169   425   524   420   529 0.82 -
g806.t1              -            516 1479417at2759        -            177   5.7e-05   19.9   0.0   1   1   1.1e-06   9.6e-05   19.1   0.0    80   142   355   419   348   445 0.87 -
g806.t2              -            600 1479417at2759        -            177   6.8e-05   19.6   0.0   1   1   1.4e-06   0.00012   18.8   0.0    80   142   439   503   432   529 0.87 -
g527.t1              -            679 1479417at2759        -            177    0.0009   16.0   0.1   1   1   1.9e-05    0.0016   15.1   0.1    84   142   335   395   326   408 0.85 -
g974.t1              -            280 1479417at2759        -            177    0.0018   15.0   0.0   1   1   3.3e-05    0.0029   14.3   0.0    18   156    85   142    70   153 0.57 -
#
# Program:         hmmsearch
# Version:         3.2.1 (June 2018)
# Pipeline mode:   SEARCH
# Query file:      /labs/Wegrzyn/bikash/botany2021/braker/busco_downloads/lineages/eukaryota_odb10/hmms/1479417at2759.hmm
# Target file:     /labs/Wegrzyn/bikash/botany2021/braker/braker/augustus.hints.aa
# Option settings: /isg/shared/apps/hmmer/3.2.1/bin/hmmsearch --domtblout /labs/Wegrzyn/bikash/botany2021/braker/busco_output/auto_lineage/run_eukaryota_odb10/hmmer_output/initial_run_results/1479417at2759.out --cpu 1 /labs/Wegrzyn/bikash/botany2021/braker/busco_downloads/lineages/eukaryota_odb10/hmms/1479417at2759.hmm /labs/Wegrzyn/bikash/botany2021/braker/braker/augustus.hints.aa 
# Current dir:     /labs/Wegrzyn/bikash/botany2021/braker
# Date:            Thu Jul 15 15:21:58 2021
# [ok]
