#                                                                            --- full sequence --- -------------- this domain -------------   hmm coord   ali coord   env coord
# target name        accession   tlen query name           accession   qlen   E-value  score  bias   #  of  c-Evalue  i-Evalue  score  bias  from    to  from    to  from    to  acc description of target
#------------------- ---------- ----- -------------------- ---------- ----- --------- ------ ----- --- --- --------- --------- ------ ----- ----- ----- ----- ----- ----- ----- ---- ---------------------
g1816.t1             -            312 261328at2759         -            450     1e-36  123.9   5.9   1   5   3.7e-06   0.00044   16.3   0.1   153   189    15    51    10    57 0.90 -
g1816.t1             -            312 261328at2759         -            450     1e-36  123.9   5.9   2   5   4.5e-10   5.4e-08   29.2   0.0   152   207    57   112    51   118 0.94 -
g1816.t1             -            312 261328at2759         -            450     1e-36  123.9   5.9   3   5   6.6e-13   7.9e-11   38.6   0.1   131   196   116   185   112   191 0.90 -
g1816.t1             -            312 261328at2759         -            450     1e-36  123.9   5.9   4   5   6.1e-06   0.00074   15.6   0.0   164   208   196   240   190   244 0.90 -
g1816.t1             -            312 261328at2759         -            450     1e-36  123.9   5.9   5   5   1.1e-08   1.3e-06   24.7   0.2   125   186   241   307   237   311 0.66 -
g1569.t1             -            327 261328at2759         -            450   2.1e-34  116.2  14.0   1   3   9.7e-19   1.2e-16   57.8   5.5    75   187    10   135     6   144 0.79 -
g1569.t1             -            327 261328at2759         -            450   2.1e-34  116.2  14.0   2   3   1.7e-15     2e-13   47.1   0.4    37   150   140   264   137   270 0.79 -
g1569.t1             -            327 261328at2759         -            450   2.1e-34  116.2  14.0   3   3    0.0036      0.43    6.5   0.0   164   188   300   324   291   326 0.88 -
g1055.t1             -            390 261328at2759         -            450   2.9e-22   76.3   6.7   1   3    0.0014      0.16    7.9   0.0   119   189    65   137    56   154 0.52 -
g1055.t1             -            390 261328at2759         -            450   2.9e-22   76.3   6.7   2   3   1.3e-14   1.5e-12   44.2   3.6    68   185   167   292   160   297 0.87 -
g1055.t1             -            390 261328at2759         -            450   2.9e-22   76.3   6.7   3   3   2.1e-08   2.5e-06   23.7   0.0   115   187   304   384   296   388 0.84 -
g1277.t1             -           1127 261328at2759         -            450   9.4e-21   71.3   2.4   1   5       2.2   2.6e+02   -2.7   0.0   157   189   374   406   367   414 0.84 -
g1277.t1             -           1127 261328at2759         -            450   9.4e-21   71.3   2.4   2   5      0.21        25    0.7   0.0    25    43   441   459   431   464 0.85 -
g1277.t1             -           1127 261328at2759         -            450   9.4e-21   71.3   2.4   3   5   2.4e-08   2.9e-06   23.5   0.1   150   207   608   665   596   671 0.91 -
g1277.t1             -           1127 261328at2759         -            450   9.4e-21   71.3   2.4   4   5   2.5e-13     3e-11   40.0   0.0    56   191   671   819   666   831 0.71 -
g1277.t1             -           1127 261328at2759         -            450   9.4e-21   71.3   2.4   5   5     0.077       9.3    2.1   0.0   164   200   854   891   849   898 0.87 -
g2153.t1             -           1445 261328at2759         -            450   9.6e-21   71.2   3.1   1   3   1.1e-05    0.0013   14.8   0.4   152   222   634   705   631   717 0.76 -
g2153.t1             -           1445 261328at2759         -            450   9.6e-21   71.2   3.1   2   3   1.6e-14     2e-12   43.8   0.0    74   197   724   862   721   879 0.81 -
g2153.t1             -           1445 261328at2759         -            450   9.6e-21   71.2   3.1   3   3   0.00014     0.017   11.1   0.1   127   193   877   951   863   959 0.76 -
g1372.t1             -            496 261328at2759         -            450     1e-19   67.8  12.9   1   3   4.5e-07   5.4e-05   19.3   1.5    81   206   187   318   182   323 0.79 -
g1372.t1             -            496 261328at2759         -            450     1e-19   67.8  12.9   2   3   2.6e-09   3.2e-07   26.7   0.4   104   207   253   361   251   367 0.87 -
g1372.t1             -            496 261328at2759         -            450     1e-19   67.8  12.9   3   3     9e-15   1.1e-12   44.7   0.2    57   205   326   488   321   494 0.80 -
g495.t1              -           1007 261328at2759         -            450   4.4e-19   65.8   6.9   1   3       3.2   3.9e+02   -3.3   0.1   185   225   567   609   564   624 0.78 -
g495.t1              -           1007 261328at2759         -            450   4.4e-19   65.8   6.9   2   3   1.6e-11   1.9e-09   34.0   0.1   149   210   716   775   702   806 0.85 -
g495.t1              -           1007 261328at2759         -            450   4.4e-19   65.8   6.9   3   3   9.4e-11   1.1e-08   31.5   0.3    63   187   831   957   826   962 0.86 -
g1411.t1             -           2130 261328at2759         -            450   9.4e-17   58.1   2.7   1   2   6.5e-12   7.9e-10   35.3   1.1   117   223  1356  1473  1350  1490 0.82 -
g1411.t1             -           2130 261328at2759         -            450   9.4e-17   58.1   2.7   2   2   4.4e-06   0.00052   16.1   0.0   151   229  1525  1604  1522  1611 0.83 -
g1411.t2             -           2421 261328at2759         -            450   1.4e-16   57.5   2.5   1   3   7.6e-12   9.2e-10   35.1   1.1   117   223  1647  1764  1641  1781 0.82 -
g1411.t2             -           2421 261328at2759         -            450   1.4e-16   57.5   2.5   2   3   5.3e-06   0.00063   15.8   0.0   151   228  1816  1894  1797  1899 0.86 -
g1411.t2             -           2421 261328at2759         -            450   1.4e-16   57.5   2.5   3   3     0.024       2.8    3.8   0.0   161   196  1868  1903  1865  1920 0.93 -
g517.t1              -            894 261328at2759         -            450   2.2e-13   47.0   5.6   1   4   0.00058      0.07    9.1   0.0   151   189   384   422   373   435 0.87 -
g517.t1              -            894 261328at2759         -            450   2.2e-13   47.0   5.6   2   4     2e-07   2.4e-05   20.5   0.4   147   197   489   538   481   539 0.87 -
g517.t1              -            894 261328at2759         -            450   2.2e-13   47.0   5.6   3   4   1.4e-10   1.7e-08   30.9   1.0    56   112   512   573   511   662 0.79 -
g517.t1              -            894 261328at2759         -            450   2.2e-13   47.0   5.6   4   4     0.015       1.8    4.4   0.1   152   188   668   706   621   716 0.73 -
g553.t1              -           1185 261328at2759         -            450     3e-13   46.5   0.6   1   3   3.3e-07     4e-05   19.8   0.1   153   223   490   565   462   589 0.86 -
g553.t1              -           1185 261328at2759         -            450     3e-13   46.5   0.6   2   3       2.5     3e+02   -2.9   0.0    96   119   646   669   636   710 0.63 -
g553.t1              -           1185 261328at2759         -            450     3e-13   46.5   0.6   3   3   2.6e-08   3.2e-06   23.4   0.1    77   189   876   995   864  1003 0.84 -
g517.t2              -            920 261328at2759         -            450   3.7e-13   46.3   4.9   1   4    0.0006     0.072    9.0   0.0   151   189   384   422   373   435 0.87 -
g517.t2              -            920 261328at2759         -            450   3.7e-13   46.3   4.9   2   4   3.4e-08     4e-06   23.0   0.5   147   206   489   546   481   549 0.84 -
g517.t2              -            920 261328at2759         -            450   3.7e-13   46.3   4.9   3   4   1.1e-10   1.3e-08   31.3   0.6    56   112   512   573   510   620 0.75 -
g517.t2              -            920 261328at2759         -            450   3.7e-13   46.3   4.9   4   4     0.043       5.2    2.9   0.1   166   188   710   732   704   742 0.80 -
g1351.t1             -            746 261328at2759         -            450   1.7e-11   40.8   1.5   1   3    0.0041       0.5    6.3   0.0   172   212    93   133    84   144 0.87 -
g1351.t1             -            746 261328at2759         -            450   1.7e-11   40.8   1.5   2   3   1.4e-10   1.6e-08   30.9   0.4    93   197   234   346   230   361 0.83 -
g1351.t1             -            746 261328at2759         -            450   1.7e-11   40.8   1.5   3   3      0.99   1.2e+02   -1.6   0.0    92   113   487   508   480   515 0.73 -
g2103.t1             -            429 261328at2759         -            450   1.1e-10   38.1   4.0   1   3   4.2e-09     5e-07   26.0   0.8   155   216    54   114    30   146 0.84 -
g2103.t1             -            429 261328at2759         -            450   1.1e-10   38.1   4.0   2   3       1.2   1.5e+02   -1.9   0.0   161   184   152   175   139   180 0.83 -
g2103.t1             -            429 261328at2759         -            450   1.1e-10   38.1   4.0   3   3   6.9e-05    0.0083   12.1   0.1   156   198   195   241   187   275 0.80 -
g984.t1              -            592 261328at2759         -            450   5.9e-09   32.4   4.7   1   2       0.2        24    0.7   0.1   153   182     3    32     1    47 0.76 -
g984.t1              -            592 261328at2759         -            450   5.9e-09   32.4   4.7   2   2   5.2e-11   6.3e-09   32.3   1.6   150   224    59   133    42   163 0.92 -
g239.t1              -           1241 261328at2759         -            450   2.8e-07   26.9   0.2   1   1   4.9e-09   5.9e-07   25.8   0.2   121   206   960  1052   950  1139 0.73 -
g1233.t1             -            386 261328at2759         -            450   3.5e-07   26.5   0.3   1   3   0.00016      0.02   10.9   0.0   150   195    70   120    49   131 0.67 -
g1233.t1             -            386 261328at2759         -            450   3.5e-07   26.5   0.3   2   3    0.0017       0.2    7.5   0.0   130   187   133   196   120   211 0.81 -
g1233.t1             -            386 261328at2759         -            450   3.5e-07   26.5   0.3   3   3      0.01       1.2    5.0   0.0     9    43   320   354   316   381 0.78 -
g2173.t1             -            401 261328at2759         -            450   5.3e-07   26.0   1.2   1   3   9.7e-08   1.2e-05   21.5   0.0    91   217   162   305   157   311 0.76 -
g2173.t1             -            401 261328at2759         -            450   5.3e-07   26.0   1.2   2   3     0.003      0.36    6.7   0.0   176   220   262   308   261   330 0.54 -
g2173.t1             -            401 261328at2759         -            450   5.3e-07   26.0   1.2   3   3      0.24        28    0.5   0.1    56    76   358   378   339   383 0.66 -
g367.t1              -            336 261328at2759         -            450   0.00018   17.6   0.1   1   2   2.5e-05     0.003   13.6   0.1    94   149   141   197   134   206 0.85 -
g367.t1              -            336 261328at2759         -            450   0.00018   17.6   0.1   2   2      0.16        19    1.0   0.0    10    42   252   290   246   295 0.71 -
g1850.t1             -            551 261328at2759         -            450   0.00081   15.5   0.1   1   2     0.043       5.2    2.9   0.0    91   163   179   211   157   248 0.53 -
g1850.t1             -            551 261328at2759         -            450   0.00081   15.5   0.1   2   2   0.00036     0.043    9.8   0.0   133   186   322   382   301   395 0.70 -
g6.t1                -            762 261328at2759         -            450    0.0014   14.6   0.6   1   3      0.21        25    0.7   0.0   170   192   132   154   117   163 0.64 -
g6.t1                -            762 261328at2759         -            450    0.0014   14.6   0.6   2   3     0.012       1.5    4.7   0.0   155   191   235   270   212   292 0.85 -
g6.t1                -            762 261328at2759         -            450    0.0014   14.6   0.6   3   3      0.01       1.2    5.0   0.0   161   200   349   388   342   389 0.86 -
#
# Program:         hmmsearch
# Version:         3.2.1 (June 2018)
# Pipeline mode:   SEARCH
# Query file:      /labs/Wegrzyn/bikash/botany2021/braker/busco_downloads/lineages/eukaryota_odb10/hmms/261328at2759.hmm
# Target file:     /labs/Wegrzyn/bikash/botany2021/braker/braker/augustus.hints.aa
# Option settings: /isg/shared/apps/hmmer/3.2.1/bin/hmmsearch --domtblout /labs/Wegrzyn/bikash/botany2021/braker/busco_output/auto_lineage/run_eukaryota_odb10/hmmer_output/initial_run_results/261328at2759.out --cpu 1 /labs/Wegrzyn/bikash/botany2021/braker/busco_downloads/lineages/eukaryota_odb10/hmms/261328at2759.hmm /labs/Wegrzyn/bikash/botany2021/braker/braker/augustus.hints.aa 
# Current dir:     /labs/Wegrzyn/bikash/botany2021/braker
# Date:            Thu Jul 15 15:22:01 2021
# [ok]
