#                                                                            --- full sequence --- -------------- this domain -------------   hmm coord   ali coord   env coord
# target name        accession   tlen query name           accession   qlen   E-value  score  bias   #  of  c-Evalue  i-Evalue  score  bias  from    to  from    to  from    to  acc description of target
#------------------- ---------- ----- -------------------- ---------- ----- --------- ------ ----- --- --- --------- --------- ------ ----- ----- ----- ----- ----- ----- ----- ---- ---------------------
g1277.t1             -           1127 290630at2759         -            562    1e-209  694.7   3.3   1   4     0.023       2.3    3.6   0.0   149   173   320   344   276   347 0.56 -
g1277.t1             -           1127 290630at2759         -            562    1e-209  694.7   3.3   2   4   1.2e-05    0.0012   14.4   0.0   149   226   320   403   316   405 0.73 -
g1277.t1             -           1127 290630at2759         -            562    1e-209  694.7   3.3   3   4   1.3e-05    0.0013   14.3   0.0     6    70   351   451   348   459 0.67 -
g1277.t1             -           1127 290630at2759         -            562    1e-209  694.7   3.3   4   4  3.1e-203  3.1e-201  666.7   0.9    75   537   534  1052   521  1093 0.87 -
g1816.t1             -            312 290630at2759         -            562     1e-46  156.7   5.8   1   3   6.5e-07   6.5e-05   18.6   0.0   272   315     9    56     5    60 0.86 -
g1816.t1             -            312 290630at2759         -            562     1e-46  156.7   5.8   2   3   7.8e-19   7.9e-17   58.0   0.2   154   234    61   141    56   145 0.94 -
g1816.t1             -            312 290630at2759         -            562     1e-46  156.7   5.8   3   3   3.5e-26   3.5e-24   82.2   0.7   154   307   145   307   136   311 0.89 -
g1569.t1             -            327 290630at2759         -            562   8.7e-28   94.1  10.1   1   3   1.9e-07   1.9e-05   20.4   0.2   153   234    13   100     3   103 0.78 -
g1569.t1             -            327 290630at2759         -            562   8.7e-28   94.1  10.1   2   3   4.5e-22   4.6e-20   68.7   2.8   153   314   103   269    94   287 0.88 -
g1569.t1             -            327 290630at2759         -            562   8.7e-28   94.1  10.1   3   3   0.00026     0.026   10.0   0.2   200   229   296   325   238   326 0.36 -
g553.t1              -           1185 290630at2759         -            562   8.9e-25   84.2   5.2   1   3   4.7e-13   4.8e-11   38.9   0.3   130   225   468   568   390   573 0.83 -
g553.t1              -           1185 290630at2759         -            562   8.9e-25   84.2   5.2   2   3      0.01       1.1    4.7   0.1   160   227   587   659   584   668 0.65 -
g553.t1              -           1185 290630at2759         -            562   8.9e-25   84.2   5.2   3   3   5.4e-13   5.4e-11   38.7   0.0   198   404   880  1092   860  1102 0.80 -
g1372.t1             -            496 290630at2759         -            562     2e-24   83.1   3.5   1   3   8.8e-07   8.8e-05   18.2   0.5   152   227   225   298   197   302 0.81 -
g1372.t1             -            496 290630at2759         -            562     2e-24   83.1   3.5   2   3   9.7e-14   9.8e-12   41.2   0.0   129   217   284   373   280   388 0.84 -
g1372.t1             -            496 290630at2759         -            562     2e-24   83.1   3.5   3   3   7.7e-09   7.7e-07   25.0   0.1   131   185   417   471   381   477 0.87 -
g2153.t1             -           1445 290630at2759         -            562   4.4e-23   78.6   9.3   1   4   8.1e-10   8.2e-08   28.2   0.2   153   227   637   711   631   719 0.95 -
g2153.t1             -           1445 290630at2759         -            562   4.4e-23   78.6   9.3   2   4     1e-06   0.00011   17.9   0.6   154   236   729   819   726   821 0.84 -
g2153.t1             -           1445 290630at2759         -            562   4.4e-23   78.6   9.3   3   4     1e-07     1e-05   21.3   0.1   153   226   820   898   816   906 0.88 -
g2153.t1             -           1445 290630at2759         -            562   4.4e-23   78.6   9.3   4   4   2.9e-07   2.9e-05   19.8   0.1   116   186   872   946   870   956 0.89 -
g1411.t1             -           2130 290630at2759         -            562   1.6e-19   66.8   0.7   1   3   3.5e-08   3.5e-06   22.8   0.8   153   226  1358  1436  1353  1439 0.86 -
g1411.t1             -           2130 290630at2759         -            562   1.6e-19   66.8   0.7   2   3   5.5e-08   5.6e-06   22.1   0.0   279   344  1403  1477  1395  1480 0.82 -
g1411.t1             -           2130 290630at2759         -            562   1.6e-19   66.8   0.7   3   3   1.1e-12   1.1e-10   37.7   0.0    80   219  1457  1595  1455  1607 0.94 -
g517.t1              -            894 290630at2759         -            562   1.7e-19   66.7   2.7   1   3   1.1e-05    0.0011   14.6   0.0   153   195   388   435   380   447 0.79 -
g517.t1              -            894 290630at2759         -            562   1.7e-19   66.7   2.7   2   3   5.2e-10   5.2e-08   28.8   0.1   150   227   494   570   488   575 0.88 -
g517.t1              -            894 290630at2759         -            562   1.7e-19   66.7   2.7   3   3   1.1e-07   1.2e-05   21.1   0.2   158   269   584   704   574   708 0.80 -
g1411.t2             -           2421 290630at2759         -            562   2.6e-19   66.2   0.8   1   3   3.7e-08   3.7e-06   22.7   0.7   153   226  1649  1727  1645  1732 0.86 -
g1411.t2             -           2421 290630at2759         -            562   2.6e-19   66.2   0.8   2   3   6.7e-08   6.8e-06   21.9   0.0   279   344  1694  1768  1686  1770 0.82 -
g1411.t2             -           2421 290630at2759         -            562   2.6e-19   66.2   0.8   3   3   1.2e-12   1.3e-10   37.5   0.0    80   219  1748  1886  1746  1899 0.94 -
g1055.t1             -            390 290630at2759         -            562   1.8e-17   60.1   7.3   1   3   0.00045     0.046    9.2   0.0   276   351    61   141    56   155 0.80 -
g1055.t1             -            390 290630at2759         -            562   1.8e-17   60.1   7.3   2   3   2.4e-08   2.4e-06   23.4   0.4   155   225   179   245   176   257 0.89 -
g1055.t1             -            390 290630at2759         -            562   1.8e-17   60.1   7.3   3   3   1.5e-11   1.5e-09   34.0   3.2   154   308   218   384   216   387 0.77 -
g517.t2              -            920 290630at2759         -            562   1.6e-16   57.0   2.8   1   4   1.1e-05    0.0011   14.6   0.0   153   195   388   435   380   447 0.79 -
g517.t2              -            920 290630at2759         -            562   1.6e-16   57.0   2.8   2   4   5.4e-10   5.4e-08   28.8   0.2   149   227   493   570   486   575 0.88 -
g517.t2              -            920 290630at2759         -            562   1.6e-16   57.0   2.8   3   4   0.00048     0.048    9.1   0.0   158   226   584   662   575   672 0.78 -
g517.t2              -            920 290630at2759         -            562   1.6e-16   57.0   2.8   4   4       0.4        40   -0.5   0.0   163   185   709   731   697   735 0.76 -
g984.t1              -            592 290630at2759         -            562   1.4e-15   53.8   2.2   1   3     0.015       1.5    4.2   0.0   154   179     6    31     1    47 0.53 -
g984.t1              -            592 290630at2759         -            562   1.4e-15   53.8   2.2   2   3     1e-12     1e-10   37.8   0.3   153   225    64   136    54   145 0.93 -
g984.t1              -            592 290630at2759         -            562   1.4e-15   53.8   2.2   3   3   0.00027     0.028   10.0   0.0   201   231   216   246   208   256 0.84 -
g2103.t1             -            429 290630at2759         -            562   3.1e-14   49.4   1.9   1   2   1.6e-10   1.6e-08   30.5   0.7   153   235    54   135    45   142 0.92 -
g2103.t1             -            429 290630at2759         -            562   3.1e-14   49.4   1.9   2   2   7.7e-08   7.8e-06   21.7   0.3   112   227    96   230    96   257 0.73 -
g495.t1              -           1007 290630at2759         -            562   5.2e-14   48.6   2.1   1   2   0.00035     0.035    9.6   0.1   278   310   720   754   718   763 0.84 -
g495.t1              -           1007 290630at2759         -            562   5.2e-14   48.6   2.1   2   2   6.8e-13   6.9e-11   38.3   0.8   103   311   754   960   751  1003 0.71 -
g1351.t1             -            746 290630at2759         -            562   1.4e-13   47.3   0.1   1   3   3.2e-06   0.00032   16.3   0.0   159   243    24   124    21   134 0.75 -
g1351.t1             -            746 290630at2759         -            562   1.4e-13   47.3   0.1   2   3   9.2e-09   9.3e-07   24.7   0.2   161   303   179   331   170   349 0.75 -
g1351.t1             -            746 290630at2759         -            562   1.4e-13   47.3   0.1   3   3      0.21        21    0.4   0.0   373   406   479   512   449   518 0.73 -
g2173.t1             -            401 290630at2759         -            562   1.9e-11   40.2   1.8   1   2      0.43        43   -0.6   0.0   155   186   149   181   144   185 0.47 -
g2173.t1             -            401 290630at2759         -            562   1.9e-11   40.2   1.8   2   2   9.5e-13   9.6e-11   37.9   1.5   153   310   197   376   191   385 0.84 -
g1233.t1             -            386 290630at2759         -            562   3.1e-10   36.2   0.1   1   2   1.4e-06   0.00015   17.5   0.0   177   232    57   114    45   124 0.80 -
g1233.t1             -            386 290630at2759         -            562   3.1e-10   36.2   0.1   2   2   2.6e-06   0.00026   16.6   0.1   161   226   128   195   111   200 0.50 -
g239.t1              -           1241 290630at2759         -            562   4.7e-08   29.0   0.0   1   1   7.6e-10   7.7e-08   28.3   0.0   171   260   974  1064   968  1071 0.90 -
g1850.t1             -            551 290630at2759         -            562   3.8e-07   26.0   0.1   1   2   2.5e-05    0.0025   13.4   0.0   155   227   166   241   162   245 0.83 -
g1850.t1             -            551 290630at2759         -            562   3.8e-07   26.0   0.1   2   2   0.00032     0.033    9.7   0.0   154   185   351   383   335   388 0.88 -
g367.t1              -            336 290630at2759         -            562   1.7e-05   20.5   0.1   1   2   1.6e-05    0.0016   14.0   0.1   168   228   139   198   120   207 0.88 -
g367.t1              -            336 290630at2759         -            562   1.7e-05   20.5   0.1   2   2     0.014       1.5    4.3   0.0   154   184   256   287   215   333 0.64 -
g1616.t1             -           2095 290630at2759         -            562    0.0001   18.0   0.2   1   1   1.8e-06   0.00018   17.1   0.2   149   302  1914  2074  1873  2077 0.88 -
g1616.t2             -           2140 290630at2759         -            562    0.0001   18.0   0.1   1   1   1.8e-06   0.00019   17.1   0.1   149   302  1959  2119  1919  2122 0.88 -
g1693.t1             -            949 290630at2759         -            562   0.00064   15.3   0.1   1   3      0.91        92   -1.7   0.0   301   345   224   269   217   275 0.76 -
g1693.t1             -            949 290630at2759         -            562   0.00064   15.3   0.1   2   3   3.8e-05    0.0039   12.8   0.0   168   221   359   413   349   425 0.85 -
g1693.t1             -            949 290630at2759         -            562   0.00064   15.3   0.1   3   3       1.5   1.5e+02   -2.4   0.0   113   137   449   473   442   477 0.85 -
g155.t1              -            393 290630at2759         -            562     0.001   14.7   0.0   1   2       1.2   1.2e+02   -2.0   0.0   445   473    28    56    10    60 0.65 -
g155.t1              -            393 290630at2759         -            562     0.001   14.7   0.0   2   2   3.3e-05    0.0033   13.0   0.0    86   226   128   275    98   281 0.60 -
g1683.t1             -            858 290630at2759         -            562     0.034    9.7   0.0   1   1    0.0006     0.061    8.8   0.0    82   142   675   738   653   743 0.70 -
#
# Program:         hmmsearch
# Version:         3.2.1 (June 2018)
# Pipeline mode:   SEARCH
# Query file:      /labs/Wegrzyn/bikash/botany2021/braker/busco_downloads/lineages/eukaryota_odb10/hmms/290630at2759.hmm
# Target file:     /labs/Wegrzyn/bikash/botany2021/braker/braker/augustus.hints.aa
# Option settings: /isg/shared/apps/hmmer/3.2.1/bin/hmmsearch --domtblout /labs/Wegrzyn/bikash/botany2021/braker/busco_output/auto_lineage/run_eukaryota_odb10/hmmer_output/initial_run_results/290630at2759.out --cpu 1 /labs/Wegrzyn/bikash/botany2021/braker/busco_downloads/lineages/eukaryota_odb10/hmms/290630at2759.hmm /labs/Wegrzyn/bikash/botany2021/braker/braker/augustus.hints.aa 
# Current dir:     /labs/Wegrzyn/bikash/botany2021/braker
# Date:            Thu Jul 15 15:22:02 2021
# [ok]
