#                                                                            --- full sequence --- -------------- this domain -------------   hmm coord   ali coord   env coord
# target name        accession   tlen query name           accession   qlen   E-value  score  bias   #  of  c-Evalue  i-Evalue  score  bias  from    to  from    to  from    to  acc description of target
#------------------- ---------- ----- -------------------- ---------- ----- --------- ------ ----- --- --- --------- --------- ------ ----- ----- ----- ----- ----- ----- ----- ---- ---------------------
g1816.t1             -            312 325552at2759         -            426   1.2e-40  136.9   5.5   1   4   2.1e-16   2.2e-14   50.3   0.3   148   229     9    95     6   104 0.87 -
g1816.t1             -            312 325552at2759         -            426   1.2e-40  136.9   5.5   2   4   3.5e-16   3.7e-14   49.6   0.1   153   229   103   179    99   190 0.93 -
g1816.t1             -            312 325552at2759         -            426   1.2e-40  136.9   5.5   3   4   6.9e-05    0.0072   12.4   0.0   158   204   193   239   185   243 0.91 -
g1816.t1             -            312 325552at2759         -            426   1.2e-40  136.9   5.5   4   4   4.7e-09   4.9e-07   26.1   0.1   162   228   241   310   233   311 0.87 -
g1569.t1             -            327 325552at2759         -            426   3.7e-30  102.3  11.4   1   5    0.0077      0.81    5.6   0.2   194   228    13    48     4    58 0.62 -
g1569.t1             -            327 325552at2759         -            426   3.7e-30  102.3  11.4   2   5     7e-17   7.3e-15   51.9   0.3   151   231    60   140    48   150 0.89 -
g1569.t1             -            327 325552at2759         -            426   3.7e-30  102.3  11.4   3   5   4.8e-07     5e-05   19.5   0.0   154   208   149   205   145   205 0.94 -
g1569.t1             -            327 325552at2759         -            426   3.7e-30  102.3  11.4   4   5   4.8e-12   5.1e-10   35.9   0.1   154   231   193   268   189   284 0.84 -
g1569.t1             -            327 325552at2759         -            426   3.7e-30  102.3  11.4   5   5     0.027       2.9    3.8   0.2    37    61   298   322   282   325 0.68 -
g1277.t1             -           1127 325552at2759         -            426   4.2e-28   95.5   1.2   1   5   0.00074     0.078    9.0   0.0    33    64   327   357   291   395 0.67 -
g1277.t1             -           1127 325552at2759         -            426   4.2e-28   95.5   1.2   2   5   3.5e-13   3.7e-11   39.7   0.0   158   236   619   698   604   711 0.86 -
g1277.t1             -           1127 325552at2759         -            426   4.2e-28   95.5   1.2   3   5   5.5e-10   5.8e-08   29.2   0.0   166   229   712   776   700   793 0.85 -
g1277.t1             -           1127 325552at2759         -            426   4.2e-28   95.5   1.2   4   5    0.0066      0.69    5.8   0.0    34    74   787   825   779   832 0.69 -
g1277.t1             -           1127 325552at2759         -            426   4.2e-28   95.5   1.2   5   5     0.016       1.7    4.6   0.0   158   190   851   883   842   897 0.81 -
g2153.t1             -           1445 325552at2759         -            426   3.4e-26   89.2   2.1   1   4   3.3e-07   3.4e-05   20.0   0.0   190   231   633   674   617   683 0.84 -
g2153.t1             -           1445 325552at2759         -            426   3.4e-26   89.2   2.1   2   4   2.9e-12     3e-10   36.7   0.0   156   257   683   790   675   792 0.81 -
g2153.t1             -           1445 325552at2759         -            426   3.4e-26   89.2   2.1   3   4   1.3e-06   0.00014   18.0   0.0   166   229   791   855   789   863 0.89 -
g2153.t1             -           1445 325552at2759         -            426   3.4e-26   89.2   2.1   4   4   0.00013     0.014   11.5   0.0   153   226   868   945   857   954 0.87 -
g1372.t1             -            496 325552at2759         -            426   3.3e-21   72.8   7.4   1   5     0.025       2.6    3.9   0.2   374   402   192   220   186   235 0.82 -
g1372.t1             -            496 325552at2759         -            426   3.3e-21   72.8   7.4   2   5   7.4e-05    0.0077   12.3   0.3    35    65   231   261   228   271 0.86 -
g1372.t1             -            496 325552at2759         -            426   3.3e-21   72.8   7.4   3   5    0.0041      0.43    6.5   0.0   369   398   270   299   264   311 0.83 -
g1372.t1             -            496 325552at2759         -            426   3.3e-21   72.8   7.4   4   5     1e-10   1.1e-08   31.5   0.0   151   232   308   391   296   407 0.82 -
g1372.t1             -            496 325552at2759         -            426   3.3e-21   72.8   7.4   5   5   2.3e-07   2.4e-05   20.5   0.0   158   227   401   472   392   483 0.86 -
g517.t1              -            894 325552at2759         -            426   1.2e-18   64.3   8.3   1   4   1.1e-07   1.2e-05   21.6   0.0   189   228   383   422   373   445 0.85 -
g517.t1              -            894 325552at2759         -            426   1.2e-18   64.3   8.3   2   4   2.2e-07   2.3e-05   20.6   0.1   189   230   492   532   487   538 0.87 -
g517.t1              -            894 325552at2759         -            426   1.2e-18   64.3   8.3   3   4   7.4e-05    0.0078   12.3   0.1   362   398   532   571   529   594 0.80 -
g517.t1              -            894 325552at2759         -            426   1.2e-18   64.3   8.3   4   4     8e-05    0.0085   12.1   0.4   150   231   628   710   624   733 0.80 -
g1411.t1             -           2130 325552at2759         -            426   3.3e-18   62.9   0.7   1   3   1.2e-10   1.3e-08   31.3   0.4   140   235  1340  1447  1332  1456 0.76 -
g1411.t1             -           2130 325552at2759         -            426   3.3e-18   62.9   0.7   2   3      0.35        36    0.2   0.0   161   188  1455  1482  1447  1488 0.87 -
g1411.t1             -           2130 325552at2759         -            426   3.3e-18   62.9   0.7   3   3   3.6e-07   3.8e-05   19.9   0.0    41   219  1457  1636  1457  1646 0.74 -
g1411.t2             -           2421 325552at2759         -            426   5.4e-18   62.2   0.6   1   4   1.3e-10   1.4e-08   31.2   0.4   140   235  1631  1738  1623  1748 0.76 -
g1411.t2             -           2421 325552at2759         -            426   5.4e-18   62.2   0.6   2   4       0.4        42   -0.0   0.0   161   188  1746  1773  1738  1779 0.87 -
g1411.t2             -           2421 325552at2759         -            426   5.4e-18   62.2   0.6   3   4   4.6e-06   0.00049   16.2   0.0   155   230  1781  1856  1761  1862 0.86 -
g1411.t2             -           2421 325552at2759         -            426   5.4e-18   62.2   0.6   4   4   0.00052     0.055    9.5   0.0   152   220  1862  1928  1857  1937 0.84 -
g517.t2              -            920 325552at2759         -            426   2.6e-17   59.9   7.1   1   5   1.1e-07   1.2e-05   21.5   0.0   189   228   383   422   373   445 0.85 -
g517.t2              -            920 325552at2759         -            426   2.6e-17   59.9   7.1   2   5   2.9e-07     3e-05   20.2   0.1   189   230   492   532   487   535 0.88 -
g517.t2              -            920 325552at2759         -            426   2.6e-17   59.9   7.1   3   5   0.00011     0.011   11.8   0.1   362   397   532   570   529   582 0.83 -
g517.t2              -            920 325552at2759         -            426   2.6e-17   59.9   7.1   4   5     0.026       2.8    3.9   0.1   155   232   582   668   575   686 0.74 -
g517.t2              -            920 325552at2759         -            426   2.6e-17   59.9   7.1   5   5      0.05       5.3    2.9   0.0    40    64   709   733   695   752 0.60 -
g553.t1              -           1185 325552at2759         -            426   2.3e-15   53.5   9.8   1   5   3.3e-08   3.4e-06   23.3   0.0   155   228   450   528   438   546 0.75 -
g553.t1              -           1185 325552at2759         -            426   2.3e-15   53.5   9.8   2   5    0.0014      0.15    8.0   0.3    44   142   552   653   528   717 0.62 -
g553.t1              -           1185 325552at2759         -            426   2.3e-15   53.5   9.8   3   5       3.9   4.1e+02   -3.3   0.0   204   229   819   844   815   862 0.78 -
g553.t1              -           1185 325552at2759         -            426   2.3e-15   53.5   9.8   4   5   5.8e-09   6.1e-07   25.8   0.1   109   228   871   995   867  1005 0.86 -
g553.t1              -           1185 325552at2759         -            426   2.3e-15   53.5   9.8   5   5       1.4   1.5e+02   -1.9   0.0   157   184  1059  1086  1018  1107 0.59 -
g1616.t1             -           2095 325552at2759         -            426   7.4e-13   45.3   0.1   1   2   1.2e-11   1.2e-09   34.7   0.0   158   228  1927  1997  1910  2006 0.91 -
g1616.t1             -           2095 325552at2759         -            426   7.4e-13   45.3   0.1   2   2    0.0014      0.15    8.1   0.0   157   213  2011  2067  2004  2076 0.87 -
g1616.t2             -           2140 325552at2759         -            426   7.8e-13   45.2   0.1   1   2   1.2e-11   1.2e-09   34.7   0.0   158   228  1972  2042  1955  2051 0.91 -
g1616.t2             -           2140 325552at2759         -            426   7.8e-13   45.2   0.1   2   2    0.0014      0.15    8.0   0.0   157   213  2056  2112  2049  2121 0.87 -
g2173.t1             -            401 325552at2759         -            426     1e-12   44.8   6.2   1   4    0.0072      0.76    5.7   0.0   189   228   142   182   106   192 0.82 -
g2173.t1             -            401 325552at2759         -            426     1e-12   44.8   6.2   2   4   1.5e-08   1.6e-06   24.4   0.2   148   228   193   275   189   282 0.90 -
g2173.t1             -            401 325552at2759         -            426     1e-12   44.8   6.2   3   4   6.9e-05    0.0072   12.4   0.0   191   240   281   331   275   340 0.82 -
g2173.t1             -            401 325552at2759         -            426     1e-12   44.8   6.2   4   4     0.033       3.5    3.5   0.2   194   230   341   378   332   384 0.69 -
g984.t1              -            592 325552at2759         -            426   2.1e-12   43.8   2.3   1   3    0.0039      0.41    6.6   0.0   155   194     8    47     3    51 0.74 -
g984.t1              -            592 325552at2759         -            426   2.1e-12   43.8   2.3   2   3   7.9e-11   8.3e-09   31.9   0.4   154   229    66   141    53   161 0.91 -
g984.t1              -            592 325552at2759         -            426   2.1e-12   43.8   2.3   3   3     0.047       4.9    3.0   0.0   200   225   216   241   204   256 0.78 -
g367.t1              -            336 325552at2759         -            426   3.2e-11   39.9   0.0   1   3     9e-05    0.0095   12.0   0.0   164   233    88   163    81   164 0.83 -
g367.t1              -            336 325552at2759         -            426   3.2e-11   39.9   0.0   2   3   3.3e-07   3.4e-05   20.0   0.1   172   236   144   207   138   217 0.90 -
g367.t1              -            336 325552at2759         -            426   3.2e-11   39.9   0.0   3   3   2.3e-05    0.0024   13.9   0.0   178   227   238   289   222   293 0.76 -
g1055.t1             -            390 325552at2759         -            426   3.4e-11   39.8   9.5   1   4   0.00045     0.047    9.7   0.0   167   236    78   145    70   149 0.91 -
g1055.t1             -            390 325552at2759         -            426   3.4e-11   39.8   9.5   2   4   5.4e-07   5.6e-05   19.3   0.5   348   426   158   245   152   245 0.83 -
g1055.t1             -            390 325552at2759         -            426   3.4e-11   39.8   9.5   3   4   2.6e-05    0.0027   13.8   0.1   163   233   273   345   260   360 0.81 -
g1055.t1             -            390 325552at2759         -            426   3.4e-11   39.8   9.5   4   4      0.37        39    0.1   0.1   382   397   369   384   344   389 0.69 -
g2103.t1             -            429 325552at2759         -            426   2.2e-10   37.2   0.5   1   2   1.1e-07   1.1e-05   21.6   0.3   171   228    30    88    17    99 0.85 -
g2103.t1             -            429 325552at2759         -            426   2.2e-10   37.2   0.5   2   2   5.4e-05    0.0057   12.7   0.0   153   228   147   232   133   248 0.72 -
g1351.t1             -            746 325552at2759         -            426   2.8e-10   36.8   3.8   1   6      0.62        65   -0.7   0.1   198   227    22    51    10    56 0.79 -
g1351.t1             -            746 325552at2759         -            426   2.8e-10   36.8   3.8   2   6       2.1   2.3e+02   -2.4   0.0   213   227    95   109    86   158 0.62 -
g1351.t1             -            746 325552at2759         -            426   2.8e-10   36.8   3.8   3   6   7.1e-07   7.5e-05   18.9   0.0   168   253   189   276   171   281 0.82 -
g1351.t1             -            746 325552at2759         -            426   2.8e-10   36.8   3.8   4   6   0.00024     0.025   10.6   0.1   170   235   280   345   277   362 0.87 -
g1351.t1             -            746 325552at2759         -            426   2.8e-10   36.8   3.8   5   6     0.066         7    2.5   0.0   156   188   476   508   468   514 0.82 -
g1351.t1             -            746 325552at2759         -            426   2.8e-10   36.8   3.8   6   6      0.34        35    0.2   0.0   164   236   536   610   528   613 0.81 -
g1850.t1             -            551 325552at2759         -            426     4e-08   29.7   0.0   1   2     3e-05    0.0031   13.6   0.0    22    89   156   226   144   245 0.76 -
g1850.t1             -            551 325552at2759         -            426     4e-08   29.7   0.0   2   2   3.2e-05    0.0033   13.5   0.0   168   225   322   382   298   388 0.84 -
g239.t1              -           1241 325552at2759         -            426   1.5e-06   24.5   0.5   1   1   2.3e-08   2.4e-06   23.8   0.5   182   310   988  1119   972  1160 0.72 -
g1233.t1             -            386 325552at2759         -            426   6.2e-05   19.2   0.1   1   3   0.00013     0.014   11.4   0.0   175   230    56   112    29   134 0.78 -
g1233.t1             -            386 325552at2759         -            426   6.2e-05   19.2   0.1   2   3    0.0093      0.98    5.3   0.1   163   231   131   201   119   221 0.73 -
g1233.t1             -            386 325552at2759         -            426   6.2e-05   19.2   0.1   3   3     0.017       1.8    4.5   0.0   158   228   169   245   161   265 0.69 -
g1683.t1             -            858 325552at2759         -            426    0.0059   12.7   0.0   1   2       3.2   3.4e+02   -3.0   0.0   235   258   413   436   411   439 0.87 -
g1683.t1             -            858 325552at2759         -            426    0.0059   12.7   0.0   2   2   0.00018     0.019   11.0   0.0   165   222   675   735   670   743 0.83 -
g1683.t2             -            877 325552at2759         -            426     0.006   12.6   0.0   1   2       3.9   4.1e+02   -3.3   0.0   235   258   432   455   430   457 0.87 -
g1683.t2             -            877 325552at2759         -            426     0.006   12.6   0.0   2   2   0.00018     0.019   11.0   0.0   165   222   694   754   689   762 0.83 -
g155.t1              -            393 325552at2759         -            426     0.016   11.2   0.0   1   2       5.7     6e+02   -3.8   0.0   341   367    27    53    22    58 0.62 -
g155.t1              -            393 325552at2759         -            426     0.016   11.2   0.0   2   2   0.00043     0.045    9.8   0.0   164   221   164   223   116   242 0.82 -
#
# Program:         hmmsearch
# Version:         3.2.1 (June 2018)
# Pipeline mode:   SEARCH
# Query file:      /labs/Wegrzyn/bikash/botany2021/braker/busco_downloads/lineages/eukaryota_odb10/hmms/325552at2759.hmm
# Target file:     /labs/Wegrzyn/bikash/botany2021/braker/braker/augustus.hints.aa
# Option settings: /isg/shared/apps/hmmer/3.2.1/bin/hmmsearch --domtblout /labs/Wegrzyn/bikash/botany2021/braker/busco_output/auto_lineage/run_eukaryota_odb10/hmmer_output/initial_run_results/325552at2759.out --cpu 1 /labs/Wegrzyn/bikash/botany2021/braker/busco_downloads/lineages/eukaryota_odb10/hmms/325552at2759.hmm /labs/Wegrzyn/bikash/botany2021/braker/braker/augustus.hints.aa 
# Current dir:     /labs/Wegrzyn/bikash/botany2021/braker
# Date:            Thu Jul 15 15:22:03 2021
# [ok]
