#                                                                            --- full sequence --- -------------- this domain -------------   hmm coord   ali coord   env coord
# target name        accession   tlen query name           accession   qlen   E-value  score  bias   #  of  c-Evalue  i-Evalue  score  bias  from    to  from    to  from    to  acc description of target
#------------------- ---------- ----- -------------------- ---------- ----- --------- ------ ----- --- --- --------- --------- ------ ----- ----- ----- ----- ----- ----- ----- ---- ---------------------
g1954.t1             -            467 369837at2759         -            388   1.7e-24   83.6  14.1   1   4   5.2e-05     0.033   10.2   0.0     2    45    28    73    27    77 0.85 -
g1954.t1             -            467 369837at2759         -            388   1.7e-24   83.6  14.1   2   4   0.00058      0.37    6.8   0.0    44    80    89   127    82   138 0.82 -
g1954.t1             -            467 369837at2759         -            388   1.7e-24   83.6  14.1   3   4     0.032        20    1.1   0.0   110   169   184   247   161   253 0.78 -
g1954.t1             -            467 369837at2759         -            388   1.7e-24   83.6  14.1   4   4   5.8e-20   3.6e-17   59.5  11.5   209   284   360   436   285   446 0.83 -
g1369.t1             -            403 369837at2759         -            388   4.3e-12   42.8   2.1   1   3   0.00045      0.28    7.2   0.0     2    37    70   105    69   108 0.85 -
g1369.t1             -            403 369837at2759         -            388   4.3e-12   42.8   2.1   2   3   0.00023      0.15    8.1   0.0    48    80   139   171   135   186 0.85 -
g1369.t1             -            403 369837at2759         -            388   4.3e-12   42.8   2.1   3   3   1.4e-09   8.8e-07   25.3   0.5   205   283   291   372   278   396 0.86 -
g1536.t1             -            891 369837at2759         -            388   3.8e-06   23.2   1.9   1   3      0.11        71   -0.7   0.0     6    40   397   431   395   434 0.88 -
g1536.t1             -            891 369837at2759         -            388   3.8e-06   23.2   1.9   2   3   0.00054      0.34    6.9   0.0   203   252   669   717   661   735 0.52 -
g1536.t1             -            891 369837at2759         -            388   3.8e-06   23.2   1.9   3   3   5.3e-06    0.0033   13.5   0.5   218   249   736   767   731   796 0.81 -
g1471.t1             -            450 369837at2759         -            388    0.0022   14.1   0.4   1   2   1.4e-05     0.009   12.1   0.0   355   376   395   416   371   421 0.82 -
g1471.t1             -            450 369837at2759         -            388    0.0022   14.1   0.4   2   2       0.1        64   -0.6   0.3   375   388   435   448   432   448 0.90 -
#
# Program:         hmmsearch
# Version:         3.2.1 (June 2018)
# Pipeline mode:   SEARCH
# Query file:      /labs/Wegrzyn/bikash/botany2021/braker/busco_downloads/lineages/eukaryota_odb10/hmms/369837at2759.hmm
# Target file:     /labs/Wegrzyn/bikash/botany2021/braker/braker/augustus.hints.aa
# Option settings: /isg/shared/apps/hmmer/3.2.1/bin/hmmsearch --domtblout /labs/Wegrzyn/bikash/botany2021/braker/busco_output/auto_lineage/run_eukaryota_odb10/hmmer_output/initial_run_results/369837at2759.out --cpu 1 /labs/Wegrzyn/bikash/botany2021/braker/busco_downloads/lineages/eukaryota_odb10/hmms/369837at2759.hmm /labs/Wegrzyn/bikash/botany2021/braker/braker/augustus.hints.aa 
# Current dir:     /labs/Wegrzyn/bikash/botany2021/braker
# Date:            Thu Jul 15 15:22:04 2021
# [ok]
