#                                                                            --- full sequence --- -------------- this domain -------------   hmm coord   ali coord   env coord
# target name        accession   tlen query name           accession   qlen   E-value  score  bias   #  of  c-Evalue  i-Evalue  score  bias  from    to  from    to  from    to  acc description of target
#------------------- ---------- ----- -------------------- ---------- ----- --------- ------ ----- --- --- --------- --------- ------ ----- ----- ----- ----- ----- ----- ----- ---- ---------------------
g1816.t1             -            312 388820at2759         -            609     8e-24   80.9   6.9   1   5   0.00045      0.06    8.7   0.1   231   266    14    50     5    59 0.77 -
g1816.t1             -            312 388820at2759         -            609     8e-24   80.9   6.9   2   5   2.2e-09   2.9e-07   26.2   0.1   418   472    65   124    52   126 0.82 -
g1816.t1             -            312 388820at2759         -            609     8e-24   80.9   6.9   3   5   9.9e-10   1.3e-07   27.4   0.1   386   471   111   208   104   212 0.80 -
g1816.t1             -            312 388820at2759         -            609     8e-24   80.9   6.9   4   5   8.2e-09   1.1e-06   24.3   0.0   158   243   147   238   141   242 0.85 -
g1816.t1             -            312 388820at2759         -            609     8e-24   80.9   6.9   5   5   3.7e-06    0.0005   15.5   0.0   423   482   243   307   236   311 0.60 -
g1569.t1             -            327 388820at2759         -            609   6.2e-20   68.1   5.4   1   5     0.045         6    2.1   0.0   348   382    14    49     7    59 0.70 -
g1569.t1             -            327 388820at2759         -            609   6.2e-20   68.1   5.4   2   5   1.3e-12   1.7e-10   36.9   0.1   312   381    67   137    60   159 0.82 -
g1569.t1             -            327 388820at2759         -            609   6.2e-20   68.1   5.4   3   5     6e-06    0.0008   14.9   0.0   190   267   146   225   139   234 0.65 -
g1569.t1             -            327 388820at2759         -            609   6.2e-20   68.1   5.4   4   5   4.2e-05    0.0056   12.1   0.1   420   456   239   275   233   285 0.88 -
g1569.t1             -            327 388820at2759         -            609   6.2e-20   68.1   5.4   5   5       0.2        26   -0.1   0.1   420   444   298   323   283   325 0.76 -
g1277.t1             -           1127 388820at2759         -            609   1.7e-18   63.3   1.3   1   4      0.52        69   -1.4   0.0   310   328   328   346   288   357 0.70 -
g1277.t1             -           1127 388820at2759         -            609   1.7e-18   63.3   1.3   2   4   3.2e-10   4.3e-08   29.0   0.0   116   267   528   689   519   693 0.78 -
g1277.t1             -           1127 388820at2759         -            609   1.7e-18   63.3   1.3   3   4   1.1e-05    0.0015   14.0   0.0   209   267   716   775   707   779 0.85 -
g1277.t1             -           1127 388820at2759         -            609   1.7e-18   63.3   1.3   4   4   7.7e-06     0.001   14.5   0.0   345   476   781   909   778   914 0.90 -
g517.t2              -            920 388820at2759         -            609   1.3e-12   43.8  11.8   1   4   0.00047     0.063    8.6   0.0   418   446   393   422   382   429 0.87 -
g517.t2              -            920 388820at2759         -            609   1.3e-12   43.8  11.8   2   4   5.1e-08   6.7e-06   21.7   0.9   417   456   501   540   498   553 0.84 -
g517.t2              -            920 388820at2759         -            609   1.3e-12   43.8  11.8   3   4    0.0016      0.22    6.8   0.2   425   452   551   578   539   583 0.83 -
g517.t2              -            920 388820at2759         -            609   1.3e-12   43.8  11.8   4   4   2.6e-05    0.0034   12.8   0.9   311   443   584   730   576   736 0.75 -
g517.t1              -            894 388820at2759         -            609     6e-11   38.4  14.4   1   4   0.00046     0.061    8.6   0.0   418   446   393   422   382   429 0.87 -
g517.t1              -            894 388820at2759         -            609     6e-11   38.4  14.4   2   4   5.1e-08   6.7e-06   21.7   1.0   417   456   501   540   498   553 0.84 -
g517.t1              -            894 388820at2759         -            609     6e-11   38.4  14.4   3   4   0.00078       0.1    7.9   0.2   425   456   551   582   539   595 0.79 -
g517.t1              -            894 388820at2759         -            609     6e-11   38.4  14.4   4   4    0.0036      0.48    5.7   1.3   416   443   677   704   581   710 0.77 -
g553.t1              -           1185 388820at2759         -            609   3.2e-10   36.0   1.0   1   4       1.6   2.1e+02   -3.0   0.0   160   188   390   419   385   423 0.74 -
g553.t1              -           1185 388820at2759         -            609   3.2e-10   36.0   1.0   2   4   0.00072     0.096    8.0   0.1   160   262   463   567   450   573 0.70 -
g553.t1              -           1185 388820at2759         -            609   3.2e-10   36.0   1.0   3   4     0.038         5    2.3   0.0   163   194   635   666   585   717 0.57 -
g553.t1              -           1185 388820at2759         -            609   3.2e-10   36.0   1.0   4   4   8.7e-08   1.2e-05   20.9   0.0    96   189   895   995   873  1041 0.83 -
g2153.t1             -           1445 388820at2759         -            609   2.1e-07   26.7   2.0   1   4    0.0013      0.17    7.2   0.1   429   475   654   704   632   715 0.83 -
g2153.t1             -           1445 388820at2759         -            609   2.1e-07   26.7   2.0   2   4      0.04       5.3    2.2   0.1   196   269   734   813   725   834 0.60 -
g2153.t1             -           1445 388820at2759         -            609   2.1e-07   26.7   2.0   3   4    0.0089       1.2    4.4   0.0   404   452   806   860   798   867 0.73 -
g2153.t1             -           1445 388820at2759         -            609   2.1e-07   26.7   2.0   4   4   0.00031     0.042    9.2   0.0   311   383   872   949   869   965 0.76 -
g1055.t1             -            390 388820at2759         -            609   2.5e-07   26.4  10.3   1   5   0.00016     0.021   10.2   1.4   306   385    62   141    29   148 0.83 -
g1055.t1             -            390 388820at2759         -            609   2.5e-07   26.4  10.3   2   5    0.0024      0.32    6.2   0.1   422   458   113   148    98   161 0.81 -
g1055.t1             -            390 388820at2759         -            609   2.5e-07   26.4  10.3   3   5    0.0033      0.44    5.8   0.1   343   391   173   219   164   223 0.76 -
g1055.t1             -            390 388820at2759         -            609   2.5e-07   26.4  10.3   4   5   0.00034     0.045    9.1   0.0   188   259   214   288   212   297 0.68 -
g1055.t1             -            390 388820at2759         -            609   2.5e-07   26.4  10.3   5   5    0.0058      0.77    5.0   0.1   192   263   309   382   270   386 0.62 -
g1411.t1             -           2130 388820at2759         -            609     2e-06   23.5   0.6   1   3      0.01       1.3    4.2   0.1   340   381  1351  1392  1339  1410 0.86 -
g1411.t1             -           2130 388820at2759         -            609     2e-06   23.5   0.6   2   3    0.0028      0.37    6.0   0.0   102   183  1430  1515  1418  1543 0.71 -
g1411.t1             -           2130 388820at2759         -            609     2e-06   23.5   0.6   3   3   0.00037     0.049    8.9   0.0   398   475  1552  1637  1544  1641 0.80 -
g1411.t2             -           2421 388820at2759         -            609     3e-06   22.9   0.6   1   3     0.012       1.6    3.9   0.1   340   381  1642  1683  1630  1699 0.87 -
g1411.t2             -           2421 388820at2759         -            609     3e-06   22.9   0.6   2   3    0.0039      0.51    5.6   0.0   102   183  1721  1806  1712  1811 0.65 -
g1411.t2             -           2421 388820at2759         -            609     3e-06   22.9   0.6   3   3   0.00041     0.054    8.8   0.0   398   475  1843  1928  1830  1932 0.80 -
g495.t1              -           1007 388820at2759         -            609   3.9e-06   22.5   0.1   1   3    0.0015       0.2    7.0   0.0   399   497   708   806   694   809 0.74 -
g495.t1              -           1007 388820at2759         -            609   3.9e-06   22.5   0.1   2   3   5.9e-05    0.0078   11.6   0.0   201   269   819   884   811   890 0.85 -
g495.t1              -           1007 388820at2759         -            609   3.9e-06   22.5   0.1   3   3      0.27        36   -0.5   0.0   323   376   904   954   898   963 0.75 -
g239.t1              -           1241 388820at2759         -            609     8e-06   21.5   0.0   1   1   1.2e-07   1.7e-05   20.4   0.0   195   270   963  1037   943  1050 0.84 -
g984.t1              -            592 388820at2759         -            609   1.8e-05   20.3   2.3   1   2   1.4e-07   1.8e-05   20.3   2.3   414   484    65   139    53   161 0.82 -
g984.t1              -            592 388820at2759         -            609   1.8e-05   20.3   2.3   2   2       2.9   3.8e+02   -3.9   0.0   419   442   216   240   207   248 0.47 -
g2103.t1             -            429 388820at2759         -            609   4.2e-05   19.1   4.1   1   2   2.8e-05    0.0037   12.7   1.5   322   441    24   175    12   183 0.59 -
g2103.t1             -            429 388820at2759         -            609   4.2e-05   19.1   4.1   2   2    0.0058      0.77    5.0   0.0   430   453   216   239   201   298 0.86 -
g1372.t1             -            496 388820at2759         -            609   4.3e-05   19.1   0.6   1   3   5.5e-05    0.0074   11.7   0.1   103   221   252   385   210   400 0.69 -
g1372.t1             -            496 388820at2759         -            609   4.3e-05   19.1   0.6   2   3    0.0035      0.46    5.7   0.0   435   507   377   453   369   458 0.80 -
g1372.t1             -            496 388820at2759         -            609   4.3e-05   19.1   0.6   3   3     0.012       1.6    3.9   0.0   348   394   440   486   415   495 0.63 -
g1351.t1             -            746 388820at2759         -            609   0.00018   17.0   2.1   1   5       1.7   2.3e+02   -3.2   0.0   430   445    94   109    92   122 0.79 -
g1351.t1             -            746 388820at2759         -            609   0.00018   17.0   2.1   2   5     0.003       0.4    6.0   0.0   420   453   225   259   185   263 0.63 -
g1351.t1             -            746 388820at2759         -            609   0.00018   17.0   2.1   3   5    0.0028      0.37    6.1   0.1   319   381   276   338   267   349 0.83 -
g1351.t1             -            746 388820at2759         -            609   0.00018   17.0   2.1   4   5       2.6   3.4e+02   -3.7   0.0   170   412   487   509   482   513 0.50 -
g1351.t1             -            746 388820at2759         -            609   0.00018   17.0   2.1   5   5     0.053       7.1    1.8   0.0   162   202   531   571   521   593 0.79 -
g1233.t1             -            386 388820at2759         -            609   0.00027   16.4   0.1   1   3    0.0011      0.15    7.4   0.0   227   266    68   110    53   125 0.79 -
g1233.t1             -            386 388820at2759         -            609   0.00027   16.4   0.1   2   3     0.004      0.54    5.5   0.0   159   216   124   190   118   198 0.71 -
g1233.t1             -            386 388820at2759         -            609   0.00027   16.4   0.1   3   3     0.021       2.7    3.2   0.0   234   268   163   199   153   219 0.81 -
g1850.t1             -            551 388820at2759         -            609    0.0014   14.1   0.2   1   2     0.032       4.3    2.5   0.0   349   386   166   204   160   218 0.72 -
g1850.t1             -            551 388820at2759         -            609    0.0014   14.1   0.2   2   2   0.00056     0.074    8.4   0.1   195   265   310   383   302   393 0.71 -
g2012.t1             -           1036 388820at2759         -            609     0.032    9.6   3.3   1   4     0.024       3.2    3.0   0.1   198   220    58    80    53   104 0.71 -
g2012.t1             -           1036 388820at2759         -            609     0.032    9.6   3.3   2   4    0.0058      0.77    5.0   0.1    94   191   168   260   155   290 0.66 -
g2012.t1             -           1036 388820at2759         -            609     0.032    9.6   3.3   3   4       1.4   1.9e+02   -2.9   0.0   159   197   513   551   508   554 0.81 -
g2012.t1             -           1036 388820at2759         -            609     0.032    9.6   3.3   4   4      0.98   1.3e+02   -2.4   0.0   365   397   788   820   786   833 0.82 -
#
# Program:         hmmsearch
# Version:         3.2.1 (June 2018)
# Pipeline mode:   SEARCH
# Query file:      /labs/Wegrzyn/bikash/botany2021/braker/busco_downloads/lineages/eukaryota_odb10/hmms/388820at2759.hmm
# Target file:     /labs/Wegrzyn/bikash/botany2021/braker/braker/augustus.hints.aa
# Option settings: /isg/shared/apps/hmmer/3.2.1/bin/hmmsearch --domtblout /labs/Wegrzyn/bikash/botany2021/braker/busco_output/auto_lineage/run_eukaryota_odb10/hmmer_output/initial_run_results/388820at2759.out --cpu 1 /labs/Wegrzyn/bikash/botany2021/braker/busco_downloads/lineages/eukaryota_odb10/hmms/388820at2759.hmm /labs/Wegrzyn/bikash/botany2021/braker/braker/augustus.hints.aa 
# Current dir:     /labs/Wegrzyn/bikash/botany2021/braker
# Date:            Thu Jul 15 15:22:04 2021
# [ok]
