#                                                                            --- full sequence --- -------------- this domain -------------   hmm coord   ali coord   env coord
# target name        accession   tlen query name           accession   qlen   E-value  score  bias   #  of  c-Evalue  i-Evalue  score  bias  from    to  from    to  from    to  acc description of target
#------------------- ---------- ----- -------------------- ---------- ----- --------- ------ ----- --- --- --------- --------- ------ ----- ----- ----- ----- ----- ----- ----- ---- ---------------------
g1816.t1             -            312 418107at2759         -            357   4.7e-33  111.7   6.5   1   5   7.5e-12   7.9e-10   35.3   0.2   213   285    16    93     5    98 0.80 -
g1816.t1             -            312 418107at2759         -            357   4.7e-33  111.7   6.5   2   5   1.6e-07   1.7e-05   21.0   0.0    50    88    97   135    94   139 0.81 -
g1816.t1             -            312 418107at2759         -            357   4.7e-33  111.7   6.5   3   5   0.00018     0.019   11.1   0.0    54    88   143   177   137   186 0.73 -
g1816.t1             -            312 418107at2759         -            357   4.7e-33  111.7   6.5   4   5   8.5e-10   8.9e-08   28.6   0.0   219   285   192   265   183   269 0.77 -
g1816.t1             -            312 418107at2759         -            357   4.7e-33  111.7   6.5   5   5   5.1e-06   0.00054   16.1   0.0    48    86   267   307   263   310 0.88 -
g1277.t1             -           1127 418107at2759         -            357   2.7e-19   66.5   0.5   1   8      0.45        48   -0.1   0.0   245   284   315   355   279   366 0.58 -
g1277.t1             -           1127 418107at2759         -            357   2.7e-19   66.5   0.5   2   8    0.0093      0.98    5.4   0.0   215   245   373   403   361   412 0.82 -
g1277.t1             -           1127 418107at2759         -            357   2.7e-19   66.5   0.5   3   8       1.4   1.5e+02   -1.8   0.0    48    88   414   457   408   462 0.71 -
g1277.t1             -           1127 418107at2759         -            357   2.7e-19   66.5   0.5   4   8   0.00037     0.039   10.0   0.0    50    89   608   647   602   650 0.90 -
g1277.t1             -           1127 418107at2759         -            357   2.7e-19   66.5   0.5   5   8   0.00024     0.025   10.6   0.0    53    88   653   688   648   700 0.86 -
g1277.t1             -           1127 418107at2759         -            357   2.7e-19   66.5   0.5   6   8   3.2e-07   3.4e-05   20.1   0.0   208   245   735   772   715   775 0.88 -
g1277.t1             -           1127 418107at2759         -            357   2.7e-19   66.5   0.5   7   8     0.002      0.21    7.6   0.0   205   252   774   823   772   831 0.83 -
g1277.t1             -           1127 418107at2759         -            357   2.7e-19   66.5   0.5   8   8      0.18        19    1.2   0.0   147   176   859   888   843   894 0.75 -
g1411.t1             -           2130 418107at2759         -            357     8e-19   64.9   0.4   1   3   7.4e-05    0.0078   12.3   0.0    54    92  1357  1395  1331  1402 0.69 -
g1411.t1             -           2130 418107at2759         -            357     8e-19   64.9   0.4   2   3   1.4e-15   1.5e-13   47.6   0.1    53   245  1356  1560  1348  1565 0.81 -
g1411.t1             -           2130 418107at2759         -            357     8e-19   64.9   0.4   3   3   4.1e-05    0.0043   13.2   0.0   138   206  1577  1643  1567  1649 0.88 -
g1569.t1             -            327 418107at2759         -            357   8.5e-19   64.8  10.7   1   7     0.016       1.7    4.6   0.0    53    90    11    49     7    55 0.82 -
g1569.t1             -            327 418107at2759         -            357   8.5e-19   64.8  10.7   2   7   0.00019      0.02   11.0   0.1    53    88    59    94    47    99 0.72 -
g1569.t1             -            327 418107at2759         -            357   8.5e-19   64.8  10.7   3   7   1.1e-06   0.00012   18.3   0.0   213   250   102   139    95   146 0.84 -
g1569.t1             -            327 418107at2759         -            357   8.5e-19   64.8  10.7   4   7   1.5e-05    0.0016   14.6   0.0    51    89   143   183   139   188 0.79 -
g1569.t1             -            327 418107at2759         -            357   8.5e-19   64.8  10.7   5   7   5.9e-05    0.0062   12.6   0.2    53    89   189   225   184   268 0.87 -
g1569.t1             -            327 418107at2759         -            357   8.5e-19   64.8  10.7   6   7      0.43        45   -0.1   0.1   267   286   246   265   236   294 0.68 -
g1569.t1             -            327 418107at2759         -            357   8.5e-19   64.8  10.7   7   7     0.012       1.2    5.1   0.1   261   282   300   321   287   325 0.62 -
g1411.t2             -           2421 418107at2759         -            357   1.3e-18   64.2   0.4   1   3   8.8e-05    0.0092   12.1   0.0    54    92  1648  1686  1622  1692 0.69 -
g1411.t2             -           2421 418107at2759         -            357   1.3e-18   64.2   0.4   2   3   1.6e-15   1.7e-13   47.4   0.1    53   245  1647  1851  1638  1856 0.81 -
g1411.t2             -           2421 418107at2759         -            357   1.3e-18   64.2   0.4   3   3   4.8e-05    0.0051   12.9   0.0   138   206  1868  1934  1859  1940 0.88 -
g2173.t1             -            401 418107at2759         -            357   8.2e-18   61.6   0.4   1   3     0.018       1.9    4.4   0.0   183   208   156   181   104   202 0.76 -
g2173.t1             -            401 418107at2759         -            357   8.2e-18   61.6   0.4   2   3   8.8e-17   9.2e-15   51.6   0.1   135   245   200   316   183   319 0.85 -
g2173.t1             -            401 418107at2759         -            357   8.2e-18   61.6   0.4   3   3      0.28        29    0.6   0.0    55    89   341   376   335   382 0.74 -
g517.t1              -            894 418107at2759         -            357   1.9e-16   57.1   4.1   1   5       3.9   4.1e+02   -3.2   0.0   313   343   302   332   292   341 0.78 -
g517.t1              -            894 418107at2759         -            357   1.9e-16   57.1   4.1   2   5     0.004      0.43    6.6   0.0   260   291   396   427   372   434 0.89 -
g517.t1              -            894 418107at2759         -            357   1.9e-16   57.1   4.1   3   5   2.9e-09   3.1e-07   26.8   0.1   202   283   485   569   482   577 0.81 -
g517.t1              -            894 418107at2759         -            357   1.9e-16   57.1   4.1   4   5    0.0021      0.22    7.5   0.0   214   249   579   614   569   625 0.86 -
g517.t1              -            894 418107at2759         -            357   1.9e-16   57.1   4.1   5   5   2.4e-05    0.0025   13.9   0.2   211   289   627   710   621   724 0.79 -
g517.t2              -            920 418107at2759         -            357   1.8e-15   53.9   2.7   1   5       4.1   4.3e+02   -3.3   0.0   313   343   302   332   292   341 0.78 -
g517.t2              -            920 418107at2759         -            357   1.8e-15   53.9   2.7   2   5    0.0042      0.44    6.6   0.0   260   291   396   427   372   434 0.89 -
g517.t2              -            920 418107at2759         -            357   1.8e-15   53.9   2.7   3   5   3.1e-09   3.3e-07   26.7   0.1   202   283   485   569   482   576 0.81 -
g517.t2              -            920 418107at2759         -            357   1.8e-15   53.9   2.7   4   5    0.0023      0.24    7.4   0.0   214   249   579   614   570   623 0.86 -
g517.t2              -            920 418107at2759         -            357   1.8e-15   53.9   2.7   5   5    0.0007     0.073    9.1   0.1   258   289   705   736   698   750 0.82 -
g2153.t1             -           1445 418107at2759         -            357     2e-14   50.4   0.1   1   4   8.9e-05    0.0093   12.1   0.0    53    92   635   676   631   681 0.84 -
g2153.t1             -           1445 418107at2759         -            357     2e-14   50.4   0.1   2   4    0.0027      0.28    7.2   0.0   213   247   678   712   672   716 0.88 -
g2153.t1             -           1445 418107at2759         -            357     2e-14   50.4   0.1   3   4   5.2e-08   5.4e-06   22.7   0.0   139   284   735   899   728   915 0.78 -
g2153.t1             -           1445 418107at2759         -            357     2e-14   50.4   0.1   4   4     0.074       7.7    2.5   0.0    56    86   914   944   907   950 0.62 -
g1372.t1             -            496 418107at2759         -            357   9.1e-11   38.4   0.2   1   3      0.14        15    1.6   0.1   260   285   234   259   229   270 0.80 -
g1372.t1             -            496 418107at2759         -            357   9.1e-11   38.4   0.2   2   3   2.2e-07   2.3e-05   20.6   0.0   148   283   281   428   275   435 0.71 -
g1372.t1             -            496 418107at2759         -            357   9.1e-11   38.4   0.2   3   3   6.3e-08   6.7e-06   22.4   0.0   135   245   354   470   349   475 0.82 -
g984.t1              -            592 418107at2759         -            357   1.1e-10   38.1   3.2   1   3      0.12        12    1.8   0.0   260   281    13    34     2    43 0.75 -
g984.t1              -            592 418107at2759         -            357   1.1e-10   38.1   3.2   2   3   1.6e-10   1.7e-08   31.0   0.8   214   290    64   144    55   165 0.83 -
g984.t1              -            592 418107at2759         -            357   1.1e-10   38.1   3.2   3   3     0.031       3.3    3.7   0.0   219   245   215   241   203   250 0.82 -
g553.t1              -           1185 418107at2759         -            357   7.1e-10   35.5   0.2   1   4       0.3        32    0.4   0.0    60    91   390   422   379   447 0.77 -
g553.t1              -           1185 418107at2759         -            357   7.1e-10   35.5   0.2   2   4   0.00078     0.082    8.9   0.0    54    85   535   568   531   577 0.85 -
g553.t1              -           1185 418107at2759         -            357   7.1e-10   35.5   0.2   3   4     0.003      0.32    7.0   0.0    90   173   877   959   863   960 0.83 -
g553.t1              -           1185 418107at2759         -            357   7.1e-10   35.5   0.2   4   4    0.0028       0.3    7.1   0.0    53    88   959   994   956  1001 0.93 -
g1055.t1             -            390 418107at2759         -            357   1.3e-07   28.0   9.6   1   6       1.3   1.4e+02   -1.7   0.0    52    85    62    93    54   106 0.60 -
g1055.t1             -            390 418107at2759         -            357   1.3e-07   28.0   9.6   2   6     0.048       5.1    3.1   0.0   262   308   114   159   108   175 0.69 -
g1055.t1             -            390 418107at2759         -            357   1.3e-07   28.0   9.6   3   6    0.0077      0.81    5.7   0.0    56    88   178   208   173   211 0.83 -
g1055.t1             -            390 418107at2759         -            357   1.3e-07   28.0   9.6   4   6   1.3e-05    0.0014   14.8   0.2    51   111   213   271   210   284 0.88 -
g1055.t1             -            390 418107at2759         -            357   1.3e-07   28.0   9.6   5   6     0.072       7.6    2.5   0.0    55    88   308   339   299   359 0.57 -
g1055.t1             -            390 418107at2759         -            357   1.3e-07   28.0   9.6   6   6     0.029       3.1    3.8   0.0    54    85   349   382   344   387 0.60 -
g1850.t1             -            551 418107at2759         -            357     2e-07   27.4   0.0   1   2    0.0064      0.67    6.0   0.0    54   109   163   218   154   247 0.83 -
g1850.t1             -            551 418107at2759         -            357     2e-07   27.4   0.0   2   2   5.8e-07   6.1e-05   19.2   0.0   158   246   285   383   267   411 0.76 -
g1233.t1             -            386 418107at2759         -            357   8.7e-07   25.3   0.0   1   1   2.1e-08   2.2e-06   24.0   0.0   135   265    78   215    47   227 0.85 -
g2103.t1             -            429 418107at2759         -            357   3.1e-06   23.5   0.8   1   3   0.00013     0.014   11.5   0.1   211   270    51   113     9   125 0.79 -
g2103.t1             -            429 418107at2759         -            357   3.1e-06   23.5   0.8   2   3     0.061       6.4    2.7   0.0   216   243   148   175   128   182 0.84 -
g2103.t1             -            429 418107at2759         -            357   3.1e-06   23.5   0.8   3   3    0.0066      0.69    5.9   0.0    56    88   195   231   187   237 0.75 -
g367.t1              -            336 418107at2759         -            357   1.1e-05   21.7   0.0   1   3   0.00034     0.036   10.1   0.0   134   211   125   201    26   207 0.77 -
g367.t1              -            336 418107at2759         -            357   1.1e-05   21.7   0.0   2   3    0.0013      0.14    8.2   0.0   140   205   218   286   206   297 0.69 -
g367.t1              -            336 418107at2759         -            357   1.1e-05   21.7   0.0   3   3    0.0011      0.11    8.5   0.0    51   114   251   315   244   325 0.83 -
g495.t1              -           1007 418107at2759         -            357   2.2e-05   20.7   1.0   1   2   0.00047      0.05    9.7   0.1   232   286   738   794   717   816 0.78 -
g495.t1              -           1007 418107at2759         -            357   2.2e-05   20.7   1.0   2   2    0.0012      0.13    8.3   0.1    53    92   848   885   843   900 0.84 -
g1351.t1             -            746 418107at2759         -            357   2.3e-05   20.6   1.5   1   4    0.0084      0.88    5.6   0.0    65   102    86   123    80   139 0.82 -
g1351.t1             -            746 418107at2759         -            357   2.3e-05   20.6   1.5   2   4     0.013       1.4    5.0   0.1   260   283   226   249   187   257 0.72 -
g1351.t1             -            746 418107at2759         -            357   2.3e-05   20.6   1.5   3   4     0.008      0.84    5.6   0.0    54    92   303   341   297   368 0.84 -
g1351.t1             -            746 418107at2759         -            357   2.3e-05   20.6   1.5   4   4       1.8   1.9e+02   -2.1   0.0   134   169   569   604   560   610 0.84 -
g239.t1              -           1241 418107at2759         -            357   0.00042   16.5   0.0   1   2      0.43        45   -0.0   0.0    73    91   974   992   969   994 0.87 -
g239.t1              -           1241 418107at2759         -            357   0.00042   16.5   0.0   2   2     2e-05    0.0021   14.2   0.0    47    88   992  1033   987  1043 0.93 -
g911.t1              -            717 418107at2759         -            357   0.00059   16.0   0.0   1   2      0.57        60   -0.5   0.0   149   235   185   272   172   276 0.64 -
g911.t1              -            717 418107at2759         -            357   0.00059   16.0   0.0   2   2   4.1e-05    0.0044   13.1   0.0   159   235   491   575   459   579 0.72 -
g6.t1                -            762 418107at2759         -            357   0.00059   16.0   1.1   1   3      0.63        67   -0.6   0.0    99   114   135   150   117   163 0.79 -
g6.t1                -            762 418107at2759         -            357   0.00059   16.0   1.1   2   3   6.2e-05    0.0065   12.6   0.1    99   169   252   321   214   330 0.84 -
g6.t1                -            762 418107at2759         -            357   0.00059   16.0   1.1   3   3      0.83        87   -1.0   0.0   217   244   346   372   341   378 0.59 -
g1616.t1             -           2095 418107at2759         -            357    0.0032   13.6   0.0   1   2      0.41        43   -0.0   0.0   189   231  1894  1938  1881  1945 0.77 -
g1616.t1             -           2095 418107at2759         -            357    0.0032   13.6   0.0   2   2   0.00027     0.029   10.5   0.0   150   230  1938  2022  1933  2040 0.76 -
g1616.t2             -           2140 418107at2759         -            357    0.0034   13.5   0.0   1   2      0.41        43    0.0   0.0   189   231  1939  1983  1925  1990 0.77 -
g1616.t2             -           2140 418107at2759         -            357    0.0034   13.5   0.0   2   2   0.00024     0.026   10.6   0.0   149   230  1982  2067  1972  2085 0.76 -
#
# Program:         hmmsearch
# Version:         3.2.1 (June 2018)
# Pipeline mode:   SEARCH
# Query file:      /labs/Wegrzyn/bikash/botany2021/braker/busco_downloads/lineages/eukaryota_odb10/hmms/418107at2759.hmm
# Target file:     /labs/Wegrzyn/bikash/botany2021/braker/braker/augustus.hints.aa
# Option settings: /isg/shared/apps/hmmer/3.2.1/bin/hmmsearch --domtblout /labs/Wegrzyn/bikash/botany2021/braker/busco_output/auto_lineage/run_eukaryota_odb10/hmmer_output/initial_run_results/418107at2759.out --cpu 1 /labs/Wegrzyn/bikash/botany2021/braker/busco_downloads/lineages/eukaryota_odb10/hmms/418107at2759.hmm /labs/Wegrzyn/bikash/botany2021/braker/braker/augustus.hints.aa 
# Current dir:     /labs/Wegrzyn/bikash/botany2021/braker
# Date:            Thu Jul 15 15:22:05 2021
# [ok]
