#                                                                            --- full sequence --- -------------- this domain -------------   hmm coord   ali coord   env coord
# target name        accession   tlen query name           accession   qlen   E-value  score  bias   #  of  c-Evalue  i-Evalue  score  bias  from    to  from    to  from    to  acc description of target
#------------------- ---------- ----- -------------------- ---------- ----- --------- ------ ----- --- --- --------- --------- ------ ----- ----- ----- ----- ----- ----- ----- ---- ---------------------
g911.t1              -            717 464990at2759         -            394     1e-29  100.5   1.5   1   2     0.028        17    1.0   0.0    20    45   247   273   235   276 0.75 -
g911.t1              -            717 464990at2759         -            394     1e-29  100.5   1.5   2   2   5.9e-31   3.7e-28   95.3   0.4    88   344   361   642   330   685 0.77 -
g1105.t1             -            956 464990at2759         -            394   4.4e-14   49.0   1.5   1   4     0.031        19    0.8   0.0    24    59   526   562   500   575 0.65 -
g1105.t1             -            956 464990at2759         -            394   4.4e-14   49.0   1.5   2   4     0.072        45   -0.4   0.0   225   262   633   670   622   698 0.65 -
g1105.t1             -            956 464990at2759         -            394   4.4e-14   49.0   1.5   3   4    0.0042       2.6    3.7   0.0   176   199   734   757   726   767 0.83 -
g1105.t1             -            956 464990at2759         -            394   4.4e-14   49.0   1.5   4   4   2.4e-14   1.5e-11   40.7   0.1   224   343   763   880   753   922 0.71 -
g1816.t1             -            312 464990at2759         -            394   2.3e-08   30.2   0.1   1   4    0.0076       4.8    2.8   0.0    32    56    69    95    39   104 0.70 -
g1816.t1             -            312 464990at2759         -            394   2.3e-08   30.2   0.1   2   4   0.00012     0.078    8.7   0.0   222   250   110   138   102   142 0.87 -
g1816.t1             -            312 464990at2759         -            394   2.3e-08   30.2   0.1   3   4   1.9e-06    0.0012   14.7   0.0   208   286   138   219   136   228 0.79 -
g1816.t1             -            312 464990at2759         -            394   2.3e-08   30.2   0.1   4   4   0.00023      0.14    7.8   0.0   219   251   192   224   180   273 0.68 -
g1277.t1             -           1127 464990at2759         -            394    0.0019   14.0   0.4   1   6     0.046        29    0.2   0.0    23    52   324   354   287   392 0.78 -
g1277.t1             -           1127 464990at2759         -            394    0.0019   14.0   0.4   2   6      0.11        70   -1.0   0.0   221   287   620   646   546   655 0.59 -
g1277.t1             -           1127 464990at2759         -            394    0.0019   14.0   0.4   3   6      0.13        85   -1.3   0.0   209   247   650   688   648   697 0.84 -
g1277.t1             -           1127 464990at2759         -            394    0.0019   14.0   0.4   4   6     0.009       5.7    2.6   0.0     9    56   726   776   720   786 0.82 -
g1277.t1             -           1127 464990at2759         -            394    0.0019   14.0   0.4   5   6    0.0039       2.4    3.8   0.0   222   247   791   816   779   821 0.86 -
g1277.t1             -           1127 464990at2759         -            394    0.0019   14.0   0.4   6   6       1.2   7.7e+02   -4.5   0.0   222   239   853   870   849   877 0.54 -
#
# Program:         hmmsearch
# Version:         3.2.1 (June 2018)
# Pipeline mode:   SEARCH
# Query file:      /labs/Wegrzyn/bikash/botany2021/braker/busco_downloads/lineages/eukaryota_odb10/hmms/464990at2759.hmm
# Target file:     /labs/Wegrzyn/bikash/botany2021/braker/braker/augustus.hints.aa
# Option settings: /isg/shared/apps/hmmer/3.2.1/bin/hmmsearch --domtblout /labs/Wegrzyn/bikash/botany2021/braker/busco_output/auto_lineage/run_eukaryota_odb10/hmmer_output/initial_run_results/464990at2759.out --cpu 1 /labs/Wegrzyn/bikash/botany2021/braker/busco_downloads/lineages/eukaryota_odb10/hmms/464990at2759.hmm /labs/Wegrzyn/bikash/botany2021/braker/braker/augustus.hints.aa 
# Current dir:     /labs/Wegrzyn/bikash/botany2021/braker
# Date:            Thu Jul 15 15:22:05 2021
# [ok]
