#                                                                            --- full sequence --- -------------- this domain -------------   hmm coord   ali coord   env coord
# target name        accession   tlen query name           accession   qlen   E-value  score  bias   #  of  c-Evalue  i-Evalue  score  bias  from    to  from    to  from    to  acc description of target
#------------------- ---------- ----- -------------------- ---------- ----- --------- ------ ----- --- --- --------- --------- ------ ----- ----- ----- ----- ----- ----- ----- ---- ---------------------
g1816.t1             -            312 604979at2759         -            307     6e-36  121.5   0.6   1   3   6.3e-25   6.6e-23   78.7   0.1    78   224    16   175    10   176 0.85 -
g1816.t1             -            312 604979at2759         -            307     6e-36  121.5   0.6   2   3   4.3e-07   4.5e-05   20.1   0.0   181   244   172   238   171   241 0.88 -
g1816.t1             -            312 604979at2759         -            307     6e-36  121.5   0.6   3   3     4e-08   4.2e-06   23.5   0.1   123   184   237   307   232   310 0.71 -
g1277.t1             -           1127 604979at2759         -            307   1.1e-21   74.6   0.6   1   4    0.0037      0.39    7.2   0.0    43   178   330   395   283   426 0.55 -
g1277.t1             -           1127 604979at2759         -            307   1.1e-21   74.6   0.6   2   4       2.1   2.2e+02   -1.9   0.0    53    97   544   588   495   593 0.72 -
g1277.t1             -           1127 604979at2759         -            307   1.1e-21   74.6   0.6   3   4   4.9e-13   5.2e-11   39.6   0.1   138   236   592   698   558   723 0.84 -
g1277.t1             -           1127 604979at2759         -            307   1.1e-21   74.6   0.6   4   4   4.7e-08     5e-06   23.2   0.0   177   263   723   810   710   825 0.87 -
g2153.t1             -           1445 604979at2759         -            307   1.3e-21   74.4   0.1   1   3   7.4e-09   7.8e-07   25.9   0.0   152   230   633   716   624   741 0.81 -
g2153.t1             -           1445 604979at2759         -            307   1.3e-21   74.4   0.1   2   3   3.7e-05    0.0039   13.7   0.0   195   260   728   801   722   804 0.73 -
g2153.t1             -           1445 604979at2759         -            307   1.3e-21   74.4   0.1   3   3   2.7e-09   2.8e-07   27.4   0.0   177   296   801   944   799   950 0.70 -
g1569.t1             -            327 604979at2759         -            307   9.8e-21   71.5  13.5   1   2   1.8e-09   1.9e-07   27.9   1.8   119   248    14   160     8   162 0.76 -
g1569.t1             -            327 604979at2759         -            307   9.8e-21   71.5  13.5   2   2   3.4e-18   3.6e-16   56.5   4.2    46   240    70   278    67   325 0.81 -
g1411.t1             -           2130 604979at2759         -            307   1.6e-19   67.6   0.8   1   2   2.8e-18     3e-16   56.8   0.5   117   296  1356  1560  1352  1563 0.80 -
g1411.t1             -           2130 604979at2759         -            307   1.6e-19   67.6   0.8   2   2   4.9e-05    0.0052   13.3   0.0   173   259  1547  1635  1523  1647 0.76 -
g1411.t2             -           2421 604979at2759         -            307   2.4e-19   67.0   0.8   1   2   3.2e-18   3.4e-16   56.6   0.6   117   296  1647  1851  1641  1854 0.80 -
g1411.t2             -           2421 604979at2759         -            307   2.4e-19   67.0   0.8   2   2   0.00044     0.047   10.2   0.0   180   259  1847  1926  1846  1937 0.82 -
g1372.t1             -            496 604979at2759         -            307   6.1e-19   65.6   3.7   1   4       1.5   1.6e+02   -1.4   0.0   162   189   192   219   184   227 0.82 -
g1372.t1             -            496 604979at2759         -            307   6.1e-19   65.6   3.7   2   4     2e-12   2.1e-10   37.6   0.2   159   262   230   335   207   337 0.82 -
g1372.t1             -            496 604979at2759         -            307   6.1e-19   65.6   3.7   3   4     1e-08     1e-06   25.5   0.4    47   150   319   430   318   442 0.63 -
g1372.t1             -            496 604979at2759         -            307   6.1e-19   65.6   3.7   4   4   0.00072     0.076    9.5   0.0   264   296   438   470   431   478 0.89 -
g2173.t1             -            401 604979at2759         -            307   7.6e-19   65.3   3.2   1   3    0.0022      0.23    7.9   0.0   234   264   146   176   140   182 0.66 -
g2173.t1             -            401 604979at2759         -            307   7.6e-19   65.3   3.2   2   3   7.7e-18   8.1e-16   55.4   0.3   154   263   195   312   188   326 0.83 -
g2173.t1             -            401 604979at2759         -            307   7.6e-19   65.3   3.2   3   3      0.51        54    0.1   0.1   267   296   343   373   336   384 0.67 -
g553.t1              -           1185 604979at2759         -            307   7.9e-16   55.4   2.9   1   6      0.12        13    2.2   0.0   155   185   385   418   359   431 0.63 -
g553.t1              -           1185 604979at2759         -            307   7.9e-16   55.4   2.9   2   6   2.2e-05    0.0023   14.5   0.1   126   241   501   542   424   573 0.44 -
g553.t1              -           1185 604979at2759         -            307   7.9e-16   55.4   2.9   3   6    0.0092      0.96    5.9   0.0   126   157   636   667   584   715 0.56 -
g553.t1              -           1185 604979at2759         -            307   7.9e-16   55.4   2.9   4   6       1.1   1.2e+02   -1.0   0.0   123   177   815   872   811   878 0.78 -
g553.t1              -           1185 604979at2759         -            307   7.9e-16   55.4   2.9   5   6   4.9e-09   5.1e-07   26.5   0.0    78   191   876  1004   852  1107 0.73 -
g553.t1              -           1185 604979at2759         -            307   7.9e-16   55.4   2.9   6   6       1.2   1.2e+02   -1.0   0.0   243   264  1116  1137  1101  1140 0.90 -
g517.t1              -            894 604979at2759         -            307   3.6e-14   50.0   2.1   1   4       7.5   7.9e+02   -3.7   0.0   198   213   108   123   104   125 0.85 -
g517.t1              -            894 604979at2759         -            307   3.6e-14   50.0   2.1   2   4    0.0011      0.12    8.9   0.0   264   296   387   419   377   428 0.79 -
g517.t1              -            894 604979at2759         -            307   3.6e-14   50.0   2.1   3   4   9.3e-08   9.8e-06   22.3   0.0   191   262   493   564   487   578 0.64 -
g517.t1              -            894 604979at2759         -            307   3.6e-14   50.0   2.1   4   4   6.1e-06   0.00064   16.3   0.1    39   153   581   709   569   718 0.75 -
g517.t2              -            920 604979at2759         -            307   5.6e-12   42.8   1.5   1   5       7.7   8.1e+02   -3.7   0.0   198   213   108   123   104   125 0.85 -
g517.t2              -            920 604979at2759         -            307   5.6e-12   42.8   1.5   2   5    0.0012      0.12    8.8   0.0   264   296   387   419   377   428 0.79 -
g517.t2              -            920 604979at2759         -            307   5.6e-12   42.8   1.5   3   5   9.4e-08   9.9e-06   22.3   0.1   191   262   493   564   487   579 0.64 -
g517.t2              -            920 604979at2759         -            307   5.6e-12   42.8   1.5   4   5     0.034       3.6    4.0   0.0    39    71   581   613   569   662 0.78 -
g517.t2              -            920 604979at2759         -            307   5.6e-12   42.8   1.5   5   5     0.095        10    2.5   0.0   121   153   703   735   693   744 0.83 -
g984.t1              -            592 604979at2759         -            307   8.6e-12   42.2   4.4   1   5     0.027       2.9    4.3   0.0    79   105     5    31     1    39 0.68 -
g984.t1              -            592 604979at2759         -            307   8.6e-12   42.2   4.4   2   5   1.7e-05    0.0018   14.8   0.1   120   153    67   100    49   104 0.72 -
g984.t1              -            592 604979at2759         -            307   8.6e-12   42.2   4.4   3   5   7.7e-06   0.00081   16.0   0.1   258   296    99   137    96   147 0.87 -
g984.t1              -            592 604979at2759         -            307   8.6e-12   42.2   4.4   4   5    0.0097         1    5.8   0.0   117   153   210   246   202   262 0.81 -
g984.t1              -            592 604979at2759         -            307   8.6e-12   42.2   4.4   5   5       3.9   4.1e+02   -2.8   0.0   244   268   421   445   411   450 0.80 -
g495.t1              -           1007 604979at2759         -            307   1.1e-10   38.5   0.3   1   2   0.00034     0.035   10.6   0.0   192   244   719   771   703   789 0.86 -
g495.t1              -           1007 604979at2759         -            307   1.1e-10   38.5   0.3   2   2   6.9e-09   7.3e-07   26.0   0.1    82   276   812  1004   774  1005 0.71 -
g1055.t1             -            390 604979at2759         -            307   1.9e-10   37.8   4.6   1   3   5.9e-05    0.0062   13.1   0.0    77   153    63   139    59   145 0.83 -
g1055.t1             -            390 604979at2759         -            307   1.9e-10   37.8   4.6   2   3   4.9e-06   0.00051   16.6   1.9   167   295   187   336   169   338 0.66 -
g1055.t1             -            390 604979at2759         -            307   1.9e-10   37.8   4.6   3   3     0.079       8.3    2.8   0.0   263   295   348   382   341   386 0.72 -
g1233.t1             -            386 604979at2759         -            307   3.9e-10   36.7   0.1   1   3     1e-06   0.00011   18.9   0.0   165   259    47   144    40   149 0.81 -
g1233.t1             -            386 604979at2759         -            307   3.9e-10   36.7   0.1   2   3   1.3e-06   0.00013   18.5   0.0   204   264   131   192   117   197 0.86 -
g1233.t1             -            386 604979at2759         -            307   3.9e-10   36.7   0.1   3   3         2   2.1e+02   -1.8   0.0    44   155   217   249   204   263 0.55 -
g367.t1              -            336 604979at2759         -            307   4.4e-10   36.6   0.7   1   2   2.2e-05    0.0024   14.5   0.0   170   263    91   192    80   208 0.66 -
g367.t1              -            336 604979at2759         -            307   4.4e-10   36.6   0.7   2   2   1.5e-09   1.6e-07   28.2   0.1   112   261   117   281   115   287 0.76 -
g1850.t1             -            551 604979at2759         -            307   7.2e-09   32.6   1.1   1   4   1.5e-05    0.0016   15.0   0.0   230   271   159   205   149   237 0.83 -
g1850.t1             -            551 604979at2759         -            307   7.2e-09   32.6   1.1   2   4     0.014       1.4    5.3   0.0   269   297   309   338   298   346 0.67 -
g1850.t1             -            551 604979at2759         -            307   7.2e-09   32.6   1.1   3   4    0.0044      0.46    6.9   0.0   118   148   350   382   343   389 0.78 -
g1850.t1             -            551 604979at2759         -            307   7.2e-09   32.6   1.1   4   4      0.76        80   -0.4   0.0   166   200   468   503   460   513 0.74 -
g2103.t1             -            429 604979at2759         -            307   7.2e-09   32.6   1.3   1   2   5.5e-08   5.8e-06   23.0   0.7   132   233    24   135     8   145 0.78 -
g2103.t1             -            429 604979at2759         -            307   7.2e-09   32.6   1.3   2   2     0.007      0.74    6.3   0.0   115   154   189   235   144   243 0.49 -
g1616.t1             -           2095 604979at2759         -            307     8e-08   29.1   0.0   1   1   1.5e-09   1.6e-07   28.2   0.0   129   246  1892  2017  1869  2028 0.83 -
g1616.t2             -           2140 604979at2759         -            307   8.2e-08   29.1   0.0   1   1   1.5e-09   1.6e-07   28.2   0.0   129   246  1937  2062  1914  2073 0.83 -
g1351.t1             -            746 604979at2759         -            307   2.7e-07   27.4   0.4   1   3       1.5   1.6e+02   -1.4   0.0   124   147    25    48     5    61 0.62 -
g1351.t1             -            746 604979at2759         -            307   2.7e-07   27.4   0.4   2   3      0.54        57    0.1   0.0   211   267    94   150    79   154 0.86 -
g1351.t1             -            746 604979at2759         -            307   2.7e-07   27.4   0.4   3   3   1.2e-07   1.3e-05   21.9   0.1   133   264   189   333   173   350 0.77 -
g6.t1                -            762 604979at2759         -            307   1.7e-06   24.8   0.9   1   4    0.0025      0.26    7.7   0.0    82   120   118   159   104   172 0.76 -
g6.t1                -            762 604979at2759         -            307   1.7e-06   24.8   0.9   2   4     0.042       4.4    3.7   0.1    79   114   235   270   231   279 0.89 -
g6.t1                -            762 604979at2759         -            307   1.7e-06   24.8   0.9   3   4      0.49        51    0.2   0.0   240   264   289   313   280   319 0.86 -
g6.t1                -            762 604979at2759         -            307   1.7e-06   24.8   0.9   4   4     0.003      0.31    7.5   0.0    84   128   348   394   340   418 0.84 -
g239.t1              -           1241 604979at2759         -            307   1.1e-05   22.1   0.0   1   2   3.5e-07   3.6e-05   20.4   0.0   169   230   970  1038   957  1054 0.81 -
g239.t1              -           1241 604979at2759         -            307   1.1e-05   22.1   0.0   2   2      0.16        17    1.8   0.1   180   231  1027  1080  1027  1093 0.50 -
g155.t1              -            393 604979at2759         -            307     0.021   11.3   0.0   1   2       5.6   5.9e+02   -3.3   0.0   197   224    28    54    22    60 0.70 -
g155.t1              -            393 604979at2759         -            307     0.021   11.3   0.0   2   2    0.0005     0.052   10.0   0.0    58   119   175   237   167   282 0.73 -
#
# Program:         hmmsearch
# Version:         3.2.1 (June 2018)
# Pipeline mode:   SEARCH
# Query file:      /labs/Wegrzyn/bikash/botany2021/braker/busco_downloads/lineages/eukaryota_odb10/hmms/604979at2759.hmm
# Target file:     /labs/Wegrzyn/bikash/botany2021/braker/braker/augustus.hints.aa
# Option settings: /isg/shared/apps/hmmer/3.2.1/bin/hmmsearch --domtblout /labs/Wegrzyn/bikash/botany2021/braker/busco_output/auto_lineage/run_eukaryota_odb10/hmmer_output/initial_run_results/604979at2759.out --cpu 1 /labs/Wegrzyn/bikash/botany2021/braker/busco_downloads/lineages/eukaryota_odb10/hmms/604979at2759.hmm /labs/Wegrzyn/bikash/botany2021/braker/braker/augustus.hints.aa 
# Current dir:     /labs/Wegrzyn/bikash/botany2021/braker
# Date:            Thu Jul 15 15:22:06 2021
# [ok]
