#                                                                            --- full sequence --- -------------- this domain -------------   hmm coord   ali coord   env coord
# target name        accession   tlen query name           accession   qlen   E-value  score  bias   #  of  c-Evalue  i-Evalue  score  bias  from    to  from    to  from    to  acc description of target
#------------------- ---------- ----- -------------------- ---------- ----- --------- ------ ----- --- --- --------- --------- ------ ----- ----- ----- ----- ----- ----- ----- ---- ---------------------
g1816.t1             -            312 621827at2759         -            349   1.1e-45  153.3   3.4   1   3   1.1e-24   1.2e-22   77.7   0.6    38   148    14   137     3   144 0.81 -
g1816.t1             -            312 621827at2759         -            349   1.1e-45  153.3   3.4   2   3   4.3e-14   4.7e-12   42.8   0.0    98   186   126   224   126   235 0.82 -
g1816.t1             -            312 621827at2759         -            349   1.1e-45  153.3   3.4   3   3   3.2e-15   3.5e-13   46.5   0.0    45   144   191   307   182   310 0.77 -
g1569.t1             -            327 621827at2759         -            349   9.9e-33  110.8  13.7   1   5   3.9e-07   4.3e-05   19.9   0.4    83   147    23    95    12    98 0.84 -
g1569.t1             -            327 621827at2759         -            349   9.9e-33  110.8  13.7   2   5   2.5e-11   2.7e-09   33.7   0.2    90   145    77   135    54   147 0.81 -
g1569.t1             -            327 621827at2759         -            349   9.9e-33  110.8  13.7   3   5     2e-13   2.2e-11   40.6   0.5    77   145   100   181    96   185 0.84 -
g1569.t1             -            327 621827at2759         -            349   9.9e-33  110.8  13.7   4   5     6e-15   6.6e-13   45.6   0.1    92   186   167   268   165   274 0.87 -
g1569.t1             -            327 621827at2759         -            349   9.9e-33  110.8  13.7   5   5     0.019         2    4.5   0.0    39    72   287   322   281   324 0.79 -
g1055.t1             -            390 621827at2759         -            349   3.9e-20   69.4   5.1   1   4   0.00016     0.017   11.3   0.0   110   199    60   152    57   156 0.79 -
g1055.t1             -            390 621827at2759         -            349   3.9e-20   69.4   5.1   2   4   6.8e-07   7.5e-05   19.1   0.1   114   144   176   206   166   214 0.88 -
g1055.t1             -            390 621827at2759         -            349   3.9e-20   69.4   5.1   3   4   3.3e-09   3.6e-07   26.7   0.9    92   143   193   245   193   280 0.88 -
g1055.t1             -            390 621827at2759         -            349   3.9e-20   69.4   5.1   4   4   3.9e-09   4.3e-07   26.5   0.0    54   143   275   382   257   387 0.73 -
g495.t1              -           1007 621827at2759         -            349   8.1e-19   65.0   3.4   1   2   9.3e-08     1e-05   21.9   0.2    87   147   733   794   697   804 0.73 -
g495.t1              -           1007 621827at2759         -            349   8.1e-19   65.0   3.4   2   2   3.7e-14     4e-12   43.0   0.4    80   215   814   954   796   957 0.76 -
g2153.t1             -           1445 621827at2759         -            349   8.6e-19   65.0   3.1   1   4   0.00078     0.086    9.0   0.1    72   145   629   711   622   717 0.82 -
g2153.t1             -           1445 621827at2759         -            349   8.6e-19   65.0   3.1   2   4   3.6e-11     4e-09   33.2   0.1    77   148   725   812   720   814 0.76 -
g2153.t1             -           1445 621827at2759         -            349   8.6e-19   65.0   3.1   3   4     2e-07   2.1e-05   20.9   0.1   106   214   811   941   810   942 0.72 -
g2153.t1             -           1445 621827at2759         -            349   8.6e-19   65.0   3.1   4   4     0.088       9.6    2.3   0.0   116   144   914   944   896   957 0.76 -
g1277.t1             -           1127 621827at2759         -            349   1.8e-17   60.6   4.2   1   6    0.0063      0.69    6.1   0.1   165   249   257   350   251   360 0.60 -
g1277.t1             -           1127 621827at2759         -            349   1.8e-17   60.6   4.2   2   6      0.37        40    0.3   0.0   111   143   368   402   363   417 0.66 -
g1277.t1             -           1127 621827at2759         -            349   1.8e-17   60.6   4.2   3   6       5.3   5.8e+02   -3.6   0.0   223   250   528   555   518   558 0.78 -
g1277.t1             -           1127 621827at2759         -            349   1.8e-17   60.6   4.2   4   6   6.4e-10   7.1e-08   29.1   0.1    91   145   630   687   623   699 0.86 -
g1277.t1             -           1127 621827at2759         -            349   1.8e-17   60.6   4.2   5   6   3.1e-07   3.4e-05   20.2   0.1   101   184   726   818   715   823 0.76 -
g1277.t1             -           1127 621827at2759         -            349   1.8e-17   60.6   4.2   6   6         3   3.3e+02   -2.8   0.0    51    79   855   886   845   891 0.71 -
g517.t2              -            920 621827at2759         -            349   5.1e-17   59.1   7.1   1   3     0.023       2.5    4.2   0.0    34    73   381   420   365   425 0.83 -
g517.t2              -            920 621827at2759         -            349   5.1e-17   59.1   7.1   2   3   2.4e-15   2.7e-13   46.9   3.2    91   232   513   679   507   682 0.71 -
g517.t2              -            920 621827at2759         -            349   5.1e-17   59.1   7.1   3   3     0.051       5.6    3.1   0.0    88   110   713   735   701   741 0.82 -
g517.t1              -            894 621827at2759         -            349   2.9e-16   56.7   7.0   1   3     0.022       2.4    4.3   0.0    34    73   381   420   365   425 0.83 -
g517.t1              -            894 621827at2759         -            349   2.9e-16   56.7   7.0   2   3   6.4e-15   7.1e-13   45.5   2.2    91   165   513   594   507   672 0.71 -
g517.t1              -            894 621827at2759         -            349   2.9e-16   56.7   7.0   3   3     0.055         6    3.0   0.1    88   110   687   709   679   715 0.82 -
g1411.t1             -           2130 621827at2759         -            349   6.9e-13   45.5   0.2   1   2   7.8e-11   8.5e-09   32.1   0.1    72   147  1350  1439  1344  1488 0.78 -
g1411.t1             -           2130 621827at2759         -            349   6.9e-13   45.5   0.2   2   2   0.00021     0.023   10.9   0.0   111   174  1525  1595  1452  1614 0.49 -
g1411.t2             -           2421 621827at2759         -            349   9.5e-13   45.1   0.2   1   2     1e-10   1.1e-08   31.7   0.1    72   147  1641  1730  1635  1771 0.80 -
g1411.t2             -           2421 621827at2759         -            349   9.5e-13   45.1   0.2   2   2   0.00025     0.028   10.7   0.0   100   174  1804  1886  1742  1902 0.49 -
g553.t1              -           1185 621827at2759         -            349   2.2e-11   40.6   4.9   1   5      0.24        26    0.9   0.0   219   255   381   418   378   447 0.77 -
g553.t1              -           1185 621827at2759         -            349   2.2e-11   40.6   4.9   2   5   3.6e-07     4e-05   20.0   0.1    92   143   512   568   456   575 0.83 -
g553.t1              -           1185 621827at2759         -            349   2.2e-11   40.6   4.9   3   5      0.39        42    0.2   0.0    86   115   640   668   614   672 0.74 -
g553.t1              -           1185 621827at2759         -            349   2.2e-11   40.6   4.9   4   5   0.00022     0.024   10.9   0.0    58   145   895   993   868  1005 0.47 -
g553.t1              -           1185 621827at2759         -            349   2.2e-11   40.6   4.9   5   5     0.016       1.7    4.7   0.0    22    91  1027  1104  1020  1113 0.70 -
g1372.t1             -            496 621827at2759         -            349   2.6e-11   40.4   0.1   1   1   5.7e-12   6.3e-10   35.8   0.0    44   250   229   466   197   468 0.73 -
g2103.t1             -            429 621827at2759         -            349     1e-09   35.1   3.6   1   2   3.6e-07     4e-05   20.0   1.3    85   150    20    94    13   142 0.70 -
g2103.t1             -            429 621827at2759         -            349     1e-09   35.1   3.6   2   2   2.5e-05    0.0028   13.9   0.0   120   148   205   233   187   296 0.86 -
g239.t1              -           1241 621827at2759         -            349   9.8e-09   31.9   0.0   1   1   1.6e-10   1.7e-08   31.1   0.0    92   215   974  1107   941  1119 0.77 -
g1850.t1             -            551 621827at2759         -            349   8.5e-07   25.5   0.0   1   2      0.21        23    1.1   0.0   185   234   162   214   152   239 0.65 -
g1850.t1             -            551 621827at2759         -            349   8.5e-07   25.5   0.0   2   2     1e-07   1.1e-05   21.8   0.0   123   193   316   395   304   403 0.78 -
g1616.t1             -           2095 621827at2759         -            349   1.3e-06   24.8   0.0   1   2   6.6e-06   0.00072   15.9   0.0    60   148  1899  1998  1889  2006 0.77 -
g1616.t1             -           2095 621827at2759         -            349   1.3e-06   24.8   0.0   2   2    0.0058      0.63    6.2   0.0    47    74  2012  2039  1999  2047 0.91 -
g1616.t2             -           2140 621827at2759         -            349   1.4e-06   24.8   0.0   1   2   7.1e-06   0.00078   15.7   0.0    60   148  1944  2043  1934  2048 0.77 -
g1616.t2             -           2140 621827at2759         -            349   1.4e-06   24.8   0.0   2   2    0.0059      0.65    6.2   0.0    47    74  2057  2084  2044  2092 0.91 -
g1351.t1             -            746 621827at2759         -            349     1e-05   22.0   2.3   1   3       2.6   2.9e+02   -2.6   0.0    92   106    94   108    85   115 0.64 -
g1351.t1             -            746 621827at2759         -            349     1e-05   22.0   2.3   2   3   1.7e-07   1.9e-05   21.1   0.3    92   213   191   331   184   347 0.76 -
g1351.t1             -            746 621827at2759         -            349     1e-05   22.0   2.3   3   3       6.1   6.7e+02   -3.8   0.0    95   112   493   510   485   513 0.49 -
g367.t1              -            336 621827at2759         -            349   2.1e-05   20.9   0.7   1   4       2.9   3.1e+02   -2.7   0.0   218   244    15    42    14    44 0.80 -
g367.t1              -            336 621827at2759         -            349   2.1e-05   20.9   0.7   2   4         5   5.5e+02   -3.5   0.0   168   186    93   111    81   114 0.65 -
g367.t1              -            336 621827at2759         -            349   2.1e-05   20.9   0.7   3   4   2.4e-05    0.0026   14.0   0.5    94   147   144   199   140   203 0.87 -
g367.t1              -            336 621827at2759         -            349   2.1e-05   20.9   0.7   4   4     0.032       3.5    3.7   0.0    87   108   269   290   220   293 0.86 -
g2173.t1             -            401 621827at2759         -            349   4.9e-05   19.7   7.1   1   3     0.012       1.4    5.1   0.2    92   147   166   232   161   232 0.70 -
g2173.t1             -            401 621827at2759         -            349   4.9e-05   19.7   7.1   2   3   1.4e-06   0.00015   18.1   1.2    93   182   217   318   207   321 0.70 -
g2173.t1             -            401 621827at2759         -            349   4.9e-05   19.7   7.1   3   3      0.74        81   -0.7   0.1    92   109   360   377   356   386 0.82 -
g1233.t1             -            386 621827at2759         -            349     8e-05   19.0   0.0   1   1   1.3e-06   0.00014   18.2   0.0   126   212    90   190    43   198 0.74 -
g2012.t1             -           1036 621827at2759         -            349   0.00075   15.8   0.3   1   3    0.0037       0.4    6.8   0.0    87   113    63    89    31   112 0.70 -
g2012.t1             -           1036 621827at2759         -            349   0.00075   15.8   0.3   2   3     0.039       4.2    3.5   0.1   164   250   166   251   151   281 0.76 -
g2012.t1             -           1036 621827at2759         -            349   0.00075   15.8   0.3   3   3      0.21        23    1.1   0.0   126   147   469   490   458   539 0.79 -
g984.t1              -            592 621827at2759         -            349   0.00083   15.7   6.3   1   3      0.91        99   -1.0   0.0   185   213     3    31     1    39 0.65 -
g984.t1              -            592 621827at2759         -            349   0.00083   15.7   6.3   2   3    0.0045      0.49    6.5   0.2    90   113   122   145   119   151 0.82 -
g984.t1              -            592 621827at2759         -            349   0.00083   15.7   6.3   3   3       6.6   7.2e+02   -3.9   0.0    51    72   220   241   214   244 0.79 -
#
# Program:         hmmsearch
# Version:         3.2.1 (June 2018)
# Pipeline mode:   SEARCH
# Query file:      /labs/Wegrzyn/bikash/botany2021/braker/busco_downloads/lineages/eukaryota_odb10/hmms/621827at2759.hmm
# Target file:     /labs/Wegrzyn/bikash/botany2021/braker/braker/augustus.hints.aa
# Option settings: /isg/shared/apps/hmmer/3.2.1/bin/hmmsearch --domtblout /labs/Wegrzyn/bikash/botany2021/braker/busco_output/auto_lineage/run_eukaryota_odb10/hmmer_output/initial_run_results/621827at2759.out --cpu 1 /labs/Wegrzyn/bikash/botany2021/braker/busco_downloads/lineages/eukaryota_odb10/hmms/621827at2759.hmm /labs/Wegrzyn/bikash/botany2021/braker/braker/augustus.hints.aa 
# Current dir:     /labs/Wegrzyn/bikash/botany2021/braker
# Date:            Thu Jul 15 15:22:07 2021
# [ok]
