#                                                                            --- full sequence --- -------------- this domain -------------   hmm coord   ali coord   env coord
# target name        accession   tlen query name           accession   qlen   E-value  score  bias   #  of  c-Evalue  i-Evalue  score  bias  from    to  from    to  from    to  acc description of target
#------------------- ---------- ----- -------------------- ---------- ----- --------- ------ ----- --- --- --------- --------- ------ ----- ----- ----- ----- ----- ----- ----- ---- ---------------------
g1005.t1             -            330 687505at2759         -            225   2.2e-32  109.7   3.7   1   2     3e-28   6.4e-26   88.5   0.1     2    74     2    78     1    85 0.92 -
g1005.t1             -            330 687505at2759         -            225   2.2e-32  109.7   3.7   2   2     2e-07   4.1e-05   20.4   1.2    85   222   155   315   144   318 0.74 -
g1064.t1             -            434 687505at2759         -            225     2e-30  103.3   6.8   1   3   1.1e-25   2.4e-23   80.1   1.9     2    71    75   148    74   153 0.90 -
g1064.t1             -            434 687505at2759         -            225     2e-30  103.3   6.8   2   3     0.072        15    2.2   0.1    73   106   178   212   169   245 0.76 -
g1064.t1             -            434 687505at2759         -            225     2e-30  103.3   6.8   3   3   1.1e-07   2.3e-05   21.3   0.0   109   203   259   371   243   376 0.77 -
g892.t4              -            492 687505at2759         -            225   4.7e-24   82.4   2.2   1   2   3.7e-21   7.8e-19   65.3   2.4     2    65    85   152    84   192 0.85 -
g892.t4              -            492 687505at2759         -            225   4.7e-24   82.4   2.2   2   2   1.6e-05    0.0033   14.2   0.0   109   202   269   380   234   394 0.76 -
g892.t2              -            486 687505at2759         -            225   5.3e-24   82.2   2.1   1   2   4.3e-21   8.9e-19   65.1   2.3     2    65    79   146    78   186 0.85 -
g892.t2              -            486 687505at2759         -            225   5.3e-24   82.2   2.1   2   2   1.5e-05    0.0032   14.2   0.0   109   202   263   374   228   388 0.76 -
g892.t3              -            476 687505at2759         -            225   7.3e-24   81.8   3.0   1   2   3.5e-21   7.4e-19   65.4   2.4     2    65    85   152    84   192 0.85 -
g892.t3              -            476 687505at2759         -            225   7.3e-24   81.8   3.0   2   2   1.3e-05    0.0028   14.5   0.0   109   202   269   380   234   417 0.78 -
g892.t1              -            493 687505at2759         -            225   7.4e-24   81.8   1.8   1   2   3.7e-21   7.8e-19   65.3   2.4     2    65    85   152    84   192 0.85 -
g892.t1              -            493 687505at2759         -            225   7.4e-24   81.8   1.8   2   2   3.9e-05    0.0082   12.9   0.0   109   193   269   371   259   395 0.73 -
g1651.t1             -            485 687505at2759         -            225   9.8e-21   71.5   0.4   1   2       1.5   3.2e+02   -2.1   0.1    15    40   231   259   223   269 0.78 -
g1651.t1             -            485 687505at2759         -            225   9.8e-21   71.5   0.4   2   2   1.1e-22   2.3e-20   70.3   0.0     3    65   371   437   369   456 0.88 -
g917.t1              -            497 687505at2759         -            225   9.3e-13   45.5   0.2   1   1   8.4e-15   1.8e-12   44.5   0.2     5    64   234   294   231   302 0.87 -
g1297.t1             -            154 687505at2759         -            225     1e-09   35.5   0.0   1   1   6.3e-12   1.3e-09   35.1   0.0     3    54    44    98    42   110 0.93 -
g891.t1              -            378 687505at2759         -            225   8.7e-09   32.5   1.6   1   1   6.4e-11   1.3e-08   31.8   1.6    25    64    68   108    57   123 0.89 -
g840.t1              -            470 687505at2759         -            225   1.9e-06   24.8   0.0   1   1   1.5e-08   3.2e-06   24.0   0.0     2    64    61   127    60   135 0.86 -
g840.t3              -            601 687505at2759         -            225   2.4e-06   24.5   0.0   1   1   2.2e-08   4.6e-06   23.6   0.0     2    64    61   127    60   135 0.86 -
#
# Program:         hmmsearch
# Version:         3.2.1 (June 2018)
# Pipeline mode:   SEARCH
# Query file:      /labs/Wegrzyn/bikash/botany2021/braker/busco_downloads/lineages/eukaryota_odb10/hmms/687505at2759.hmm
# Target file:     /labs/Wegrzyn/bikash/botany2021/braker/braker/augustus.hints.aa
# Option settings: /isg/shared/apps/hmmer/3.2.1/bin/hmmsearch --domtblout /labs/Wegrzyn/bikash/botany2021/braker/busco_output/auto_lineage/run_eukaryota_odb10/hmmer_output/initial_run_results/687505at2759.out --cpu 1 /labs/Wegrzyn/bikash/botany2021/braker/busco_downloads/lineages/eukaryota_odb10/hmms/687505at2759.hmm /labs/Wegrzyn/bikash/botany2021/braker/braker/augustus.hints.aa 
# Current dir:     /labs/Wegrzyn/bikash/botany2021/braker
# Date:            Thu Jul 15 15:22:07 2021
# [ok]
