#                                                                            --- full sequence --- -------------- this domain -------------   hmm coord   ali coord   env coord
# target name        accession   tlen query name           accession   qlen   E-value  score  bias   #  of  c-Evalue  i-Evalue  score  bias  from    to  from    to  from    to  acc description of target
#------------------- ---------- ----- -------------------- ---------- ----- --------- ------ ----- --- --- --------- --------- ------ ----- ----- ----- ----- ----- ----- ----- ---- ---------------------
g1816.t1             -            312 759498at2759         -            434   1.6e-34  116.6   0.8   1   7     1e-06   0.00015   17.8   0.0   203   248     5    51     1    55 0.87 -
g1816.t1             -            312 759498at2759         -            434   1.6e-34  116.6   0.8   2   7   3.9e-06   0.00059   15.9   0.0   212   251    58    97    55   102 0.92 -
g1816.t1             -            312 759498at2759         -            434   1.6e-34  116.6   0.8   3   7   6.6e-10   9.8e-08   28.4   0.0   213   252   101   140    98   145 0.93 -
g1816.t1             -            312 759498at2759         -            434   1.6e-34  116.6   0.8   4   7   6.3e-06   0.00093   15.3   0.0   215   252   145   182   141   187 0.92 -
g1816.t1             -            312 759498at2759         -            434   1.6e-34  116.6   0.8   5   7   0.00064     0.094    8.7   0.0   215   251   188   224   183   227 0.87 -
g1816.t1             -            312 759498at2759         -            434   1.6e-34  116.6   0.8   6   7   0.00025     0.037   10.0   0.0   212   250   227   268   224   273 0.76 -
g1816.t1             -            312 759498at2759         -            434   1.6e-34  116.6   0.8   7   7   2.5e-05    0.0037   13.3   0.0   213   245   273   307   270   311 0.89 -
g1569.t1             -            327 759498at2759         -            434   7.5e-22   74.9   6.0   1   6     0.039       5.7    2.8   0.1   213   248    12    48     9    55 0.82 -
g1569.t1             -            327 759498at2759         -            434   7.5e-22   74.9   6.0   2   6     1e-05    0.0015   14.6   0.0   209   251    56    98    51   100 0.93 -
g1569.t1             -            327 759498at2759         -            434   7.5e-22   74.9   6.0   3   6   4.8e-06   0.00071   15.6   0.0   212   247   101   136    98   145 0.90 -
g1569.t1             -            327 759498at2759         -            434   7.5e-22   74.9   6.0   4   6   0.00036     0.054    9.5   0.1   214   250   147   185   140   191 0.82 -
g1569.t1             -            327 759498at2759         -            434   7.5e-22   74.9   6.0   5   6   5.5e-07   8.2e-05   18.7   0.0   213   252   190   229   187   290 0.69 -
g1569.t1             -            327 759498at2759         -            434   7.5e-22   74.9   6.0   6   6     0.057       8.4    2.2   0.0   220   246   297   323   287   325 0.81 -
g1277.t1             -           1127 759498at2759         -            434     2e-17   60.3   0.0   1   6     0.002      0.29    7.0   0.0   203   245   360   403   348   415 0.87 -
g1277.t1             -           1127 759498at2759         -            434     2e-17   60.3   0.0   2   6   4.1e-07     6e-05   19.2   0.0   212   253   611   652   608   654 0.92 -
g1277.t1             -           1127 759498at2759         -            434     2e-17   60.3   0.0   3   6   0.00055     0.082    8.9   0.0   209   249   650   690   649   698 0.89 -
g1277.t1             -           1127 759498at2759         -            434     2e-17   60.3   0.0   4   6       1.1   1.7e+02   -2.0   0.0   219   252   703   737   690   740 0.81 -
g1277.t1             -           1127 759498at2759         -            434     2e-17   60.3   0.0   5   6   4.2e-06   0.00062   15.9   0.0   213   250   740   777   736   780 0.94 -
g1277.t1             -           1127 759498at2759         -            434     2e-17   60.3   0.0   6   6     0.024       3.5    3.5   0.0   215   315   784   887   779   893 0.81 -
g1411.t1             -           2130 759498at2759         -            434   1.9e-15   53.8   0.6   1   4     2e-06    0.0003   16.9   0.0   211   247  1355  1391  1343  1398 0.88 -
g1411.t1             -           2130 759498at2759         -            434   1.9e-15   53.8   0.6   2   4   0.00011     0.016   11.2   0.0   211   251  1401  1442  1398  1447 0.88 -
g1411.t1             -           2130 759498at2759         -            434   1.9e-15   53.8   0.6   3   4   9.1e-05     0.014   11.4   0.0   209   252  1524  1567  1518  1572 0.87 -
g1411.t1             -           2130 759498at2759         -            434   1.9e-15   53.8   0.6   4   4   0.00039     0.059    9.3   0.0   216   252  1573  1609  1567  1616 0.90 -
g1411.t2             -           2421 759498at2759         -            434   3.2e-15   53.0   0.6   1   4   2.3e-06   0.00035   16.7   0.0   211   247  1646  1682  1634  1689 0.88 -
g1411.t2             -           2421 759498at2759         -            434   3.2e-15   53.0   0.6   2   4   0.00012     0.019   11.0   0.0   211   251  1692  1733  1689  1738 0.88 -
g1411.t2             -           2421 759498at2759         -            434   3.2e-15   53.0   0.6   3   4    0.0001     0.016   11.2   0.0   209   252  1815  1858  1809  1863 0.87 -
g1411.t2             -           2421 759498at2759         -            434   3.2e-15   53.0   0.6   4   4   0.00045     0.067    9.1   0.0   216   252  1864  1900  1858  1907 0.90 -
g2153.t1             -           1445 759498at2759         -            434   9.6e-14   48.2   0.3   1   6   0.00057     0.085    8.8   0.1   213   251   636   674   632   689 0.90 -
g2153.t1             -           1445 759498at2759         -            434   9.6e-14   48.2   0.3   2   6      0.79   1.2e+02   -1.5   0.0   214   247   679   712   673   716 0.79 -
g2153.t1             -           1445 759498at2759         -            434   9.6e-14   48.2   0.3   3   6     0.022       3.2    3.6   0.0   212   250   726   765   720   772 0.83 -
g2153.t1             -           1445 759498at2759         -            434   9.6e-14   48.2   0.3   4   6    0.0026      0.39    6.6   0.0   214   249   776   812   768   817 0.85 -
g2153.t1             -           1445 759498at2759         -            434   9.6e-14   48.2   0.3   5   6   2.7e-05     0.004   13.2   0.0   212   252   818   858   815   862 0.94 -
g2153.t1             -           1445 759498at2759         -            434   9.6e-14   48.2   0.3   6   6    0.0009      0.13    8.2   0.0   214   255   913   954   909   968 0.83 -
g517.t1              -            894 759498at2759         -            434   2.9e-13   46.6   0.7   1   4   0.00011     0.017   11.1   0.0   209   248   383   422   376   426 0.89 -
g517.t1              -            894 759498at2759         -            434   2.9e-13   46.6   0.7   2   4   2.1e-05    0.0031   13.6   0.0   200   252   480   534   458   538 0.72 -
g517.t1              -            894 759498at2759         -            434   2.9e-13   46.6   0.7   3   4   0.00013     0.019   11.0   0.0   215   248   538   572   534   577 0.85 -
g517.t1              -            894 759498at2759         -            434   2.9e-13   46.6   0.7   4   4    0.0031      0.46    6.4   0.0   311   385   626   703   599   714 0.75 -
g517.t2              -            920 759498at2759         -            434   3.9e-12   42.9   1.6   1   5   0.00012     0.018   11.1   0.0   209   248   383   422   376   426 0.89 -
g517.t2              -            920 759498at2759         -            434   3.9e-12   42.9   1.6   2   5   2.2e-05    0.0032   13.5   0.0   200   252   480   534   458   538 0.72 -
g517.t2              -            920 759498at2759         -            434   3.9e-12   42.9   1.6   3   5   0.00013      0.02   10.9   0.0   215   248   538   572   534   577 0.85 -
g517.t2              -            920 759498at2759         -            434   3.9e-12   42.9   1.6   4   5      0.63        93   -1.2   0.0   311   345   626   662   602   671 0.74 -
g517.t2              -            920 759498at2759         -            434   3.9e-12   42.9   1.6   5   5     0.051       7.6    2.4   0.0   215   246   701   731   694   737 0.77 -
g984.t1              -            592 759498at2759         -            434   2.4e-10   37.0   2.1   1   3    0.0023      0.33    6.8   0.0   212   249     3    40     1    43 0.89 -
g984.t1              -            592 759498at2759         -            434   2.4e-10   37.0   2.1   2   3   2.3e-06   0.00035   16.7   0.0   211   254    61   104    51   106 0.92 -
g984.t1              -            592 759498at2759         -            434   2.4e-10   37.0   2.1   3   3     5e-05    0.0074   12.3   0.1   212   247   104   139   102   143 0.92 -
g2173.t1             -            401 759498at2759         -            434   3.5e-10   36.4   0.5   1   1   6.1e-10     9e-08   28.5   0.5   279   434   202   372   140   372 0.80 -
g2103.t1             -            429 759498at2759         -            434   8.1e-09   31.9   0.4   1   3      0.13        19    1.1   0.0   273   307     9    43     5    53 0.85 -
g2103.t1             -            429 759498at2759         -            434   8.1e-09   31.9   0.4   2   3   1.9e-06   0.00028   17.0   0.1   215   256    55    96    51   110 0.89 -
g2103.t1             -            429 759498at2759         -            434   8.1e-09   31.9   0.4   3   3   0.00021     0.031   10.3   0.0   215   250   195   234   145   239 0.85 -
g1372.t1             -            496 759498at2759         -            434   1.5e-08   31.0   0.5   1   4     0.033       4.9    3.0   0.2   215   252   227   264   221   267 0.91 -
g1372.t1             -            496 759498at2759         -            434   1.5e-08   31.0   0.5   2   4     0.056       8.3    2.2   0.0   213   246   308   341   304   345 0.90 -
g1372.t1             -            496 759498at2759         -            434   1.5e-08   31.0   0.5   3   4    0.0005     0.074    9.0   0.0   209   251   346   391   343   395 0.85 -
g1372.t1             -            496 759498at2759         -            434   1.5e-08   31.0   0.5   4   4   0.00016     0.024   10.6   0.0   212   247   437   472   425   479 0.88 -
g1055.t1             -            390 759498at2759         -            434   2.6e-08   30.3   2.5   1   6      0.42        63   -0.6   0.0   212   245    63    94    38   102 0.76 -
g1055.t1             -            390 759498at2759         -            434   2.6e-08   30.3   2.5   2   6     0.029       4.3    3.2   0.0   218   256   109   145    93   153 0.71 -
g1055.t1             -            390 759498at2759         -            434   2.6e-08   30.3   2.5   3   6   0.00097      0.14    8.0   0.1   213   252   176   213   169   216 0.89 -
g1055.t1             -            390 759498at2759         -            434   2.6e-08   30.3   2.5   4   6      0.23        33    0.3   0.0   214   245   217   246   213   271 0.80 -
g1055.t1             -            390 759498at2759         -            434   2.6e-08   30.3   2.5   5   6     0.037       5.4    2.9   0.0   212   247   306   339   296   344 0.80 -
g1055.t1             -            390 759498at2759         -            434   2.6e-08   30.3   2.5   6   6   0.00033     0.049    9.6   0.0   211   247   347   385   345   389 0.80 -
g553.t1              -           1185 759498at2759         -            434   4.4e-08   29.5   0.6   1   4   4.7e-05     0.007   12.4   0.1   197   370   369   549   356   567 0.73 -
g553.t1              -           1185 759498at2759         -            434   4.4e-08   29.5   0.6   2   4      0.63        94   -1.2   0.0   212   249   875   911   842   919 0.76 -
g553.t1              -           1185 759498at2759         -            434   4.4e-08   29.5   0.6   3   4   0.00028     0.041    9.8   0.0   283   347   927   994   922   999 0.77 -
g553.t1              -           1185 759498at2759         -            434   4.4e-08   29.5   0.6   4   4      0.15        22    0.9   0.0   281   306  1018  1043  1014  1059 0.89 -
g495.t1              -           1007 759498at2759         -            434   1.3e-05   21.4   0.2   1   4    0.0056      0.83    5.5   0.0   206   252   714   758   709   792 0.91 -
g495.t1              -           1007 759498at2759         -            434   1.3e-05   21.4   0.2   2   4      0.43        65   -0.7   0.0   220   247   815   841   807   845 0.86 -
g495.t1              -           1007 759498at2759         -            434   1.3e-05   21.4   0.2   3   4    0.0011      0.16    7.9   0.0   211   249   847   883   839   895 0.83 -
g495.t1              -           1007 759498at2759         -            434   1.3e-05   21.4   0.2   4   4     0.067       9.9    2.0   0.0   216   246   927   957   920   962 0.80 -
g239.t1              -           1241 759498at2759         -            434    0.0069   12.4   0.0   1   2         1   1.5e+02   -1.9   0.0   231   253   973   995   962   997 0.81 -
g239.t1              -           1241 759498at2759         -            434    0.0069   12.4   0.0   2   2   0.00017     0.025   10.6   0.0   212   248   998  1034   993  1055 0.86 -
g367.t1              -            336 759498at2759         -            434    0.0091   12.0   0.0   1   3      0.25        37    0.1   0.0   203   249    62   109    58   120 0.66 -
g367.t1              -            336 759498at2759         -            434    0.0091   12.0   0.0   2   3      0.12        17    1.2   0.0   344   385   154   195   134   206 0.58 -
g367.t1              -            336 759498at2759         -            434    0.0091   12.0   0.0   3   3    0.0032      0.47    6.3   0.0   208   247   249   289   243   293 0.88 -
#
# Program:         hmmsearch
# Version:         3.2.1 (June 2018)
# Pipeline mode:   SEARCH
# Query file:      /labs/Wegrzyn/bikash/botany2021/braker/busco_downloads/lineages/eukaryota_odb10/hmms/759498at2759.hmm
# Target file:     /labs/Wegrzyn/bikash/botany2021/braker/braker/augustus.hints.aa
# Option settings: /isg/shared/apps/hmmer/3.2.1/bin/hmmsearch --domtblout /labs/Wegrzyn/bikash/botany2021/braker/busco_output/auto_lineage/run_eukaryota_odb10/hmmer_output/initial_run_results/759498at2759.out --cpu 1 /labs/Wegrzyn/bikash/botany2021/braker/busco_downloads/lineages/eukaryota_odb10/hmms/759498at2759.hmm /labs/Wegrzyn/bikash/botany2021/braker/braker/augustus.hints.aa 
# Current dir:     /labs/Wegrzyn/bikash/botany2021/braker
# Date:            Thu Jul 15 15:22:08 2021
# [ok]
