#                                                                            --- full sequence --- -------------- this domain -------------   hmm coord   ali coord   env coord
# target name        accession   tlen query name           accession   qlen   E-value  score  bias   #  of  c-Evalue  i-Evalue  score  bias  from    to  from    to  from    to  acc description of target
#------------------- ---------- ----- -------------------- ---------- ----- --------- ------ ----- --- --- --------- --------- ------ ----- ----- ----- ----- ----- ----- ----- ---- ---------------------
g556.t1              -            584 761109at2759         -            377  1.2e-126  420.0  32.5   1   5   7.5e-06    0.0063   12.8   0.1     2    30     6    34     5    47 0.93 -
g556.t1              -            584 761109at2759         -            377  1.2e-126  420.0  32.5   2   5   1.9e-17   1.6e-14   51.0   0.0    31    77   100   149    96   157 0.89 -
g556.t1              -            584 761109at2759         -            377  1.2e-126  420.0  32.5   3   5   2.4e-09     2e-06   24.3   1.6    76   141   181   265   172   268 0.67 -
g556.t1              -            584 761109at2759         -            377  1.2e-126  420.0  32.5   4   5  8.6e-105  7.2e-102  338.4  20.1   105   357   251   513   248   525 0.94 -
g556.t1              -            584 761109at2759         -            377  1.2e-126  420.0  32.5   5   5       0.2   1.6e+02   -1.7   0.0   177   196   523   542   521   563 0.79 -
g1334.t1             -            741 761109at2759         -            377   0.00054   16.3   0.2   1   4       0.2   1.6e+02   -1.7   0.0   309   368    79   136    73   142 0.81 -
g1334.t1             -            741 761109at2759         -            377   0.00054   16.3   0.2   2   4     0.055        46    0.1   0.0   305   354   445   495   440   500 0.62 -
g1334.t1             -            741 761109at2759         -            377   0.00054   16.3   0.2   3   4    0.0022       1.8    4.7   0.1   297   351   596   652   592   653 0.88 -
g1334.t1             -            741 761109at2759         -            377   0.00054   16.3   0.2   4   4     5e-05     0.042   10.1   0.0   207   271   640   706   617   709 0.87 -
g1574.t1             -           1246 761109at2759         -            377     0.052    9.8   1.8   1   3      0.18   1.5e+02   -1.6   0.1   301   326   836   861   829   905 0.59 -
g1574.t1             -           1246 761109at2759         -            377     0.052    9.8   1.8   2   3    0.0021       1.8    4.8   0.0   300   345   959  1014   954  1027 0.72 -
g1574.t1             -           1246 761109at2759         -            377     0.052    9.8   1.8   3   3    0.0082       6.9    2.8   0.0   301   370  1045  1116  1042  1121 0.81 -
#
# Program:         hmmsearch
# Version:         3.2.1 (June 2018)
# Pipeline mode:   SEARCH
# Query file:      /labs/Wegrzyn/bikash/botany2021/braker/busco_downloads/lineages/eukaryota_odb10/hmms/761109at2759.hmm
# Target file:     /labs/Wegrzyn/bikash/botany2021/braker/braker/augustus.hints.aa
# Option settings: /isg/shared/apps/hmmer/3.2.1/bin/hmmsearch --domtblout /labs/Wegrzyn/bikash/botany2021/braker/busco_output/auto_lineage/run_eukaryota_odb10/hmmer_output/initial_run_results/761109at2759.out --cpu 1 /labs/Wegrzyn/bikash/botany2021/braker/busco_downloads/lineages/eukaryota_odb10/hmms/761109at2759.hmm /labs/Wegrzyn/bikash/botany2021/braker/braker/augustus.hints.aa 
# Current dir:     /labs/Wegrzyn/bikash/botany2021/braker
# Date:            Thu Jul 15 15:22:09 2021
# [ok]
