#                                                                            --- full sequence --- -------------- this domain -------------   hmm coord   ali coord   env coord
# target name        accession   tlen query name           accession   qlen   E-value  score  bias   #  of  c-Evalue  i-Evalue  score  bias  from    to  from    to  from    to  acc description of target
#------------------- ---------- ----- -------------------- ---------- ----- --------- ------ ----- --- --- --------- --------- ------ ----- ----- ----- ----- ----- ----- ----- ---- ---------------------
g1816.t1             -            312 779909at2759         -            227   1.3e-29  100.5   2.5   1   5   1.1e-05    0.0013   15.5   0.0    61    97    15    51     8    53 0.90 -
g1816.t1             -            312 779909at2759         -            227   1.3e-29  100.5   2.5   2   5   4.8e-10   5.7e-08   29.7   0.0    48   104    45   102    43   106 0.88 -
g1816.t1             -            312 779909at2759         -            227   1.3e-29  100.5   2.5   3   5   7.3e-07   8.8e-05   19.3   0.0    59   103    98   142    94   148 0.87 -
g1816.t1             -            312 779909at2759         -            227   1.3e-29  100.5   2.5   4   5   1.7e-05    0.0021   14.8   0.0    64    98   145   179   139   190 0.86 -
g1816.t1             -            312 779909at2759         -            227   1.3e-29  100.5   2.5   5   5   2.8e-06   0.00034   17.4   0.1     5    94   207   307   205   310 0.76 -
g1569.t1             -            327 779909at2759         -            227   1.5e-19   67.6   5.5   1   4      0.38        45    0.6   0.1   164   180    29    45     8    50 0.49 -
g1569.t1             -            327 779909at2759         -            227   1.5e-19   67.6   5.5   2   4   2.6e-09   3.1e-07   27.3   0.3     3    95    32   135    31   151 0.75 -
g1569.t1             -            327 779909at2759         -            227   1.5e-19   67.6   5.5   3   4   1.7e-10     2e-08   31.2   0.0     3   101   167   269   165   294 0.78 -
g1569.t1             -            327 779909at2759         -            227   1.5e-19   67.6   5.5   4   4     0.014       1.7    5.3   0.1    69    94   297   322   275   325 0.86 -
g2153.t1             -           1445 779909at2759         -            227   5.2e-15   52.8   1.2   1   5    0.0021      0.26    8.0   0.1    62   181   636   761   628   773 0.45 -
g2153.t1             -           1445 779909at2759         -            227   5.2e-15   52.8   1.2   2   5   0.00026     0.031   11.0   0.0    63    98   776   812   773   816 0.89 -
g2153.t1             -           1445 779909at2759         -            227   5.2e-15   52.8   1.2   3   5   5.5e-06   0.00066   16.5   0.0    57   103   814   860   811   870 0.87 -
g2153.t1             -           1445 779909at2759         -            227   5.2e-15   52.8   1.2   4   5     0.013       1.6    5.4   0.0    68    96   872   900   858   913 0.86 -
g2153.t1             -           1445 779909at2759         -            227   5.2e-15   52.8   1.2   5   5     0.032       3.8    4.1   0.0    64    98   914   948   903   967 0.81 -
g1277.t1             -           1127 779909at2759         -            227   1.1e-14   51.8   0.0   1   5     0.059         7    3.3   0.0    59    93   368   402   324   413 0.82 -
g1277.t1             -           1127 779909at2759         -            227   1.1e-14   51.8   0.0   2   5         1   1.2e+02   -0.8   0.0    66    98   573   606   565   610 0.80 -
g1277.t1             -           1127 779909at2759         -            227   1.1e-14   51.8   0.0   3   5     4e-09   4.8e-07   26.7   0.0    15   121   603   716   597   718 0.76 -
g1277.t1             -           1127 779909at2759         -            227   1.1e-14   51.8   0.0   4   5   4.6e-05    0.0055   13.4   0.0    11    97   725   817   715   843 0.76 -
g1277.t1             -           1127 779909at2759         -            227   1.1e-14   51.8   0.0   5   5      0.95   1.1e+02   -0.7   0.0    70    94   852   876   836   884 0.64 -
g517.t2              -            920 779909at2759         -            227   1.4e-12   44.9   0.2   1   4   1.6e-05    0.0019   15.0   0.0    61    95   386   420   368   427 0.89 -
g517.t2              -            920 779909at2759         -            227   1.4e-12   44.9   0.2   2   4   1.2e-05    0.0014   15.4   0.0    29   112   466   545   453   549 0.74 -
g517.t2              -            920 779909at2759         -            227   1.4e-12   44.9   0.2   3   4    0.0098       1.2    5.8   0.0    62    99   536   574   531   623 0.82 -
g517.t2              -            920 779909at2759         -            227   1.4e-12   44.9   0.2   4   4    0.0057      0.68    6.6   0.0    69    97   705   735   653   762 0.70 -
g517.t1              -            894 779909at2759         -            227   1.8e-12   44.5   0.4   1   4   1.5e-05    0.0018   15.0   0.0    61    95   386   420   368   428 0.89 -
g517.t1              -            894 779909at2759         -            227   1.8e-12   44.5   0.4   2   4   1.3e-05    0.0015   15.2   0.0    29   111   466   544   453   547 0.73 -
g517.t1              -            894 779909at2759         -            227   1.8e-12   44.5   0.4   3   4     0.008      0.97    6.1   0.0    61    99   535   574   530   623 0.82 -
g517.t1              -            894 779909at2759         -            227   1.8e-12   44.5   0.4   4   4    0.0071      0.85    6.3   0.1    71    97   681   709   630   736 0.73 -
g1411.t1             -           2130 779909at2759         -            227   3.5e-12   43.5   0.1   1   3   3.7e-05    0.0045   13.7   0.0    61    96  1356  1391  1348  1409 0.88 -
g1411.t1             -           2130 779909at2759         -            227   3.5e-12   43.5   0.1   2   3   5.2e-06   0.00062   16.5   0.0     3   107  1423  1532  1421  1546 0.79 -
g1411.t1             -           2130 779909at2759         -            227   3.5e-12   43.5   0.1   3   3    0.0011      0.14    8.9   0.0    46    97  1555  1605  1550  1619 0.87 -
g1411.t2             -           2421 779909at2759         -            227   5.3e-12   42.9   0.1   1   3   4.3e-05    0.0051   13.5   0.0    61    96  1647  1682  1639  1700 0.88 -
g1411.t2             -           2421 779909at2759         -            227   5.3e-12   42.9   0.1   2   3     6e-06   0.00072   16.3   0.0     3   107  1714  1823  1712  1837 0.79 -
g1411.t2             -           2421 779909at2759         -            227   5.3e-12   42.9   0.1   3   3    0.0013      0.16    8.7   0.0    46    97  1846  1896  1841  1910 0.87 -
g1372.t1             -            496 779909at2759         -            227   3.3e-11   40.3   1.3   1   3    0.0015      0.18    8.4   0.1    63    99   226   262   197   284 0.75 -
g1372.t1             -            496 779909at2759         -            227   3.3e-11   40.3   1.3   2   3    0.0004     0.048   10.4   0.0    47   109   293   356   280   370 0.87 -
g1372.t1             -            496 779909at2759         -            227   3.3e-11   40.3   1.3   3   3   1.2e-06   0.00014   18.7   0.0     6    95   375   471   368   481 0.82 -
g2173.t1             -            401 779909at2759         -            227   2.5e-10   37.5   2.1   1   4     0.066       7.9    3.1   0.0    81    98   166   183   106   194 0.83 -
g2173.t1             -            401 779909at2759         -            227   2.5e-10   37.5   2.1   2   4   8.9e-06    0.0011   15.8   0.2    59   110   193   246   186   252 0.83 -
g2173.t1             -            401 779909at2759         -            227   2.5e-10   37.5   2.1   3   4   5.9e-05    0.0071   13.1   0.1    28    96   242   318   236   322 0.72 -
g2173.t1             -            401 779909at2759         -            227   2.5e-10   37.5   2.1   4   4     0.039       4.7    3.9   0.0    60    97   338   376   331   381 0.83 -
g2103.t1             -            429 779909at2759         -            227   5.5e-10   36.3   0.1   1   2   1.3e-08   1.6e-06   25.0   0.1    47   178    36   173    17   178 0.70 -
g2103.t1             -            429 779909at2759         -            227   5.5e-10   36.3   0.1   2   2    0.0021      0.25    8.0   0.0     2    44   215   257   214   278 0.84 -
g553.t1              -           1185 779909at2759         -            227   1.2e-09   35.3   8.6   1   7      0.39        47    0.6   0.1    66   126   388   419   370   458 0.65 -
g553.t1              -           1185 779909at2759         -            227   1.2e-09   35.3   8.6   2   7   2.5e-05     0.003   14.3   0.1    42    95   471   526   427   568 0.82 -
g553.t1              -           1185 779909at2759         -            227   1.2e-09   35.3   8.6   3   7      0.15        18    2.0   0.1    60    99   623   663   614   669 0.79 -
g553.t1              -           1185 779909at2759         -            227   1.2e-09   35.3   8.6   4   7       1.8   2.2e+02   -1.6   0.0    93   127   874   910   855   919 0.70 -
g553.t1              -           1185 779909at2759         -            227   1.2e-09   35.3   8.6   5   7   0.00018     0.022   11.5   0.0    45    96   944   994   923  1005 0.88 -
g553.t1              -           1185 779909at2759         -            227   1.2e-09   35.3   8.6   6   7      0.19        23    1.6   0.0   102   125  1019  1042  1012  1049 0.88 -
g553.t1              -           1185 779909at2759         -            227   1.2e-09   35.3   8.6   7   7      0.21        25    1.5   0.0    62   101  1053  1092  1036  1101 0.80 -
g367.t1              -            336 779909at2759         -            227   3.6e-08   30.4   0.0   1   3    0.0091       1.1    5.9   0.1    66   106   126   167    82   182 0.67 -
g367.t1              -            336 779909at2759         -            227   3.6e-08   30.4   0.0   2   3     0.018       2.1    5.0   0.1    60   104   163   206   149   214 0.74 -
g367.t1              -            336 779909at2759         -            227   3.6e-08   30.4   0.0   3   3   8.2e-07   9.9e-05   19.1   0.0    46    96   238   289   182   294 0.65 -
g239.t1              -           1241 779909at2759         -            227   1.2e-06   25.4   0.1   1   2       9.5   1.1e+03   -4.0   0.0   199   214   783   798   782   799 0.85 -
g239.t1              -           1241 779909at2759         -            227   1.2e-06   25.4   0.1   2   2   3.1e-08   3.8e-06   23.8   0.0    47   118   983  1056   974  1101 0.79 -
g984.t1              -            592 779909at2759         -            227   3.1e-06   24.1   7.3   1   4    0.0052      0.63    6.7   0.0    61    97     3    39     1    44 0.88 -
g984.t1              -            592 779909at2759         -            227   3.1e-06   24.1   7.3   2   4   0.00016      0.02   11.6   0.0    62   103    63   104    54   122 0.62 -
g984.t1              -            592 779909at2759         -            227   3.1e-06   24.1   7.3   3   4    0.0052      0.63    6.7   1.7   167   210   124   165   120   174 0.88 -
g984.t1              -            592 779909at2759         -            227   3.1e-06   24.1   7.3   4   4       6.5   7.8e+02   -3.4   0.0    71    91   218   238   208   251 0.52 -
g1850.t1             -            551 779909at2759         -            227   3.6e-06   23.9   0.1   1   3    0.0016      0.19    8.4   0.0    91   131   161   203   155   218 0.82 -
g1850.t1             -            551 779909at2759         -            227   3.6e-06   23.9   0.1   2   3    0.0026      0.31    7.7   0.0    48    93   334   381   284   382 0.57 -
g1850.t1             -            551 779909at2759         -            227   3.6e-06   23.9   0.1   3   3       1.1   1.3e+02   -0.9   0.0    90   139   452   503   440   520 0.67 -
g495.t1              -           1007 779909at2759         -            227   6.8e-06   22.9   0.0   1   2   2.3e-06   0.00028   17.7   0.1     2   127   737   882   736   918 0.62 -
g495.t1              -           1007 779909at2759         -            227   6.8e-06   22.9   0.0   2   2     0.065       7.8    3.1   0.0     3    95   866   957   864   961 0.54 -
g1233.t1             -            386 779909at2759         -            227   0.00033   17.4   0.0   1   3    0.0002     0.024   11.4   0.0    46   103    59   118    50   134 0.78 -
g1233.t1             -            386 779909at2759         -            227   0.00033   17.4   0.0   2   3      0.55        66    0.1   0.0    48    95   148   196   137   202 0.73 -
g1233.t1             -            386 779909at2759         -            227   0.00033   17.4   0.0   3   3      0.28        33    1.1   0.0    69   102   325   358   314   378 0.75 -
g1351.t1             -            746 779909at2759         -            227   0.00078   16.2   0.1   1   5       8.9   1.1e+03   -3.9   0.0    69    93    24    48    13    60 0.58 -
g1351.t1             -            746 779909at2759         -            227   0.00078   16.2   0.1   2   5       3.6   4.4e+02   -2.6   0.0    84   128    97   111    92   119 0.58 -
g1351.t1             -            746 779909at2759         -            227   0.00078   16.2   0.1   3   5    0.0016      0.19    8.4   0.0    47    95   200   250   183   295 0.86 -
g1351.t1             -            746 779909at2759         -            227   0.00078   16.2   0.1   4   5       1.8   2.1e+02   -1.6   0.0   190   213   483   506   481   518 0.59 -
g1351.t1             -            746 779909at2759         -            227   0.00078   16.2   0.1   5   5      0.15        19    1.9   0.0    18    75   516   579   489   608 0.64 -
g1616.t1             -           2095 779909at2759         -            227   0.00082   16.1   0.0   1   2   7.7e-05    0.0093   12.7   0.0    25   103  1921  2003  1896  2013 0.72 -
g1616.t1             -           2095 779909at2759         -            227   0.00082   16.1   0.0   2   2      0.21        25    1.5   0.0    59    97  2002  2040  1998  2043 0.87 -
g1616.t2             -           2140 779909at2759         -            227   0.00086   16.1   0.0   1   2   7.9e-05    0.0095   12.7   0.0    25   103  1966  2048  1941  2058 0.72 -
g1616.t2             -           2140 779909at2759         -            227   0.00086   16.1   0.0   2   2      0.22        26    1.4   0.0    59    97  2047  2085  2043  2088 0.87 -
#
# Program:         hmmsearch
# Version:         3.2.1 (June 2018)
# Pipeline mode:   SEARCH
# Query file:      /labs/Wegrzyn/bikash/botany2021/braker/busco_downloads/lineages/eukaryota_odb10/hmms/779909at2759.hmm
# Target file:     /labs/Wegrzyn/bikash/botany2021/braker/braker/augustus.hints.aa
# Option settings: /isg/shared/apps/hmmer/3.2.1/bin/hmmsearch --domtblout /labs/Wegrzyn/bikash/botany2021/braker/busco_output/auto_lineage/run_eukaryota_odb10/hmmer_output/initial_run_results/779909at2759.out --cpu 1 /labs/Wegrzyn/bikash/botany2021/braker/busco_downloads/lineages/eukaryota_odb10/hmms/779909at2759.hmm /labs/Wegrzyn/bikash/botany2021/braker/braker/augustus.hints.aa 
# Current dir:     /labs/Wegrzyn/bikash/botany2021/braker
# Date:            Thu Jul 15 15:22:09 2021
# [ok]
