#                                                                            --- full sequence --- -------------- this domain -------------   hmm coord   ali coord   env coord
# target name        accession   tlen query name           accession   qlen   E-value  score  bias   #  of  c-Evalue  i-Evalue  score  bias  from    to  from    to  from    to  acc description of target
#------------------- ---------- ----- -------------------- ---------- ----- --------- ------ ----- --- --- --------- --------- ------ ----- ----- ----- ----- ----- ----- ----- ---- ---------------------
g1651.t1             -            485 858842at2759         -            236   1.6e-27   93.8   0.1   1   2       2.5     3e+02   -2.0   0.1    13    39   256   284   252   286 0.74 -
g1651.t1             -            485 858842at2759         -            236   1.6e-27   93.8   0.1   2   2     5e-29     6e-27   91.9   0.0     2    72   371   441   370   466 0.90 -
g1005.t1             -            330 858842at2759         -            236   1.9e-25   87.0   0.4   1   1   2.3e-27   2.8e-25   86.5   0.4     3    67     4    67     2    75 0.93 -
g1064.t1             -            434 858842at2759         -            236   2.2e-21   73.7   1.2   1   1   2.7e-23   3.3e-21   73.2   1.2     2    68    76   141    75   152 0.92 -
g892.t4              -            492 858842at2759         -            236   7.6e-20   68.7   0.6   1   1   9.4e-22   1.1e-19   68.1   0.6     2    71    86   154    85   219 0.86 -
g892.t1              -            493 858842at2759         -            236   7.6e-20   68.7   0.6   1   1   9.4e-22   1.1e-19   68.1   0.6     2    71    86   154    85   219 0.86 -
g892.t3              -            476 858842at2759         -            236   7.7e-20   68.7   0.7   1   1   9.4e-22   1.1e-19   68.1   0.7     2    71    86   154    85   220 0.85 -
g892.t2              -            486 858842at2759         -            236     8e-20   68.6   0.7   1   1   9.8e-22   1.2e-19   68.1   0.7     2    71    80   148    79   214 0.85 -
g917.t1              -            497 858842at2759         -            236   1.6e-15   54.5   0.3   1   1   1.9e-17   2.3e-15   54.0   0.3     4    90   234   316   231   375 0.82 -
g1297.t1             -            154 858842at2759         -            236   7.9e-12   42.5   0.0   1   1   9.9e-14   1.2e-11   41.9   0.0     3    56    45    96    43   118 0.92 -
g891.t1              -            378 858842at2759         -            236   1.8e-08   31.4   1.4   1   1   3.1e-10   3.7e-08   30.4   1.4    29    71    70   111    58   162 0.82 -
g1114.t1             -            229 858842at2759         -            236   8.7e-07   25.9   4.4   1   3      0.92   1.1e+02   -0.6   0.3   196   220     4    28     1    44 0.84 -
g1114.t1             -            229 858842at2759         -            236   8.7e-07   25.9   4.4   2   3   4.1e-06    0.0005   16.9   0.8   196   229   125   158   120   165 0.86 -
g1114.t1             -            229 858842at2759         -            236   8.7e-07   25.9   4.4   3   3     0.001      0.12    9.1   0.0   194   231   164   201   158   205 0.85 -
g840.t1              -            470 858842at2759         -            236   7.8e-06   22.8   0.0   1   1   1.1e-07   1.4e-05   22.0   0.0     2    69    62   128    61   142 0.85 -
g840.t3              -            601 858842at2759         -            236   9.6e-06   22.5   0.0   1   1   1.6e-07   1.9e-05   21.5   0.0     2    69    62   128    61   142 0.85 -
g1338.t1             -            279 858842at2759         -            236   3.6e-05   20.7   4.4   1   2   2.3e-05    0.0028   14.5   0.5   184   222    93   131    79   142 0.82 -
g1338.t1             -            279 858842at2759         -            236   3.6e-05   20.7   4.4   2   2    0.0026      0.31    7.8   0.2   188   218   159   189   150   195 0.86 -
g1113.t1             -            365 858842at2759         -            236   0.00011   19.1  10.2   1   3     0.058       6.9    3.4   0.9   192   219    36    63    21    69 0.81 -
g1113.t1             -            365 858842at2759         -            236   0.00011   19.1  10.2   2   3   1.7e-05    0.0021   14.9   0.2   192   225   161   192   144   206 0.82 -
g1113.t1             -            365 858842at2759         -            236   0.00011   19.1  10.2   3   3    0.0093       1.1    6.0   0.2   190   218   228   256   216   262 0.86 -
g1696.t1             -            246 858842at2759         -            236    0.0002   18.2   1.0   1   2   0.00028     0.034   10.9   0.2   196   221    84   109    69   113 0.84 -
g1696.t1             -            246 858842at2759         -            236    0.0002   18.2   1.0   2   2      0.01       1.2    5.9   0.0   194   221   132   157   120   162 0.81 -
g852.t1              -            314 858842at2759         -            236     0.001   15.9   0.2   1   2   8.5e-06     0.001   15.9   0.2   172   230    13    71     1    75 0.72 -
g852.t1              -            314 858842at2759         -            236     0.001   15.9   0.2   2   2       2.3   2.7e+02   -1.9   1.0   179   206   230   257   210   307 0.55 -
g1663.t1             -            183 858842at2759         -            236    0.0018   15.1   0.0   1   2    0.0015      0.18    8.5   0.0   195   221    45    71    41    75 0.86 -
g1663.t1             -            183 858842at2759         -            236    0.0018   15.1   0.0   2   2     0.032       3.9    4.2   0.0   191   218   103   130    97   136 0.81 -
g1615.t1             -            222 858842at2759         -            236     0.013   12.3   0.8   1   1   0.00015     0.018   11.8   0.8   183   218    33    68    17    81 0.79 -
g953.t1              -            420 858842at2759         -            236     0.064   10.0   5.2   1   2    0.0051      0.61    6.8   0.1   194   219    55    80    44    99 0.83 -
g953.t1              -            420 858842at2759         -            236     0.064   10.0   5.2   2   2     0.026       3.1    4.5   1.3   188   218   126   156   119   162 0.88 -
g1270.t1             -            310 858842at2759         -            236      0.14    8.9   9.8   1   3    0.0029      0.35    7.6   0.2   194   219    55    80    42    95 0.83 -
g1270.t1             -            310 858842at2759         -            236      0.14    8.9   9.8   2   3      0.33        40    0.9   0.1    10    44    87   124    83   128 0.80 -
g1270.t1             -            310 858842at2759         -            236      0.14    8.9   9.8   3   3     0.044       5.3    3.7   3.2   191   219   128   156   121   163 0.86 -
#
# Program:         hmmsearch
# Version:         3.2.1 (June 2018)
# Pipeline mode:   SEARCH
# Query file:      /labs/Wegrzyn/bikash/botany2021/braker/busco_downloads/lineages/eukaryota_odb10/hmms/858842at2759.hmm
# Target file:     /labs/Wegrzyn/bikash/botany2021/braker/braker/augustus.hints.aa
# Option settings: /isg/shared/apps/hmmer/3.2.1/bin/hmmsearch --domtblout /labs/Wegrzyn/bikash/botany2021/braker/busco_output/auto_lineage/run_eukaryota_odb10/hmmer_output/initial_run_results/858842at2759.out --cpu 1 /labs/Wegrzyn/bikash/botany2021/braker/busco_downloads/lineages/eukaryota_odb10/hmms/858842at2759.hmm /labs/Wegrzyn/bikash/botany2021/braker/braker/augustus.hints.aa 
# Current dir:     /labs/Wegrzyn/bikash/botany2021/braker
# Date:            Thu Jul 15 15:22:10 2021
# [ok]
