#                                                                            --- full sequence --- -------------- this domain -------------   hmm coord   ali coord   env coord
# target name        accession   tlen query name           accession   qlen   E-value  score  bias   #  of  c-Evalue  i-Evalue  score  bias  from    to  from    to  from    to  acc description of target
#------------------- ---------- ----- -------------------- ---------- ----- --------- ------ ----- --- --- --------- --------- ------ ----- ----- ----- ----- ----- ----- ----- ---- ---------------------
g1816.t1             -            312 866359at2759         -            265   9.6e-30  101.0   3.5   1   5   9.7e-11   1.4e-08   31.6   0.1     5    83    15    99    11   102 0.86 -
g1816.t1             -            312 866359at2759         -            265   9.6e-30  101.0   3.5   2   5   1.1e-09   1.5e-07   28.2   0.0    45    83   103   141   100   145 0.95 -
g1816.t1             -            312 866359at2759         -            265   9.6e-30  101.0   3.5   3   5   1.5e-09   2.1e-07   27.7   0.0     6    84   143   227   141   244 0.89 -
g1816.t1             -            312 866359at2759         -            265   9.6e-30  101.0   3.5   4   5    0.0028      0.39    7.2   0.0    45    82   230   270   225   274 0.71 -
g1816.t1             -            312 866359at2759         -            265   9.6e-30  101.0   3.5   5   5     0.014         2    4.9   0.0   222   255   272   307   267   311 0.58 -
g2153.t1             -           1445 866359at2759         -            265   3.4e-18   63.1  11.9   1   5   8.2e-06    0.0011   15.5   0.2    45    97   638   697   635   715 0.78 -
g2153.t1             -           1445 866359at2759         -            265   3.4e-18   63.1  11.9   2   5   1.8e-05    0.0025   14.3   0.1    45    81   729   766   726   772 0.86 -
g2153.t1             -           1445 866359at2759         -            265   3.4e-18   63.1  11.9   3   5    0.0016      0.22    8.0   0.1    45    78   777   811   771   819 0.84 -
g2153.t1             -           1445 866359at2759         -            265   3.4e-18   63.1  11.9   4   5   3.2e-06   0.00045   16.8   0.2   222   254   818   850   810   861 0.78 -
g2153.t1             -           1445 866359at2759         -            265   3.4e-18   63.1  11.9   5   5   0.00014      0.02   11.4   0.0    13    85   873   954   866   971 0.78 -
g1569.t1             -            327 866359at2759         -            265   1.2e-13   48.2  19.0   1   6     0.029         4    3.8   0.1    58    79    28    49     9    60 0.75 -
g1569.t1             -            327 866359at2759         -            265   1.2e-13   48.2  19.0   2   6   6.3e-05    0.0089   12.6   0.1    45    81    62    98    50   103 0.91 -
g1569.t1             -            327 866359at2759         -            265   1.2e-13   48.2  19.0   3   6   4.5e-05    0.0063   13.0   0.1    45    79   104   137   100   148 0.87 -
g1569.t1             -            327 866359at2759         -            265   1.2e-13   48.2  19.0   4   6    0.0047      0.66    6.4   0.2    50    81   153   186   146   191 0.73 -
g1569.t1             -            327 866359at2759         -            265   1.2e-13   48.2  19.0   5   6   9.9e-06    0.0014   15.2   0.1   223   251   190   218   187   223 0.91 -
g1569.t1             -            327 866359at2759         -            265   1.2e-13   48.2  19.0   6   6    0.0076       1.1    5.7   0.1    33   119   221   303   219   319 0.61 -
g1411.t1             -           2130 866359at2759         -            265   6.2e-12   42.6   2.8   1   3   0.00095      0.13    8.7   0.4    45    78  1359  1392  1356  1411 0.84 -
g1411.t1             -           2130 866359at2759         -            265   6.2e-12   42.6   2.8   2   3   3.5e-05    0.0049   13.4   0.1    58   112  1419  1480  1400  1490 0.63 -
g1411.t1             -           2130 866359at2759         -            265   6.2e-12   42.6   2.8   3   3   7.7e-07   0.00011   18.8   0.0     2   112  1482  1605  1481  1625 0.71 -
g1411.t2             -           2421 866359at2759         -            265   1.1e-11   41.8   2.9   1   3    0.0011      0.15    8.5   0.5    45    78  1650  1683  1647  1703 0.83 -
g1411.t2             -           2421 866359at2759         -            265   1.1e-11   41.8   2.9   2   3   3.7e-05    0.0052   13.3   0.1    58   112  1710  1771  1690  1782 0.64 -
g1411.t2             -           2421 866359at2759         -            265   1.1e-11   41.8   2.9   3   3     9e-07   0.00013   18.6   0.0     2   112  1773  1896  1772  1915 0.71 -
g1277.t1             -           1127 866359at2759         -            265     3e-10   37.0   5.8   1   4       2.7   3.8e+02   -2.6   0.0    50    74   378   402   370   414 0.80 -
g1277.t1             -           1127 866359at2759         -            265     3e-10   37.0   5.8   2   4   8.1e-07   0.00011   18.8   0.4    10    85   573   654   566   678 0.80 -
g1277.t1             -           1127 866359at2759         -            265     3e-10   37.0   5.8   3   4      0.27        38    0.6   0.0    46    76   657   687   652   718 0.75 -
g1277.t1             -           1127 866359at2759         -            265     3e-10   37.0   5.8   4   4   4.9e-06   0.00068   16.2   0.3    32    80   728   777   706   821 0.84 -
g517.t1              -            894 866359at2759         -            265   5.6e-08   29.6   1.8   1   4   0.00013     0.018   11.5   0.0    45    78   389   422   385   443 0.89 -
g517.t1              -            894 866359at2759         -            265   5.6e-08   29.6   1.8   2   4   3.7e-05    0.0052   13.3   0.2    45   126   498   586   493   588 0.64 -
g517.t1              -            894 866359at2759         -            265   5.6e-08   29.6   1.8   3   4     0.016       2.2    4.7   0.0    44    80   537   574   534   687 0.86 -
g517.t1              -            894 866359at2759         -            265   5.6e-08   29.6   1.8   4   4      0.77   1.1e+02   -0.8   0.0    53    76   682   705   624   717 0.74 -
g517.t2              -            920 866359at2759         -            265   6.6e-08   29.4   1.6   1   3   0.00013     0.019   11.5   0.0    45    78   389   422   385   443 0.89 -
g517.t2              -            920 866359at2759         -            265   6.6e-08   29.4   1.6   2   3   3.3e-05    0.0047   13.5   0.2    45   127   498   587   493   591 0.67 -
g517.t2              -            920 866359at2759         -            265   6.6e-08   29.4   1.6   3   3       1.4     2e+02   -1.7   0.0    55    77   710   732   703   743 0.74 -
g2103.t1             -            429 866359at2759         -            265   3.1e-07   27.2   0.8   1   3   0.00069     0.096    9.2   0.3    45    95    55   109    52   142 0.68 -
g2103.t1             -            429 866359at2759         -            265   3.1e-07   27.2   0.8   2   3    0.0054      0.76    6.2   0.2   149   256    74   178    73   185 0.59 -
g2103.t1             -            429 866359at2759         -            265   3.1e-07   27.2   0.8   3   3   0.00011     0.015   11.8   0.0    57    84   211   238   193   301 0.80 -
g984.t1              -            592 866359at2759         -            265     2e-06   24.5   2.5   1   3    0.0079       1.1    5.7   0.0   221   252     2    32     1    41 0.79 -
g984.t1              -            592 866359at2759         -            265     2e-06   24.5   2.5   2   3     5e-06   0.00071   16.2   0.3    46    88    66   108    61   147 0.87 -
g984.t1              -            592 866359at2759         -            265     2e-06   24.5   2.5   3   3      0.33        47    0.4   0.0   232   258   218   244   205   250 0.84 -
g1372.t1             -            496 866359at2759         -            265   1.2e-05   21.9   7.7   1   3     0.033       4.6    3.7   0.4    10    77   229   299   221   308 0.78 -
g1372.t1             -            496 866359at2759         -            265   1.2e-05   21.9   7.7   2   3    0.0013      0.19    8.2   0.7     8    87   310   397   307   437 0.62 -
g1372.t1             -            496 866359at2759         -            265   1.2e-05   21.9   7.7   3   3   0.00029     0.041   10.4   0.0    45    77   440   472   426   494 0.78 -
g1055.t1             -            390 866359at2759         -            265   5.1e-05   19.9  12.3   1   5     0.052       7.3    3.0   0.1    32    80    92   139    60   176 0.55 -
g1055.t1             -            390 866359at2759         -            265   5.1e-05   19.9  12.3   2   5   0.00013     0.018   11.6   0.3    46   133   179   268   152   269 0.82 -
g1055.t1             -            390 866359at2759         -            265   5.1e-05   19.9  12.3   3   5     0.019       2.7    4.4   0.2   230   251   268   289   266   303 0.87 -
g1055.t1             -            390 866359at2759         -            265   5.1e-05   19.9  12.3   4   5     0.095        13    2.1   0.0    60    77   322   339   308   348 0.82 -
g1055.t1             -            390 866359at2759         -            265   5.1e-05   19.9  12.3   5   5      0.02       2.8    4.4   0.1    45    76   351   384   342   388 0.80 -
g367.t1              -            336 866359at2759         -            265    0.0022   14.5   0.1   1   3       1.6   2.2e+02   -1.9   0.0    62    87    93   116    88   134 0.66 -
g367.t1              -            336 866359at2759         -            265    0.0022   14.5   0.1   2   3    0.0028      0.39    7.2   0.2    59   110   139   197   127   209 0.65 -
g367.t1              -            336 866359at2759         -            265    0.0022   14.5   0.1   3   3     0.039       5.4    3.4   0.0   221   250   252   282   249   288 0.82 -
g1850.t1             -            551 866359at2759         -            265    0.0022   14.5   0.0   1   2      0.36        50    0.3   0.0   202   249   187   234   161   247 0.67 -
g1850.t1             -            551 866359at2759         -            265    0.0022   14.5   0.0   2   2   0.00017     0.024   11.1   0.0     3    95   301   402   300   411 0.73 -
g1616.t1             -           2095 866359at2759         -            265    0.0035   13.9   0.1   1   4       6.5   9.1e+02   -3.9   0.0   122   160   427   465   408   474 0.73 -
g1616.t1             -           2095 866359at2759         -            265    0.0035   13.9   0.1   2   4       4.1   5.7e+02   -3.2   0.0    83   137  1446  1498  1433  1505 0.74 -
g1616.t1             -           2095 866359at2759         -            265    0.0035   13.9   0.1   3   4     0.021       2.9    4.3   0.0   220   253  1959  1992  1890  1997 0.63 -
g1616.t1             -           2095 866359at2759         -            265    0.0035   13.9   0.1   4   4     0.041       5.8    3.3   0.0   219   260  2001  2042  1991  2047 0.82 -
g1616.t2             -           2140 866359at2759         -            265    0.0037   13.8   0.1   1   4       6.7   9.4e+02   -3.9   0.0   122   160   427   465   409   474 0.73 -
g1616.t2             -           2140 866359at2759         -            265    0.0037   13.8   0.1   2   4       4.4   6.2e+02   -3.3   0.0    83   136  1446  1497  1433  1504 0.74 -
g1616.t2             -           2140 866359at2759         -            265    0.0037   13.8   0.1   3   4     0.019       2.7    4.4   0.0   220   253  2004  2037  1932  2044 0.64 -
g1616.t2             -           2140 866359at2759         -            265    0.0037   13.8   0.1   4   4     0.052       7.3    3.0   0.0   220   260  2047  2087  2042  2092 0.83 -
g239.t1              -           1241 866359at2759         -            265    0.0067   13.0   0.1   1   2       3.1   4.4e+02   -2.8   0.0    62    86   974   997   972  1004 0.77 -
g239.t1              -           1241 866359at2759         -            265    0.0067   13.0   0.1   2   2   0.00016     0.023   11.2   0.1    45   135  1001  1098   998  1139 0.70 -
g1351.t1             -            746 866359at2759         -            265     0.017   11.6   0.6   1   2     0.013       1.9    4.9   0.0    49    83   223   257   219   261 0.82 -
g1351.t1             -            746 866359at2759         -            265     0.017   11.6   0.6   2   2     0.069       9.7    2.6   0.4    50    85   269   303   260   346 0.63 -
#
# Program:         hmmsearch
# Version:         3.2.1 (June 2018)
# Pipeline mode:   SEARCH
# Query file:      /labs/Wegrzyn/bikash/botany2021/braker/busco_downloads/lineages/eukaryota_odb10/hmms/866359at2759.hmm
# Target file:     /labs/Wegrzyn/bikash/botany2021/braker/braker/augustus.hints.aa
# Option settings: /isg/shared/apps/hmmer/3.2.1/bin/hmmsearch --domtblout /labs/Wegrzyn/bikash/botany2021/braker/busco_output/auto_lineage/run_eukaryota_odb10/hmmer_output/initial_run_results/866359at2759.out --cpu 1 /labs/Wegrzyn/bikash/botany2021/braker/busco_downloads/lineages/eukaryota_odb10/hmms/866359at2759.hmm /labs/Wegrzyn/bikash/botany2021/braker/braker/augustus.hints.aa 
# Current dir:     /labs/Wegrzyn/bikash/botany2021/braker
# Date:            Thu Jul 15 15:22:10 2021
# [ok]
