#                                                                            --- full sequence --- -------------- this domain -------------   hmm coord   ali coord   env coord
# target name        accession   tlen query name           accession   qlen   E-value  score  bias   #  of  c-Evalue  i-Evalue  score  bias  from    to  from    to  from    to  acc description of target
#------------------- ---------- ----- -------------------- ---------- ----- --------- ------ ----- --- --- --------- --------- ------ ----- ----- ----- ----- ----- ----- ----- ---- ---------------------
g556.t1              -            584 905026at2759         -            402   1.5e-15   54.1  20.1   1   3     0.001      0.23    7.4   0.1    28    54    99   125    93   144 0.85 -
g556.t1              -            584 905026at2759         -            402   1.5e-15   54.1  20.1   2   3   1.1e-09   2.4e-07   27.1   7.4   157   280   281   409   200   413 0.83 -
g556.t1              -            584 905026at2759         -            402   1.5e-15   54.1  20.1   3   3   1.7e-09   3.8e-07   26.5   1.0   218   279   414   478   406   488 0.91 -
g1063.t1             -           1418 905026at2759         -            402   6.3e-06   22.4   0.4   1   3      0.53   1.2e+02   -1.5   0.0   291   316  1018  1043  1018  1047 0.90 -
g1063.t1             -           1418 905026at2759         -            402   6.3e-06   22.4   0.4   2   3      0.11        25    0.7   0.0   198   243  1078  1125  1054  1131 0.74 -
g1063.t1             -           1418 905026at2759         -            402   6.3e-06   22.4   0.4   3   3     2e-07   4.6e-05   19.6   0.0   200   263  1123  1188  1113  1224 0.82 -
g303.t2              -           1348 905026at2759         -            402     8e-06   22.1  12.8   1   7       1.1   2.5e+02   -2.6   0.0   334   361    31    59    18    67 0.73 -
g303.t2              -           1348 905026at2759         -            402     8e-06   22.1  12.8   2   7     0.016       3.8    3.4   0.1   335   367    73   105    60   109 0.88 -
g303.t2              -           1348 905026at2759         -            402     8e-06   22.1  12.8   3   7     0.051        12    1.8   0.1   336   364   214   242   204   251 0.84 -
g303.t2              -           1348 905026at2759         -            402     8e-06   22.1  12.8   4   7   4.3e-07   9.8e-05   18.5   0.4   337   391   255   309   245   313 0.92 -
g303.t2              -           1348 905026at2759         -            402     8e-06   22.1  12.8   5   7     0.034       7.8    2.4   0.0   341   373   390   419   378   447 0.83 -
g303.t2              -           1348 905026at2759         -            402     8e-06   22.1  12.8   6   7      0.65   1.5e+02   -1.8   0.0   338   366   427   455   414   459 0.85 -
g303.t2              -           1348 905026at2759         -            402     8e-06   22.1  12.8   7   7       3.3   7.5e+02   -4.1   0.1   154   179   933   958   927   965 0.82 -
g303.t1              -           1347 905026at2759         -            402   8.2e-06   22.1  12.8   1   7       1.1   2.5e+02   -2.6   0.0   334   361    31    59    18    67 0.73 -
g303.t1              -           1347 905026at2759         -            402   8.2e-06   22.1  12.8   2   7     0.016       3.8    3.4   0.1   335   367    73   105    60   109 0.88 -
g303.t1              -           1347 905026at2759         -            402   8.2e-06   22.1  12.8   3   7     0.051        12    1.8   0.1   336   364   214   242   204   251 0.84 -
g303.t1              -           1347 905026at2759         -            402   8.2e-06   22.1  12.8   4   7   4.3e-07   9.8e-05   18.5   0.4   337   391   255   309   245   313 0.92 -
g303.t1              -           1347 905026at2759         -            402   8.2e-06   22.1  12.8   5   7     0.034       7.8    2.4   0.0   341   373   390   419   378   447 0.83 -
g303.t1              -           1347 905026at2759         -            402   8.2e-06   22.1  12.8   6   7      0.65   1.5e+02   -1.8   0.0   338   366   427   455   414   459 0.85 -
g303.t1              -           1347 905026at2759         -            402   8.2e-06   22.1  12.8   7   7       3.3   7.5e+02   -4.1   0.1   154   179   932   957   926   964 0.82 -
g2098.t2             -           1301 905026at2759         -            402   3.2e-05   20.1   0.1   1   2     0.018       4.1    3.3   0.0   333   375   375   417   350   422 0.78 -
g2098.t2             -           1301 905026at2759         -            402   3.2e-05   20.1   0.1   2   2   1.3e-05    0.0029   13.7   0.0   301   376   667   747   660   752 0.75 -
g2098.t1             -           1273 905026at2759         -            402   3.3e-05   20.1   0.2   1   3     0.017       3.9    3.4   0.0   333   375   375   417   349   422 0.78 -
g2098.t1             -           1273 905026at2759         -            402   3.3e-05   20.1   0.2   2   3       3.1   7.2e+02   -4.1   0.0   239   270   462   493   462   494 0.87 -
g2098.t1             -           1273 905026at2759         -            402   3.3e-05   20.1   0.2   3   3   1.3e-05    0.0029   13.7   0.0   301   376   667   747   660   752 0.75 -
g1334.t1             -            741 905026at2759         -            402   0.00012   18.3   0.3   1   3         2   4.7e+02   -3.5   0.0   306   350   390   439   385   444 0.60 -
g1334.t1             -            741 905026at2759         -            402   0.00012   18.3   0.3   2   3   3.7e-05    0.0084   12.2   0.0   220   309   597   693   551   694 0.81 -
g1334.t1             -            741 905026at2759         -            402   0.00012   18.3   0.3   3   3    0.0076       1.7    4.5   0.0   235   283   683   730   673   733 0.69 -
g2080.t1             -            837 905026at2759         -            402   0.00038   16.6   6.1   1   4      0.71   1.6e+02   -2.0   0.1   246   286   520   571   514   592 0.62 -
g2080.t1             -            837 905026at2759         -            402   0.00038   16.6   6.1   2   4       1.2   2.7e+02   -2.7   0.0    27    52   605   630   579   633 0.76 -
g2080.t1             -            837 905026at2759         -            402   0.00038   16.6   6.1   3   4   2.7e-06   0.00062   15.9   0.7   219   288   692   762   689   804 0.77 -
g2080.t1             -            837 905026at2759         -            402   0.00038   16.6   6.1   4   4     0.019       4.3    3.2   0.0   236   265   780   809   772   832 0.71 -
g2073.t1             -            282 905026at2759         -            402   0.00069   15.7   0.1   1   3     0.054        12    1.7   0.0   208   221    36    49    33    56 0.84 -
g2073.t1             -            282 905026at2759         -            402   0.00069   15.7   0.1   2   3      0.67   1.5e+02   -1.9   0.0    56    56    86    86    57   126 0.55 -
g2073.t1             -            282 905026at2759         -            402   0.00069   15.7   0.1   3   3   8.2e-05     0.019   11.0   0.0   324   370   178   224   170   241 0.86 -
g2182.t1             -            144 905026at2759         -            402     0.014   11.4   0.0   1   2       2.9   6.7e+02   -4.0   0.0   376   390    31    45    29    47 0.70 -
g2182.t1             -            144 905026at2759         -            402     0.014   11.4   0.0   2   2   0.00011     0.026   10.6   0.0   241   279    78   116    72   120 0.92 -
g1574.t1             -           1246 905026at2759         -            402     0.025   10.6   6.0   1   5         1   2.4e+02   -2.5   0.0   253   362   833   857   824   864 0.54 -
g1574.t1             -           1246 905026at2759         -            402     0.025   10.6   6.0   2   5       0.1        24    0.8   0.2    49    77   871   899   868   902 0.87 -
g1574.t1             -           1246 905026at2759         -            402     0.025   10.6   6.0   3   5     0.022       5.1    3.0   0.0   335   366   954   985   930   997 0.76 -
g1574.t1             -           1246 905026at2759         -            402     0.025   10.6   6.0   4   5    0.0017      0.38    6.7   0.2   254   365   958  1069   946  1075 0.79 -
g1574.t1             -           1246 905026at2759         -            402     0.025   10.6   6.0   5   5     0.046        11    2.0   0.0   337   366  1124  1153  1121  1157 0.89 -
#
# Program:         hmmsearch
# Version:         3.2.1 (June 2018)
# Pipeline mode:   SEARCH
# Query file:      /labs/Wegrzyn/bikash/botany2021/braker/busco_downloads/lineages/eukaryota_odb10/hmms/905026at2759.hmm
# Target file:     /labs/Wegrzyn/bikash/botany2021/braker/braker/augustus.hints.aa
# Option settings: /isg/shared/apps/hmmer/3.2.1/bin/hmmsearch --domtblout /labs/Wegrzyn/bikash/botany2021/braker/busco_output/auto_lineage/run_eukaryota_odb10/hmmer_output/initial_run_results/905026at2759.out --cpu 1 /labs/Wegrzyn/bikash/botany2021/braker/busco_downloads/lineages/eukaryota_odb10/hmms/905026at2759.hmm /labs/Wegrzyn/bikash/botany2021/braker/braker/augustus.hints.aa 
# Current dir:     /labs/Wegrzyn/bikash/botany2021/braker
# Date:            Thu Jul 15 15:22:11 2021
# [ok]
