#                                                                            --- full sequence --- -------------- this domain -------------   hmm coord   ali coord   env coord
# target name        accession   tlen query name           accession   qlen   E-value  score  bias   #  of  c-Evalue  i-Evalue  score  bias  from    to  from    to  from    to  acc description of target
#------------------- ---------- ----- -------------------- ---------- ----- --------- ------ ----- --- --- --------- --------- ------ ----- ----- ----- ----- ----- ----- ----- ---- ---------------------
g2103.t1             -            429 937275at2759         -             94   1.4e-13   47.8  12.0   1   3      0.18        64    0.8   0.2    76    93    73    90    67    91 0.85 -
g2103.t1             -            429 937275at2759         -             94   1.4e-13   47.8  12.0   2   3   9.3e-13   3.3e-10   37.0   5.5     2    89    98   230    97   235 0.72 -
g2103.t1             -            429 937275at2759         -             94   1.4e-13   47.8  12.0   3   3      0.23        84    0.4   0.0    15    43   238   264   232   281 0.73 -
g1816.t1             -            312 937275at2759         -             94     0.002   15.2  10.8   1   7      0.21        76    0.6   0.0    75    89    35    49    13    54 0.61 -
g1816.t1             -            312 937275at2759         -             94     0.002   15.2  10.8   2   7      0.39   1.4e+02   -0.3   0.0    76    89    79    92    74    97 0.82 -
g1816.t1             -            312 937275at2759         -             94     0.002   15.2  10.8   3   7   0.00058      0.21    8.8   0.0    64    91   109   136    98   139 0.88 -
g1816.t1             -            312 937275at2759         -             94     0.002   15.2  10.8   4   7      0.22        81    0.5   0.1    74    91   161   178   159   181 0.83 -
g1816.t1             -            312 937275at2759         -             94     0.002   15.2  10.8   5   7      0.54   1.9e+02   -0.7   0.0    78    89   208   219   203   223 0.80 -
g1816.t1             -            312 937275at2759         -             94     0.002   15.2  10.8   6   7    0.0056         2    5.6   0.0    74    91   249   266   234   269 0.75 -
g1816.t1             -            312 937275at2759         -             94     0.002   15.2  10.8   7   7       4.4   1.6e+03   -3.7   0.0    79    87   298   306   291   307 0.77 -
g2153.t1             -           1445 937275at2759         -             94     0.017   12.3   4.2   1   4     0.099        36    1.6   0.0    73    91   653   671   642   673 0.83 -
g2153.t1             -           1445 937275at2759         -             94     0.017   12.3   4.2   2   4     0.011       3.8    4.7   0.0    73    90   745   762   702   764 0.71 -
g2153.t1             -           1445 937275at2759         -             94     0.017   12.3   4.2   3   4      0.04        14    2.9   0.0    74    91   794   811   790   814 0.85 -
g2153.t1             -           1445 937275at2759         -             94     0.017   12.3   4.2   4   4      0.44   1.6e+02   -0.4   0.2    65    88   921   944   917   948 0.91 -
g1351.t1             -            746 937275at2759         -             94     0.049   10.8   3.1   1   5      0.13        48    1.2   0.1    73    91    92   110    75   112 0.87 -
g1351.t1             -            746 937275at2759         -             94     0.049   10.8   3.1   2   5    0.0063       2.3    5.5   0.0    73    91   234   252   230   254 0.90 -
g1351.t1             -            746 937275at2759         -             94     0.049   10.8   3.1   3   5      0.65   2.3e+02   -1.0   0.1    73    89   278   294   276   298 0.85 -
g1351.t1             -            746 937275at2759         -             94     0.049   10.8   3.1   4   5      0.38   1.4e+02   -0.2   0.0    15    37   541   563   530   577 0.75 -
g1351.t1             -            746 937275at2759         -             94     0.049   10.8   3.1   5   5       2.8     1e+03   -3.0   0.0    11    39   581   610   572   613 0.76 -
g1569.t1             -            327 937275at2759         -             94     0.087   10.0  18.6   1   7      0.66   2.4e+02   -1.0   0.0    75    89    32    46    27    49 0.69 -
g1569.t1             -            327 937275at2759         -             94     0.087   10.0  18.6   2   7     0.031        11    3.2   0.9    75    90    79    94    57    98 0.64 -
g1569.t1             -            327 937275at2759         -             94     0.087   10.0  18.6   3   7    0.0066       2.4    5.4   0.0    74    89   120   135   114   139 0.90 -
g1569.t1             -            327 937275at2759         -             94     0.087   10.0  18.6   4   7    0.0043       1.6    6.0   0.0    73    91   165   183   153   186 0.85 -
g1569.t1             -            327 937275at2759         -             94     0.087   10.0  18.6   5   7      0.25        91    0.3   0.0    75    89   209   223   190   226 0.86 -
g1569.t1             -            327 937275at2759         -             94     0.087   10.0  18.6   6   7       2.5   8.9e+02   -2.9   0.1    79    91   253   265   249   268 0.75 -
g1569.t1             -            327 937275at2759         -             94     0.087   10.0  18.6   7   7     0.061        22    2.3   0.1    73    89   307   323   294   326 0.86 -
g1372.t1             -            496 937275at2759         -             94      0.31    8.2   4.6   1   5         4   1.4e+03   -3.5   0.0    19    89   247   258   233   263 0.57 -
g1372.t1             -            496 937275at2759         -             94      0.31    8.2   4.6   2   5      0.23        84    0.4   0.0    74    89   326   341   323   345 0.87 -
g1372.t1             -            496 937275at2759         -             94      0.31    8.2   4.6   3   5       1.2   4.5e+02   -1.9   0.0    78    88   375   385   368   387 0.75 -
g1372.t1             -            496 937275at2759         -             94      0.31    8.2   4.6   4   5       2.7   9.8e+02   -3.0   0.0    70    87   408   427   404   430 0.66 -
g1372.t1             -            496 937275at2759         -             94      0.31    8.2   4.6   5   5    0.0019      0.68    7.1   0.0    74    90   456   472   453   475 0.90 -
g1055.t1             -            390 937275at2759         -             94         2    5.6  13.3   1   7      0.26        94    0.3   0.0    29    57    60    90    54    95 0.65 -
g1055.t1             -            390 937275at2759         -             94         2    5.6  13.3   2   7      0.25        88    0.4   0.0    74    89   120   135   114   139 0.72 -
g1055.t1             -            390 937275at2759         -             94         2    5.6  13.3   3   7     0.035        13    3.1   0.1    75    93   193   211   180   212 0.86 -
g1055.t1             -            390 937275at2759         -             94         2    5.6  13.3   4   7      0.64   2.3e+02   -1.0   0.0    75    87   233   245   218   249 0.86 -
g1055.t1             -            390 937275at2759         -             94         2    5.6  13.3   5   7      0.16        58    1.0   0.1    59    88   266   293   255   295 0.80 -
g1055.t1             -            390 937275at2759         -             94         2    5.6  13.3   6   7      0.49   1.8e+02   -0.6   0.0    76    89   325   338   320   340 0.85 -
g1055.t1             -            390 937275at2759         -             94         2    5.6  13.3   7   7     0.049        18    2.6   0.1    75    91   370   386   368   389 0.85 -
#
# Program:         hmmsearch
# Version:         3.2.1 (June 2018)
# Pipeline mode:   SEARCH
# Query file:      /labs/Wegrzyn/bikash/botany2021/braker/busco_downloads/lineages/eukaryota_odb10/hmms/937275at2759.hmm
# Target file:     /labs/Wegrzyn/bikash/botany2021/braker/braker/augustus.hints.aa
# Option settings: /isg/shared/apps/hmmer/3.2.1/bin/hmmsearch --domtblout /labs/Wegrzyn/bikash/botany2021/braker/busco_output/auto_lineage/run_eukaryota_odb10/hmmer_output/initial_run_results/937275at2759.out --cpu 1 /labs/Wegrzyn/bikash/botany2021/braker/busco_downloads/lineages/eukaryota_odb10/hmms/937275at2759.hmm /labs/Wegrzyn/bikash/botany2021/braker/braker/augustus.hints.aa 
# Current dir:     /labs/Wegrzyn/bikash/botany2021/braker
# Date:            Thu Jul 15 15:22:11 2021
# [ok]
