#                                                                            --- full sequence --- -------------- this domain -------------   hmm coord   ali coord   env coord
# target name        accession   tlen query name           accession   qlen   E-value  score  bias   #  of  c-Evalue  i-Evalue  score  bias  from    to  from    to  from    to  acc description of target
#------------------- ---------- ----- -------------------- ---------- ----- --------- ------ ----- --- --- --------- --------- ------ ----- ----- ----- ----- ----- ----- ----- ---- ---------------------
g75.t1               -            957 975557at2759         -            466    9e-161  533.3  41.9   1   6  3.4e-140  6.1e-138  458.0  11.0     3   223    40   269    38   293 0.94 -
g75.t1               -            957 975557at2759         -            466    9e-161  533.3  41.9   2   6   5.9e-08   1.1e-05   22.0   0.0   233   278   326   371   309   398 0.71 -
g75.t1               -            957 975557at2759         -            466    9e-161  533.3  41.9   3   6   2.3e-09   4.2e-07   26.6   0.0   271   316   396   443   386   452 0.85 -
g75.t1               -            957 975557at2759         -            466    9e-161  533.3  41.9   4   6    0.0029      0.53    6.5   4.1   352   383   552   583   473   607 0.64 -
g75.t1               -            957 975557at2759         -            466    9e-161  533.3  41.9   5   6      0.36        65   -0.4   0.1   381   436   607   663   586   694 0.62 -
g75.t1               -            957 975557at2759         -            466    9e-161  533.3  41.9   6   6   2.4e-10   4.3e-08   29.9   2.5   390   465   729   810   710   811 0.84 -
g1044.t1             -            189 975557at2759         -            466   1.9e-20   70.6   0.3   1   1   1.3e-22   2.4e-20   70.3   0.3     5   107     4   107     1   128 0.91 -
g1108.t1             -            303 975557at2759         -            466   1.3e-13   48.1   0.3   1   1   9.6e-16   1.7e-13   47.7   0.3     4    92    17   108    14   116 0.91 -
g1738.t1             -            290 975557at2759         -            466   4.6e-13   46.3   0.4   1   1   3.2e-15   5.7e-13   45.9   0.4     4   120    12   131     9   146 0.81 -
g291.t1              -            304 975557at2759         -            466   1.7e-12   44.4   0.1   1   1   1.3e-14   2.4e-12   43.9   0.1     4   111    12   121     9   143 0.84 -
g1150.t1             -            407 975557at2759         -            466   4.2e-12   43.1   0.6   1   1   3.2e-14   5.8e-12   42.6   0.6     4   122   137   257   134   301 0.88 -
g2172.t1             -            258 975557at2759         -            466   5.2e-12   42.8   0.1   1   1   3.5e-14   6.3e-12   42.5   0.1     5    93    13   103     9   132 0.88 -
g1178.t1             -            324 975557at2759         -            466   7.3e-12   42.3   0.3   1   1   5.8e-14     1e-11   41.8   0.3     4    93    19   110    16   132 0.86 -
g908.t1              -            219 975557at2759         -            466   3.4e-11   40.1   0.1   1   1   2.2e-13     4e-11   39.9   0.1     5   106    13   116     9   148 0.80 -
g197.t1              -            229 975557at2759         -            466   1.1e-10   38.4   0.3   1   1   8.2e-13   1.5e-10   38.0   0.3     4   131    12   142     9   149 0.86 -
g1750.t1             -            320 975557at2759         -            466   2.5e-10   37.2   0.2   1   1   1.8e-12   3.2e-10   36.9   0.2     4    93    12   104     9   125 0.87 -
g1108.t2             -             86 975557at2759         -            466   2.7e-10   37.1   0.1   1   1   1.8e-12   3.3e-10   36.8   0.1     4    61    17    75    14    77 0.92 -
g1659.t1             -            245 975557at2759         -            466     1e-09   35.2   0.1   1   1   7.8e-12   1.4e-09   34.8   0.1     3    93    11   104     9   124 0.86 -
g1343.t1             -            373 975557at2759         -            466    0.0036   13.6   0.0   1   1   2.8e-05    0.0051   13.1   0.0    56   101   102   150    96   177 0.83 -
#
# Program:         hmmsearch
# Version:         3.2.1 (June 2018)
# Pipeline mode:   SEARCH
# Query file:      /labs/Wegrzyn/bikash/botany2021/braker/busco_downloads/lineages/eukaryota_odb10/hmms/975557at2759.hmm
# Target file:     /labs/Wegrzyn/bikash/botany2021/braker/braker/augustus.hints.aa
# Option settings: /isg/shared/apps/hmmer/3.2.1/bin/hmmsearch --domtblout /labs/Wegrzyn/bikash/botany2021/braker/busco_output/auto_lineage/run_eukaryota_odb10/hmmer_output/initial_run_results/975557at2759.out --cpu 1 /labs/Wegrzyn/bikash/botany2021/braker/busco_downloads/lineages/eukaryota_odb10/hmms/975557at2759.hmm /labs/Wegrzyn/bikash/botany2021/braker/braker/augustus.hints.aa 
# Current dir:     /labs/Wegrzyn/bikash/botany2021/braker
# Date:            Thu Jul 15 15:22:12 2021
# [ok]
