#                                                                            --- full sequence --- -------------- this domain -------------   hmm coord   ali coord   env coord
# target name        accession   tlen query name           accession   qlen   E-value  score  bias   #  of  c-Evalue  i-Evalue  score  bias  from    to  from    to  from    to  acc description of target
#------------------- ---------- ----- -------------------- ---------- ----- --------- ------ ----- --- --- --------- --------- ------ ----- ----- ----- ----- ----- ----- ----- ---- ---------------------
g1109.t1             -            755 143460at2            -            439   7.8e-33  111.0   0.3   1   3   3.4e-26   9.5e-24   81.1   0.0     1   116    66   202    66   216 0.81 -
g1109.t1             -            755 143460at2            -            439   7.8e-33  111.0   0.3   2   3   3.3e-09   9.2e-07   25.1   0.0   185   294   418   537   380   571 0.72 -
g1109.t1             -            755 143460at2            -            439   7.8e-33  111.0   0.3   3   3     0.075        21    0.8   0.0   303   345   674   724   656   735 0.67 -
g1573.t1             -            487 143460at2            -            439   6.2e-19   65.2   0.4   1   2   4.6e-19   1.3e-16   57.6   0.1     3   127    91   232    89   266 0.72 -
g1573.t1             -            487 143460at2            -            439   6.2e-19   65.2   0.4   2   2    0.0021       0.6    5.9   0.0   140   195   276   337   271   359 0.68 -
g1388.t1             -            450 143460at2            -            439   1.2e-18   64.3   0.7   1   2   1.2e-18   3.4e-16   56.2   0.1     3   114    66   194    64   215 0.71 -
g1388.t1             -            450 143460at2            -            439   1.2e-18   64.3   0.7   2   2    0.0012      0.33    6.8   0.1   142   204   245   313   238   321 0.67 -
g1358.t1             -            417 143460at2            -            439   2.4e-12   43.5   0.0   1   2   0.00057      0.16    7.8   0.1     3    33     9    40     7    48 0.77 -
g1358.t1             -            417 143460at2            -            439   2.4e-12   43.5   0.0   2   2   8.6e-12   2.4e-09   33.6   0.0    21   188    49   242    46   256 0.69 -
g1355.t2             -            426 143460at2            -            439   2.6e-12   43.4   0.0   1   1   3.7e-12     1e-09   34.8   0.0    20   188    48   242     7   256 0.65 -
g1355.t1             -            222 143460at2            -            439     1e-11   41.4   0.0   1   2   0.00024     0.067    9.1   0.1     3    33     9    40     7    48 0.77 -
g1355.t1             -            222 143460at2            -            439     1e-11   41.4   0.0   2   2   6.3e-11   1.8e-08   30.7   0.0    21   119    49   164    44   178 0.68 -
g1357.t1             -            441 143460at2            -            439   4.7e-11   39.2   0.0   1   2   1.3e-10   3.5e-08   29.8   0.0    20    90    48   124     7   177 0.62 -
g1357.t1             -            441 143460at2            -            439   4.7e-11   39.2   0.0   2   2      0.59   1.6e+02   -2.1   0.0   169   188   247   266   229   271 0.82 -
g1353.t1             -            450 143460at2            -            439   5.1e-11   39.1   0.0   1   2   1.3e-10   3.6e-08   29.7   0.0    20    90    48   124     7   177 0.63 -
g1353.t1             -            450 143460at2            -            439   5.1e-11   39.1   0.0   2   2      0.61   1.7e+02   -2.2   0.0   169   188   247   266   230   271 0.82 -
g240.t1              -            464 143460at2            -            439   5.1e-05   19.3   6.2   1   2     0.001      0.28    7.0   0.1     3    38    34    65    32    79 0.71 -
g240.t1              -            464 143460at2            -            439   5.1e-05   19.3   6.2   2   2     1e-05    0.0028   13.6   1.9    53   148   122   228   115   315 0.58 -
#
# Program:         hmmsearch
# Version:         3.2.1 (June 2018)
# Pipeline mode:   SEARCH
# Query file:      /labs/Wegrzyn/bikash/botany2021/braker/busco_downloads/lineages/bacteria_odb10/hmms/143460at2.hmm
# Target file:     /labs/Wegrzyn/bikash/botany2021/braker/braker/augustus.hints.aa
# Option settings: /isg/shared/apps/hmmer/3.2.1/bin/hmmsearch --domtblout /labs/Wegrzyn/bikash/botany2021/braker/busco_output/auto_lineage/run_bacteria_odb10/hmmer_output/143460at2.out --cpu 1 /labs/Wegrzyn/bikash/botany2021/braker/busco_downloads/lineages/bacteria_odb10/hmms/143460at2.hmm /labs/Wegrzyn/bikash/botany2021/braker/braker/augustus.hints.aa 
# Current dir:     /labs/Wegrzyn/bikash/botany2021/braker
# Date:            Thu Jul 15 15:21:29 2021
# [ok]
