#                                                                            --- full sequence --- -------------- this domain -------------   hmm coord   ali coord   env coord
# target name        accession   tlen query name           accession   qlen   E-value  score  bias   #  of  c-Evalue  i-Evalue  score  bias  from    to  from    to  from    to  acc description of target
#------------------- ---------- ----- -------------------- ---------- ----- --------- ------ ----- --- --- --------- --------- ------ ----- ----- ----- ----- ----- ----- ----- ---- ---------------------
g187.t2              -           1200 1502854at2           -            192   1.6e-64  214.2   0.0   1   1   1.4e-66   2.8e-64  213.4   0.0     5   186   832  1016   829  1021 0.96 -
g187.t1              -           1231 1502854at2           -            192   1.7e-64  214.2   0.0   1   1   1.5e-66   2.9e-64  213.4   0.0     5   186   863  1047   860  1052 0.96 -
g456.t1              -           1254 1502854at2           -            192   8.7e-06   22.6   0.1   1   2   0.00062      0.12    9.1   0.0     7    30    62    85    59    99 0.85 -
g456.t1              -           1254 1502854at2           -            192   8.7e-06   22.6   0.1   2   2   0.00025     0.048   10.4   0.0     7    35   687   715   684   718 0.90 -
g1600.t1             -           1456 1502854at2           -            192    0.0002   18.1   0.5   1   2    0.0064       1.2    5.8   0.0     5    34   199   229   197   236 0.80 -
g1600.t1             -           1456 1502854at2           -            192    0.0002   18.1   0.5   2   2   0.00036      0.07    9.9   0.1     5    39   890   926   887   934 0.82 -
g1779.t1             -           1248 1502854at2           -            192   0.00061   16.6   0.4   1   2    0.0018      0.36    7.6   0.0     5    28   383   406   380   412 0.86 -
g1779.t1             -           1248 1502854at2           -            192   0.00061   16.6   0.4   2   2    0.0034      0.65    6.7   0.1     9    30  1033  1054  1029  1063 0.80 -
g1968.t1             -           1055 1502854at2           -            192    0.0017   15.1   0.0   1   1   1.6e-05    0.0031   14.3   0.0     4    29    69    94    67   102 0.85 -
g695.t1              -            721 1502854at2           -            192    0.0021   14.8   0.1   1   1   1.7e-05    0.0033   14.2   0.1     3    32   110   139   108   148 0.78 -
g762.t2              -            681 1502854at2           -            192    0.0045   13.8   0.0   1   1   4.5e-05    0.0087   12.8   0.0     4    27   102   125   100   134 0.86 -
g762.t1              -            682 1502854at2           -            192    0.0046   13.7   0.0   1   1   4.5e-05    0.0087   12.8   0.0     4    27   102   125   100   134 0.86 -
g109.t1              -            207 1502854at2           -            192    0.0047   13.7   0.5   1   2     0.011         2    5.1   0.1     6    32    22    48    18    54 0.76 -
g109.t1              -            207 1502854at2           -            192    0.0047   13.7   0.5   2   2    0.0031       0.6    6.8   0.1   120   154   127   164   111   187 0.73 -
g1182.t1             -            631 1502854at2           -            192    0.0052   13.6   0.0   1   1   5.9e-05     0.011   12.5   0.0     5    28    76    99    73   110 0.83 -
g708.t1              -            362 1502854at2           -            192     0.024   11.4   0.7   1   2   0.00021      0.04   10.7   0.1     9    38   210   238   204   246 0.77 -
g708.t1              -            362 1502854at2           -            192     0.024   11.4   0.7   2   2       2.2   4.3e+02   -2.5   0.1   148   182   258   290   249   296 0.62 -
g378.t2              -            180 1502854at2           -            192     0.026   11.3   0.0   1   1   0.00019     0.037   10.8   0.0     8    26    73    91    67    98 0.84 -
#
# Program:         hmmsearch
# Version:         3.2.1 (June 2018)
# Pipeline mode:   SEARCH
# Query file:      /labs/Wegrzyn/bikash/botany2021/braker/busco_downloads/lineages/bacteria_odb10/hmms/1502854at2.hmm
# Target file:     /labs/Wegrzyn/bikash/botany2021/braker/braker/augustus.hints.aa
# Option settings: /isg/shared/apps/hmmer/3.2.1/bin/hmmsearch --domtblout /labs/Wegrzyn/bikash/botany2021/braker/busco_output/auto_lineage/run_bacteria_odb10/hmmer_output/1502854at2.out --cpu 1 /labs/Wegrzyn/bikash/botany2021/braker/busco_downloads/lineages/bacteria_odb10/hmms/1502854at2.hmm /labs/Wegrzyn/bikash/botany2021/braker/braker/augustus.hints.aa 
# Current dir:     /labs/Wegrzyn/bikash/botany2021/braker
# Date:            Thu Jul 15 15:21:29 2021
# [ok]
