#                                                                            --- full sequence --- -------------- this domain -------------   hmm coord   ali coord   env coord
# target name        accession   tlen query name           accession   qlen   E-value  score  bias   #  of  c-Evalue  i-Evalue  score  bias  from    to  from    to  from    to  acc description of target
#------------------- ---------- ----- -------------------- ---------- ----- --------- ------ ----- --- --- --------- --------- ------ ----- ----- ----- ----- ----- ----- ----- ---- ---------------------
g1109.t1             -            755 182107at2            -            492   2.4e-32  109.2   1.3   1   3   3.6e-28   8.3e-26   87.6   0.1     1   123    66   209    66   224 0.83 -
g1109.t1             -            755 182107at2            -            492   2.4e-32  109.2   1.3   2   3     0.088        20    0.6   0.0    95   160   265   342   253   351 0.67 -
g1109.t1             -            755 182107at2            -            492   2.4e-32  109.2   1.3   3   3   2.4e-06   0.00055   15.6   0.0   180   314   398   539   355   549 0.71 -
g1358.t1             -            417 182107at2            -            492     1e-13   47.7   0.0   1   2    0.0047       1.1    4.7   0.0     3    34     9    41     7    47 0.79 -
g1358.t1             -            417 182107at2            -            492     1e-13   47.7   0.0   2   2   5.2e-14   1.2e-11   40.9   0.0    26   198    59   246    49   261 0.78 -
g1355.t2             -            426 182107at2            -            492   1.1e-13   47.6   0.0   1   2    0.0048       1.1    4.7   0.0     3    34     9    41     7    48 0.80 -
g1355.t2             -            426 182107at2            -            492   1.1e-13   47.6   0.0   2   2   5.5e-14   1.3e-11   40.8   0.0    26   198    59   246    49   261 0.78 -
g1388.t1             -            450 182107at2            -            492   1.3e-13   47.4   0.1   1   1   1.4e-15   3.1e-13   46.1   0.1     3   205    66   308    65   339 0.70 -
g1573.t1             -            487 182107at2            -            492   1.7e-13   47.0   0.7   1   2   6.6e-14   1.5e-11   40.6   0.1     3   116    91   221    90   267 0.76 -
g1573.t1             -            487 182107at2            -            492   1.7e-13   47.0   0.7   2   2    0.0039      0.89    5.0   0.1   143   217   275   353   257   372 0.74 -
g1355.t1             -            222 182107at2            -            492   1.3e-12   44.1   0.1   1   2     0.002      0.46    6.0   0.0     3    34     9    41     7    47 0.80 -
g1355.t1             -            222 182107at2            -            492   1.3e-12   44.1   0.1   2   2   1.3e-12   2.9e-10   36.3   0.0    25   120    58   165    47   183 0.75 -
g1357.t1             -            441 182107at2            -            492   1.1e-11   41.0   0.1   1   2    0.0052       1.2    4.6   0.0     3    34     9    41     7    46 0.79 -
g1357.t1             -            441 182107at2            -            492   1.1e-11   41.0   0.1   2   2   5.6e-12   1.3e-09   34.2   0.0    26   120    59   165    47   183 0.75 -
g1353.t1             -            450 182107at2            -            492   1.2e-11   40.9   0.1   1   2    0.0053       1.2    4.6   0.0     3    34     9    41     7    46 0.79 -
g1353.t1             -            450 182107at2            -            492   1.2e-11   40.9   0.1   2   2   5.8e-12   1.3e-09   34.1   0.0    26   120    59   165    47   183 0.75 -
g240.t1              -            464 182107at2            -            492   4.8e-10   35.6   2.6   1   2   9.1e-05     0.021   10.4   0.1     3    43    34    73    32    86 0.80 -
g240.t1              -            464 182107at2            -            492   4.8e-10   35.6   2.6   2   2   3.1e-09   7.1e-07   25.1   0.5    49   162   121   242   113   295 0.68 -
g204.t1              -            200 182107at2            -            492    0.0049   12.5   0.0   1   1   2.7e-05    0.0062   12.1   0.0    10   168    16   185     9   191 0.69 -
g421.t1              -            512 182107at2            -            492    0.0092   11.6   0.0   1   1   5.9e-05     0.014   11.0   0.0   273   365    75   161    69   176 0.77 -
#
# Program:         hmmsearch
# Version:         3.2.1 (June 2018)
# Pipeline mode:   SEARCH
# Query file:      /labs/Wegrzyn/bikash/botany2021/braker/busco_downloads/lineages/bacteria_odb10/hmms/182107at2.hmm
# Target file:     /labs/Wegrzyn/bikash/botany2021/braker/braker/augustus.hints.aa
# Option settings: /isg/shared/apps/hmmer/3.2.1/bin/hmmsearch --domtblout /labs/Wegrzyn/bikash/botany2021/braker/busco_output/auto_lineage/run_bacteria_odb10/hmmer_output/182107at2.out --cpu 1 /labs/Wegrzyn/bikash/botany2021/braker/busco_downloads/lineages/bacteria_odb10/hmms/182107at2.hmm /labs/Wegrzyn/bikash/botany2021/braker/braker/augustus.hints.aa 
# Current dir:     /labs/Wegrzyn/bikash/botany2021/braker
# Date:            Thu Jul 15 15:21:31 2021
# [ok]
