#                                                                            --- full sequence --- -------------- this domain -------------   hmm coord   ali coord   env coord
# target name        accession   tlen query name           accession   qlen   E-value  score  bias   #  of  c-Evalue  i-Evalue  score  bias  from    to  from    to  from    to  acc description of target
#------------------- ---------- ----- -------------------- ---------- ----- --------- ------ ----- --- --- --------- --------- ------ ----- ----- ----- ----- ----- ----- ----- ---- ---------------------
g1944.t1             -            407 219876at2            -            282   0.00014   18.5   0.0   1   2   1.1e-05     0.004   13.8   0.0    50    77   122   149   116   160 0.88 -
g1944.t1             -            407 219876at2            -            282   0.00014   18.5   0.0   2   2     0.033        12    2.3   0.0   113   164   218   266   212   276 0.85 -
g602.t1              -            416 219876at2            -            282   0.00027   17.6   0.0   1   2      0.52   1.9e+02   -1.6   0.0   153   206    37    59     3    93 0.54 -
g602.t1              -            416 219876at2            -            282   0.00027   17.6   0.0   2   2   2.5e-06    0.0009   15.9   0.0    48    86   197   237   183   274 0.79 -
g1276.t1             -            411 219876at2            -            282   0.00049   16.7   0.0   1   1     3e-06    0.0011   15.6   0.0    46    86   185   227   179   240 0.75 -
g1958.t1             -           1258 219876at2            -            282    0.0014   15.2   0.0   1   1   7.4e-06    0.0027   14.3   0.0   158   236   958  1036   934  1042 0.93 -
g154.t1              -            492 219876at2            -            282    0.0019   14.8   0.0   1   2   2.1e-05    0.0074   12.9   0.0    48    71   147   170   116   204 0.76 -
g154.t1              -            492 219876at2            -            282    0.0019   14.8   0.0   2   2      0.42   1.5e+02   -1.3   0.0   105   133   231   259   216   272 0.81 -
g1224.t1             -            911 219876at2            -            282    0.0076   12.8   0.1   1   2      0.44   1.6e+02   -1.4   0.1    50    73   358   381   353   399 0.75 -
g1224.t1             -            911 219876at2            -            282    0.0076   12.8   0.1   2   2     9e-05     0.032   10.8   0.0    50    88   666   706   661   714 0.71 -
g1823.t1             -            427 219876at2            -            282      0.04   10.5   0.1   1   1   0.00017     0.062    9.8   0.1    50    74    24    48    21    53 0.87 -
#
# Program:         hmmsearch
# Version:         3.2.1 (June 2018)
# Pipeline mode:   SEARCH
# Query file:      /labs/Wegrzyn/bikash/botany2021/braker/busco_downloads/lineages/bacteria_odb10/hmms/219876at2.hmm
# Target file:     /labs/Wegrzyn/bikash/botany2021/braker/braker/augustus.hints.aa
# Option settings: /isg/shared/apps/hmmer/3.2.1/bin/hmmsearch --domtblout /labs/Wegrzyn/bikash/botany2021/braker/busco_output/auto_lineage/run_bacteria_odb10/hmmer_output/219876at2.out --cpu 1 /labs/Wegrzyn/bikash/botany2021/braker/busco_downloads/lineages/bacteria_odb10/hmms/219876at2.hmm /labs/Wegrzyn/bikash/botany2021/braker/braker/augustus.hints.aa 
# Current dir:     /labs/Wegrzyn/bikash/botany2021/braker
# Date:            Thu Jul 15 15:21:33 2021
# [ok]
