#                                                                            --- full sequence --- -------------- this domain -------------   hmm coord   ali coord   env coord
# target name        accession   tlen query name           accession   qlen   E-value  score  bias   #  of  c-Evalue  i-Evalue  score  bias  from    to  from    to  from    to  acc description of target
#------------------- ---------- ----- -------------------- ---------- ----- --------- ------ ----- --- --- --------- --------- ------ ----- ----- ----- ----- ----- ----- ----- ---- ---------------------
g1224.t1             -            911 874197at2            -            274   2.9e-08   30.4   0.0   1   2     0.053       7.9    2.7   0.0    37    67   357   387   351   404 0.86 -
g1224.t1             -            911 874197at2            -            274   2.9e-08   30.4   0.0   2   2   9.5e-09   1.4e-06   24.9   0.0    37   121   665   757   653   816 0.69 -
g1944.t1             -            407 874197at2            -            274   5.5e-08   29.5   0.0   1   1     6e-10   8.8e-08   28.8   0.0    36    99   120   191   110   245 0.70 -
g1274.t1             -            529 874197at2            -            274     2e-07   27.6   0.0   1   1   2.5e-09   3.8e-07   26.7   0.0    36    99   263   334   255   338 0.75 -
g1276.t1             -            411 874197at2            -            274   8.7e-07   25.6   0.0   1   1   9.8e-09   1.5e-06   24.8   0.0    36    96   187   255   162   263 0.76 -
g602.t1              -            416 874197at2            -            274   1.3e-06   25.0   0.0   1   1   1.4e-08   2.1e-06   24.3   0.0    35    98   196   267   169   321 0.73 -
g1782.t1             -           2776 874197at2            -            274   7.3e-06   22.5   0.0   1   1   8.9e-08   1.3e-05   21.7   0.0    19   101   371   461   359   515 0.69 -
g708.t1              -            362 874197at2            -            274   1.2e-05   21.8   0.1   1   2      0.86   1.3e+02   -1.2   0.0     5    28   155   179   152   185 0.78 -
g708.t1              -            362 874197at2            -            274   1.2e-05   21.8   0.1   2   2   3.3e-07   4.9e-05   19.8   0.0    36    99   208   285   199   296 0.73 -
g1936.t1             -            628 874197at2            -            274   1.7e-05   21.4   0.0   1   1   1.9e-07   2.9e-05   20.6   0.0    18    99   369   458   361   513 0.73 -
g1938.t1             -            791 874197at2            -            274   1.8e-05   21.3   0.0   1   1   2.8e-07   4.2e-05   20.0   0.0    31    96   372   445   341   450 0.71 -
g708.t2              -            609 874197at2            -            274   3.5e-05   20.3   0.1   1   2       1.8   2.6e+02   -2.3   0.0     6    27   156   178   152   183 0.77 -
g708.t2              -            609 874197at2            -            274   3.5e-05   20.3   0.1   2   2   7.4e-07   0.00011   18.7   0.0    36    99   208   285   199   296 0.73 -
g1747.t1             -            500 874197at2            -            274   4.4e-05   20.0   0.0   1   1   4.9e-07   7.3e-05   19.2   0.0    36    95   238   297   211   303 0.89 -
g2027.t1             -            784 874197at2            -            274     7e-05   19.3   0.0   1   1   8.4e-07   0.00013   18.5   0.0    35    95   366   434   330   439 0.67 -
g1878.t1             -            561 874197at2            -            274    0.0001   18.7   0.0   1   1   1.2e-06   0.00018   18.0   0.0    37    95   251   309   240   314 0.93 -
g613.t1              -           1207 874197at2            -            274    0.0022   14.4   0.0   1   1   3.2e-05    0.0048   13.3   0.0    36    99   422   498   414   557 0.54 -
g1600.t1             -           1456 874197at2            -            274     0.021   11.2   1.2   1   2   0.00072      0.11    8.9   0.0    37    65   202   230   187   236 0.88 -
g1600.t1             -           1456 874197at2            -            274     0.021   11.2   1.2   2   2      0.29        44    0.3   0.2    40    57   896   913   891   928 0.85 -
g1273.t1             -            836 874197at2            -            274     0.033   10.5   0.0   1   1   0.00036     0.054    9.8   0.0    25    60   311   346   296   363 0.77 -
g1273.t2             -            834 874197at2            -            274     0.033   10.5   0.0   1   1   0.00036     0.053    9.9   0.0    25    60   309   344   294   362 0.77 -
#
# Program:         hmmsearch
# Version:         3.2.1 (June 2018)
# Pipeline mode:   SEARCH
# Query file:      /labs/Wegrzyn/bikash/botany2021/braker/busco_downloads/lineages/bacteria_odb10/hmms/874197at2.hmm
# Target file:     /labs/Wegrzyn/bikash/botany2021/braker/braker/augustus.hints.aa
# Option settings: /isg/shared/apps/hmmer/3.2.1/bin/hmmsearch --domtblout /labs/Wegrzyn/bikash/botany2021/braker/busco_output/auto_lineage/run_bacteria_odb10/hmmer_output/874197at2.out --cpu 1 /labs/Wegrzyn/bikash/botany2021/braker/busco_downloads/lineages/bacteria_odb10/hmms/874197at2.hmm /labs/Wegrzyn/bikash/botany2021/braker/braker/augustus.hints.aa 
# Current dir:     /labs/Wegrzyn/bikash/botany2021/braker
# Date:            Thu Jul 15 15:21:35 2021
# [ok]
