#                                                                            --- full sequence --- -------------- this domain -------------   hmm coord   ali coord   env coord
# target name        accession   tlen query name           accession   qlen   E-value  score  bias   #  of  c-Evalue  i-Evalue  score  bias  from    to  from    to  from    to  acc description of target
#------------------- ---------- ----- -------------------- ---------- ----- --------- ------ ----- --- --- --------- --------- ------ ----- ----- ----- ----- ----- ----- ----- ---- ---------------------
g1650.t1             -           1040 95696at2             -            490   1.7e-07   27.5   0.0   1   2     0.023       9.8    1.8   0.0     7    46   692   738   688   743 0.76 -
g1650.t1             -           1040 95696at2             -            490   1.7e-07   27.5   0.0   2   2   9.2e-09   3.8e-06   23.0   0.0   339   444   888   991   881  1007 0.80 -
g1241.t1             -            695 95696at2             -            490   1.3e-05   21.3   0.0   1   1   5.3e-08   2.2e-05   20.5   0.0   338   442   372   470   346   517 0.75 -
g1148.t2             -            540 95696at2             -            490   2.8e-05   20.1   0.0   1   1   1.2e-07   5.2e-05   19.2   0.0   336   416   402   482   388   503 0.86 -
g1148.t1             -            541 95696at2             -            490   2.8e-05   20.1   0.0   1   1   1.2e-07   5.2e-05   19.2   0.0   336   416   403   483   389   504 0.86 -
g2068.t1             -            602 95696at2             -            490    0.0035   13.2   0.1   1   2       0.4   1.7e+02   -2.2   0.0     6    43   231   277   227   280 0.60 -
g2068.t1             -            602 95696at2             -            490    0.0035   13.2   0.1   2   2   2.3e-05    0.0095   11.8   0.0   357   436   450   524   427   539 0.81 -
g2068.t2             -            604 95696at2             -            490    0.0035   13.2   0.1   1   2       0.4   1.7e+02   -2.2   0.0     6    43   233   279   229   282 0.60 -
g2068.t2             -            604 95696at2             -            490    0.0035   13.2   0.1   2   2   2.3e-05    0.0096   11.8   0.0   357   436   452   526   429   541 0.81 -
#
# Program:         hmmsearch
# Version:         3.2.1 (June 2018)
# Pipeline mode:   SEARCH
# Query file:      /labs/Wegrzyn/bikash/botany2021/braker/busco_downloads/lineages/bacteria_odb10/hmms/95696at2.hmm
# Target file:     /labs/Wegrzyn/bikash/botany2021/braker/braker/augustus.hints.aa
# Option settings: /isg/shared/apps/hmmer/3.2.1/bin/hmmsearch --domtblout /labs/Wegrzyn/bikash/botany2021/braker/busco_output/auto_lineage/run_bacteria_odb10/hmmer_output/95696at2.out --cpu 1 /labs/Wegrzyn/bikash/botany2021/braker/busco_downloads/lineages/bacteria_odb10/hmms/95696at2.hmm /labs/Wegrzyn/bikash/botany2021/braker/braker/augustus.hints.aa 
# Current dir:     /labs/Wegrzyn/bikash/botany2021/braker
# Date:            Thu Jul 15 15:21:35 2021
# [ok]
